11:51:15 **** Build of project system_wrapper ****
buildplatform.sh 38895 system_wrapper  
XSDB Server Channel: tcfchan#1
Reading the platform  : "system_wrapper"
Building the BSP Library for domain  - standalone_microblaze_0 on processor microblaze_0
make --no-print-directory seq_libs

Finished building libraries sequentially.

make -j 6 --no-print-directory par_libs

Running Make include in microblaze_0/libsrc/cpu_v2_13/src

make -C microblaze_0/libsrc/cpu_v2_13/src -s include  "SHELL=/bin/sh" "COMPILER=mb-gcc" "ASSEMBLER=mb-as" "ARCHIVER=mb-ar" "COM
PILER_FLAGS=  -O2 -c -mcpu=v11.0 -mlittle-endian -mxl-soft-mul" "EXTRA_COMPILER_FLAGS=-g -ffunction-sections -fdata-sections -W
all -Wextra -fno-tree-loop-distribute-patterns"

Running Make include in microblaze_0/libsrc/standalone_v7_5/src

Running Make include in microblaze_0/libsrc/gpio_v4_8/src

Running Make include in microblaze_0/libsrc/uartlite_v3_6/src

make -C microblaze_0/libsrc/standalone_v7_5/src -s include  "SHELL=/bin/sh" "COMPILER=mb-gcc" "ASSEMBLER=mb-as" "ARCHIVER=mb-ar
" "COMPILER_FLAGS=  -O2 -c -mcpu=v11.0 -mlittle-endian -mxl-soft-mul" "EXTRA_COMPILER_FLAGS=-g -ffunction-sections -fdata-secti
ons -Wall -Wextra -fno-tree-loop-distribute-patterns"

Running Make include in microblaze_0/libsrc/bram_v4_6/src

make -C microblaze_0/libsrc/gpio_v4_8/src -s include  "SHELL=/bin/sh" "COMPILER=mb-gcc" "ASSEMBLER=mb-as" "ARCHIVER=mb-ar" "COM
PILER_FLAGS=  -O2 -c -mcpu=v11.0 -mlittle-endian -mxl-soft-mul" "EXTRA_COMPILER_FLAGS=-g -ffunction-sections -fdata-sections -W
all -Wextra -fno-tree-loop-distribute-patterns"

make -C microblaze_0/libsrc/uartlite_v3_6/src -s include  "SHELL=/bin/sh" "COMPILER=mb-gcc" "ASSEMBLER=mb-as" "ARCHIVER=mb-ar" 
"COMPILER_FLAGS=  -O2 -c -mcpu=v11.0 -mlittle-endian -mxl-soft-mul" "EXTRA_COMPILER_FLAGS=-g -ffunction-sections -fdata-section
s -Wall -Wextra -fno-tree-loop-distribute-patterns"

make -C microblaze_0/libsrc/bram_v4_6/src -s include  "SHELL=/bin/sh" "COMPILER=mb-gcc" "ASSEMBLER=mb-as" "ARCHIVER=mb-ar" "COM
PILER_FLAGS=  -O2 -c -mcpu=v11.0 -mlittle-endian -mxl-soft-mul" "EXTRA_COMPILER_FLAGS=-g -ffunction-sections -fdata-sections -W
all -Wextra -fno-tree-loop-distribute-patterns"

Running Make libs in microblaze_0/libsrc/cpu_v2_13/src

Running Make libs in microblaze_0/libsrc/standalone_v7_5/src

make -C microblaze_0/libsrc/cpu_v2_13/src -s libs  "SHELL=/bin/sh" "COMPILER=mb-gcc" "ASSEMBLER=mb-as" "ARCHIVER=mb-ar" "COMPIL
ER_FLAGS=  -O2 -c -mcpu=v11.0 -mlittle-endian -mxl-soft-mul" "EXTRA_COMPILER_FLAGS=-g -ffunction-sections -fdata-sections -Wall
 -Wextra -fno-tree-loop-distribute-patterns"

make -C microblaze_0/libsrc/standalone_v7_5/src -s libs  "SHELL=/bin/sh" "COMPILER=mb-gcc" "ASSEMBLER=mb-as" "ARCHIVER=mb-ar" "
COMPILER_FLAGS=  -O2 -c -mcpu=v11.0 -mlittle-endian -mxl-soft-mul" "EXTRA_COMPILER_FLAGS=-g -ffunction-sections -fdata-sections
 -Wall -Wextra -fno-tree-loop-distribute-patterns"

Running Make libs in microblaze_0/libsrc/gpio_v4_8/src

make -C microblaze_0/libsrc/gpio_v4_8/src -s libs  "SHELL=/bin/sh" "COMPILER=mb-gcc" "ASSEMBLER=mb-as" "ARCHIVER=mb-ar" "COMPIL
ER_FLAGS=  -O2 -c -mcpu=v11.0 -mlittle-endian -mxl-soft-mul" "EXTRA_COMPILER_FLAGS=-g -ffunction-sections -fdata-sections -Wall
 -Wextra -fno-tree-loop-distribute-patterns"

Running Make libs in microblaze_0/libsrc/uartlite_v3_6/src

make -C microblaze_0/libsrc/uartlite_v3_6/src -s libs  "SHELL=/bin/sh" "COMPILER=mb-gcc" "ASSEMBLER=mb-as" "ARCHIVER=mb-ar" "CO
MPILER_FLAGS=  -O2 -c -mcpu=v11.0 -mlittle-endian -mxl-soft-mul" "EXTRA_COMPILER_FLAGS=-g -ffunction-sections -fdata-sections -
Wall -Wextra -fno-tree-loop-distribute-patterns"

Running Make libs in microblaze_0/libsrc/bram_v4_6/src

make -C microblaze_0/libsrc/bram_v4_6/src -s libs  "SHELL=/bin/sh" "COMPILER=mb-gcc" "ASSEMBLER=mb-as" "ARCHIVER=mb-ar" "COMPIL
ER_FLAGS=  -O2 -c -mcpu=v11.0 -mlittle-endian -mxl-soft-mul" "EXTRA_COMPILER_FLAGS=-g -ffunction-sections -fdata-sections -Wall
 -Wextra -fno-tree-loop-distribute-patterns"

Finished building libraries parallelly.

make --no-print-directory archive

mb-ar -r  microblaze_0/lib/libxil.a microblaze_0/lib/xgpio_extra.o microblaze_0/lib/microblaze_enable_interrupts.o microblaze_0
/lib/xil_assert.o microblaze_0/lib/xgpio_sinit.o microblaze_0/lib/xil_clocking.o microblaze_0/lib/microblaze_flush_dcache.o mic
roblaze_0/lib/microblaze_update_icache.o microblaze_0/lib/xil_testmem.o microblaze_0/lib/xgpio.o microblaze_0/lib/xil_exception
.o microblaze_0/lib/microblaze_invalidate_cache_ext_range.o microblaze_0/lib/microblaze_disable_exceptions.o microblaze_0/lib/x
uartlite_stats.o microblaze_0/lib/xuartlite_l.o microblaze_0/lib/errno.o microblaze_0/lib/microblaze_init_dcache_range.o microb
laze_0/lib/xuartlite_intr.o microblaze_0/lib/xbram.o microblaze_0/lib/microblaze_enable_dcache.o microblaze_0/lib/xio.o microbl
aze_0/lib/microblaze_enable_exceptions.o microblaze_0/lib/microblaze_interrupts_g.o microblaze_0/lib/xbram_g.o microblaze_0/lib
/xil_testcache.o microblaze_0/lib/xil_util.o microblaze_0/lib/xuartlite_selftest.o microblaze_0/lib/microblaze_selftest.o micro
blaze_0/lib/hw_exception_handler.o microblaze_0/lib/xuartlite_sinit.o microblaze_0/lib/microblaze_sleep.o microblaze_0/lib/micr
oblaze_invalidate_cache_ext.o microblaze_0/lib/xuartlite_g.o microblaze_0/lib/microblaze_invalidate_dcache_range.o microblaze_0
/lib/xgpio_intr.o microblaze_0/lib/microblaze_invalidate_icache.o microblaze_0/lib/outbyte.o microblaze_0/lib/microblaze_flush_
dcache_range.o microblaze_0/lib/xil_sleepcommon.o microblaze_0/lib/xbram_intr.o microblaze_0/lib/microblaze_update_dcache.o mic
roblaze_0/lib/microblaze_flush_cache_ext_range.o microblaze_0/lib/xil_mem.o microblaze_0/lib/xgpio_g.o microblaze_0/lib/microbl
aze_disable_icache.o microblaze_0/lib/microblaze_interrupt_handler.o microblaze_0/lib/xbram_selftest.o microblaze_0/lib/microbl
aze_disable_interrupts.o microblaze_0/lib/microblaze_invalidate_dcache.o microblaze_0/lib/microblaze_scrub.o microblaze_0/lib/m
icroblaze_exception_handler.o microblaze_0/lib/inbyte.o microblaze_0/lib/xil_cache.o microblaze_0/lib/xil_misc_psreset_api.o mi
croblaze_0/lib/xbram_sinit.o microblaze_0/lib/microblaze_flush_cache_ext.o microblaze_0/lib/microblaze_disable_dcache.o microbl
aze_0/lib/xil_testio.o microblaze_0/lib/_exit.o microblaze_0/lib/print.o microblaze_0/lib/pvr.o microblaze_0/lib/xuartlite.o mi
croblaze_0/lib/xplatform_info.o microblaze_0/lib/microblaze_invalidate_icache_range.o microblaze_0/lib/xil_printf.o microblaze_
0/lib/xgpio_selftest.o microblaze_0/lib/fcntl.o microblaze_0/lib/microblaze_init_icache_range.o microblaze_0/lib/microblaze_ena
ble_icache.o

Finished building libraries


11:51:21 Build Finished (took 6s.366ms)

