
*** Running vivado
    with args -log system_xbar_0.vds -m64 -product Vivado -mode batch -messageDb vivado.pb -notrace -source system_xbar_0.tcl


****** Vivado v2021.1 (64-bit)
  **** SW Build 3247384 on Thu Jun 10 19:36:07 MDT 2021
  **** IP Build 3246043 on Fri Jun 11 00:30:35 MDT 2021
    ** Copyright 1986-2021 Xilinx, Inc. All Rights Reserved.

source system_xbar_0.tcl -notrace
INFO: [IP_Flow 19-234] Refreshing IP repositories
INFO: [IP_Flow 19-1700] Loaded user IP repository '/home/pablo/Documentos/02_Maestria_en_Sistemas_Embebidos/21_Sistemas_Digitales_para_las_Comunicaciones/workspace/ip_repo'.
WARNING: [IP_Flow 19-3685] Ignored loading user repository '/home/pablo/Documentos/02_Maestria_en_Sistemas_Embebidos/21_Sistemas_Digitales_para_las_Comunicaciones/workspace/ip_repo/led_ip_1.0'. The path is contained within another repository.
WARNING: [IP_Flow 19-3685] Ignored loading user repository '/home/pablo/Documentos/02_Maestria_en_Sistemas_Embebidos/21_Sistemas_Digitales_para_las_Comunicaciones/workspace/ip_repo/data16_ip_1.0'. The path is contained within another repository.
WARNING: [IP_Flow 19-3685] Ignored loading user repository '/home/pablo/Documentos/02_Maestria_en_Sistemas_Embebidos/21_Sistemas_Digitales_para_las_Comunicaciones/workspace/ip_repo/data8_ip_1.0'. The path is contained within another repository.
WARNING: [IP_Flow 19-3685] Ignored loading user repository '/home/pablo/Documentos/02_Maestria_en_Sistemas_Embebidos/21_Sistemas_Digitales_para_las_Comunicaciones/workspace/ip_repo/data16_ip_1_2'. The path is contained within another repository.
INFO: [IP_Flow 19-2313] Loaded Vivado IP repository '/tools/Xilinx/Vivado/2021.1/data/ip'.
WARNING: [IP_Flow 19-1663] Duplicate IP found for 'user.org:user:data8_ip:1.0'. The one found in IP location '/home/pablo/Documentos/02_Maestria_en_Sistemas_Embebidos/21_Sistemas_Digitales_para_las_Comunicaciones/workspace/ip_repo/data8_ip_1.0' will take precedence over the same IP in locations: 
   /home/pablo/Documentos/02_Maestria_en_Sistemas_Embebidos/21_Sistemas_Digitales_para_las_Comunicaciones/workspace/ip_repo/data8_ip_1_1
   /home/pablo/Documentos/02_Maestria_en_Sistemas_Embebidos/21_Sistemas_Digitales_para_las_Comunicaciones/workspace/ip_repo/data8_ip_1
WARNING: [IP_Flow 19-1663] Duplicate IP found for 'user.org:user:data16_ip:1.0'. The one found in IP location '/home/pablo/Documentos/02_Maestria_en_Sistemas_Embebidos/21_Sistemas_Digitales_para_las_Comunicaciones/workspace/ip_repo/data16_ip_1.0' will take precedence over the same IP in locations: 
   /home/pablo/Documentos/02_Maestria_en_Sistemas_Embebidos/21_Sistemas_Digitales_para_las_Comunicaciones/workspace/ip_repo/data16_ip_1_2
   /home/pablo/Documentos/02_Maestria_en_Sistemas_Embebidos/21_Sistemas_Digitales_para_las_Comunicaciones/workspace/ip_repo/data16_ip_1
   /home/pablo/Documentos/02_Maestria_en_Sistemas_Embebidos/21_Sistemas_Digitales_para_las_Comunicaciones/workspace/ip_repo/data16_ip_1_1
Command: synth_design -top system_xbar_0 -part xc7a35ticsg324-1L -mode out_of_context
Starting synth_design
Attempting to get a license for feature 'Synthesis' and/or device 'xc7a35ti'
INFO: [Common 17-349] Got license for feature 'Synthesis' and/or device 'xc7a35ti'
INFO: [Device 21-403] Loading part xc7a35ticsg324-1L
INFO: [Synth 8-7079] Multithreading enabled for synth_design using a maximum of 4 processes.
INFO: [Synth 8-7078] Launching helper process for spawning children vivado processes
INFO: [Synth 8-7075] Helper process launched with PID 30220
---------------------------------------------------------------------------------
Starting RTL Elaboration : Time (s): cpu = 00:00:07 ; elapsed = 00:00:08 . Memory (MB): peak = 2374.988 ; gain = 0.000 ; free physical = 158 ; free virtual = 2484
---------------------------------------------------------------------------------
INFO: [Synth 8-6157] synthesizing module 'system_xbar_0' [/home/pablo/Documentos/02_Maestria_en_Sistemas_Embebidos/21_Sistemas_Digitales_para_las_Comunicaciones/workspace2/micro_2/micro_2.gen/sources_1/bd/system/ip/system_xbar_0/synth/system_xbar_0.v:59]
INFO: [Synth 8-6157] synthesizing module 'axi_crossbar_v2_1_25_axi_crossbar' [/home/pablo/Documentos/02_Maestria_en_Sistemas_Embebidos/21_Sistemas_Digitales_para_las_Comunicaciones/workspace2/micro_2/micro_2.gen/sources_1/bd/system/ipshared/3917/hdl/axi_crossbar_v2_1_vl_rfs.v:4884]
INFO: [Synth 8-6157] synthesizing module 'axi_crossbar_v2_1_25_crossbar_sasd' [/home/pablo/Documentos/02_Maestria_en_Sistemas_Embebidos/21_Sistemas_Digitales_para_las_Comunicaciones/workspace2/micro_2/micro_2.gen/sources_1/bd/system/ipshared/3917/hdl/axi_crossbar_v2_1_vl_rfs.v:1240]
INFO: [Synth 8-6157] synthesizing module 'axi_crossbar_v2_1_25_addr_decoder' [/home/pablo/Documentos/02_Maestria_en_Sistemas_Embebidos/21_Sistemas_Digitales_para_las_Comunicaciones/workspace2/micro_2/micro_2.gen/sources_1/bd/system/ipshared/3917/hdl/axi_crossbar_v2_1_vl_rfs.v:794]
INFO: [Synth 8-6157] synthesizing module 'generic_baseblocks_v2_1_0_comparator_static' [/home/pablo/Documentos/02_Maestria_en_Sistemas_Embebidos/21_Sistemas_Digitales_para_las_Comunicaciones/workspace2/micro_2/micro_2.gen/sources_1/bd/system/ipshared/b752/hdl/generic_baseblocks_v2_1_vl_rfs.v:2133]
INFO: [Synth 8-6157] synthesizing module 'generic_baseblocks_v2_1_0_carry_and' [/home/pablo/Documentos/02_Maestria_en_Sistemas_Embebidos/21_Sistemas_Digitales_para_las_Comunicaciones/workspace2/micro_2/micro_2.gen/sources_1/bd/system/ipshared/b752/hdl/generic_baseblocks_v2_1_vl_rfs.v:62]
INFO: [Synth 8-6155] done synthesizing module 'generic_baseblocks_v2_1_0_carry_and' (1#1) [/home/pablo/Documentos/02_Maestria_en_Sistemas_Embebidos/21_Sistemas_Digitales_para_las_Comunicaciones/workspace2/micro_2/micro_2.gen/sources_1/bd/system/ipshared/b752/hdl/generic_baseblocks_v2_1_vl_rfs.v:62]
INFO: [Synth 8-6155] done synthesizing module 'generic_baseblocks_v2_1_0_comparator_static' (2#1) [/home/pablo/Documentos/02_Maestria_en_Sistemas_Embebidos/21_Sistemas_Digitales_para_las_Comunicaciones/workspace2/micro_2/micro_2.gen/sources_1/bd/system/ipshared/b752/hdl/generic_baseblocks_v2_1_vl_rfs.v:2133]
INFO: [Synth 8-6157] synthesizing module 'generic_baseblocks_v2_1_0_comparator_static__parameterized0' [/home/pablo/Documentos/02_Maestria_en_Sistemas_Embebidos/21_Sistemas_Digitales_para_las_Comunicaciones/workspace2/micro_2/micro_2.gen/sources_1/bd/system/ipshared/b752/hdl/generic_baseblocks_v2_1_vl_rfs.v:2133]
INFO: [Synth 8-6155] done synthesizing module 'generic_baseblocks_v2_1_0_comparator_static__parameterized0' (2#1) [/home/pablo/Documentos/02_Maestria_en_Sistemas_Embebidos/21_Sistemas_Digitales_para_las_Comunicaciones/workspace2/micro_2/micro_2.gen/sources_1/bd/system/ipshared/b752/hdl/generic_baseblocks_v2_1_vl_rfs.v:2133]
INFO: [Synth 8-6157] synthesizing module 'generic_baseblocks_v2_1_0_comparator_static__parameterized1' [/home/pablo/Documentos/02_Maestria_en_Sistemas_Embebidos/21_Sistemas_Digitales_para_las_Comunicaciones/workspace2/micro_2/micro_2.gen/sources_1/bd/system/ipshared/b752/hdl/generic_baseblocks_v2_1_vl_rfs.v:2133]
INFO: [Synth 8-6155] done synthesizing module 'generic_baseblocks_v2_1_0_comparator_static__parameterized1' (2#1) [/home/pablo/Documentos/02_Maestria_en_Sistemas_Embebidos/21_Sistemas_Digitales_para_las_Comunicaciones/workspace2/micro_2/micro_2.gen/sources_1/bd/system/ipshared/b752/hdl/generic_baseblocks_v2_1_vl_rfs.v:2133]
INFO: [Synth 8-6155] done synthesizing module 'axi_crossbar_v2_1_25_addr_decoder' (3#1) [/home/pablo/Documentos/02_Maestria_en_Sistemas_Embebidos/21_Sistemas_Digitales_para_las_Comunicaciones/workspace2/micro_2/micro_2.gen/sources_1/bd/system/ipshared/3917/hdl/axi_crossbar_v2_1_vl_rfs.v:794]
INFO: [Synth 8-6157] synthesizing module 'axi_crossbar_v2_1_25_decerr_slave' [/home/pablo/Documentos/02_Maestria_en_Sistemas_Embebidos/21_Sistemas_Digitales_para_las_Comunicaciones/workspace2/micro_2/micro_2.gen/sources_1/bd/system/ipshared/3917/hdl/axi_crossbar_v2_1_vl_rfs.v:3501]
INFO: [Synth 8-6155] done synthesizing module 'axi_crossbar_v2_1_25_decerr_slave' (4#1) [/home/pablo/Documentos/02_Maestria_en_Sistemas_Embebidos/21_Sistemas_Digitales_para_las_Comunicaciones/workspace2/micro_2/micro_2.gen/sources_1/bd/system/ipshared/3917/hdl/axi_crossbar_v2_1_vl_rfs.v:3501]
INFO: [Synth 8-6157] synthesizing module 'axi_crossbar_v2_1_25_addr_arbiter_sasd' [/home/pablo/Documentos/02_Maestria_en_Sistemas_Embebidos/21_Sistemas_Digitales_para_las_Comunicaciones/workspace2/micro_2/micro_2.gen/sources_1/bd/system/ipshared/3917/hdl/axi_crossbar_v2_1_vl_rfs.v:65]
INFO: [Synth 8-6155] done synthesizing module 'axi_crossbar_v2_1_25_addr_arbiter_sasd' (5#1) [/home/pablo/Documentos/02_Maestria_en_Sistemas_Embebidos/21_Sistemas_Digitales_para_las_Comunicaciones/workspace2/micro_2/micro_2.gen/sources_1/bd/system/ipshared/3917/hdl/axi_crossbar_v2_1_vl_rfs.v:65]
INFO: [Synth 8-6157] synthesizing module 'axi_crossbar_v2_1_25_splitter' [/home/pablo/Documentos/02_Maestria_en_Sistemas_Embebidos/21_Sistemas_Digitales_para_las_Comunicaciones/workspace2/micro_2/micro_2.gen/sources_1/bd/system/ipshared/3917/hdl/axi_crossbar_v2_1_vl_rfs.v:4461]
INFO: [Synth 8-6155] done synthesizing module 'axi_crossbar_v2_1_25_splitter' (6#1) [/home/pablo/Documentos/02_Maestria_en_Sistemas_Embebidos/21_Sistemas_Digitales_para_las_Comunicaciones/workspace2/micro_2/micro_2.gen/sources_1/bd/system/ipshared/3917/hdl/axi_crossbar_v2_1_vl_rfs.v:4461]
INFO: [Synth 8-6157] synthesizing module 'axi_crossbar_v2_1_25_splitter__parameterized0' [/home/pablo/Documentos/02_Maestria_en_Sistemas_Embebidos/21_Sistemas_Digitales_para_las_Comunicaciones/workspace2/micro_2/micro_2.gen/sources_1/bd/system/ipshared/3917/hdl/axi_crossbar_v2_1_vl_rfs.v:4461]
INFO: [Synth 8-6155] done synthesizing module 'axi_crossbar_v2_1_25_splitter__parameterized0' (6#1) [/home/pablo/Documentos/02_Maestria_en_Sistemas_Embebidos/21_Sistemas_Digitales_para_las_Comunicaciones/workspace2/micro_2/micro_2.gen/sources_1/bd/system/ipshared/3917/hdl/axi_crossbar_v2_1_vl_rfs.v:4461]
INFO: [Synth 8-6157] synthesizing module 'generic_baseblocks_v2_1_0_mux_enc' [/home/pablo/Documentos/02_Maestria_en_Sistemas_Embebidos/21_Sistemas_Digitales_para_las_Comunicaciones/workspace2/micro_2/micro_2.gen/sources_1/bd/system/ipshared/b752/hdl/generic_baseblocks_v2_1_vl_rfs.v:2452]
INFO: [Synth 8-6155] done synthesizing module 'generic_baseblocks_v2_1_0_mux_enc' (7#1) [/home/pablo/Documentos/02_Maestria_en_Sistemas_Embebidos/21_Sistemas_Digitales_para_las_Comunicaciones/workspace2/micro_2/micro_2.gen/sources_1/bd/system/ipshared/b752/hdl/generic_baseblocks_v2_1_vl_rfs.v:2452]
INFO: [Synth 8-6157] synthesizing module 'generic_baseblocks_v2_1_0_mux_enc__parameterized0' [/home/pablo/Documentos/02_Maestria_en_Sistemas_Embebidos/21_Sistemas_Digitales_para_las_Comunicaciones/workspace2/micro_2/micro_2.gen/sources_1/bd/system/ipshared/b752/hdl/generic_baseblocks_v2_1_vl_rfs.v:2452]
INFO: [Synth 8-6155] done synthesizing module 'generic_baseblocks_v2_1_0_mux_enc__parameterized0' (7#1) [/home/pablo/Documentos/02_Maestria_en_Sistemas_Embebidos/21_Sistemas_Digitales_para_las_Comunicaciones/workspace2/micro_2/micro_2.gen/sources_1/bd/system/ipshared/b752/hdl/generic_baseblocks_v2_1_vl_rfs.v:2452]
INFO: [Synth 8-6157] synthesizing module 'generic_baseblocks_v2_1_0_mux_enc__parameterized1' [/home/pablo/Documentos/02_Maestria_en_Sistemas_Embebidos/21_Sistemas_Digitales_para_las_Comunicaciones/workspace2/micro_2/micro_2.gen/sources_1/bd/system/ipshared/b752/hdl/generic_baseblocks_v2_1_vl_rfs.v:2452]
INFO: [Synth 8-6155] done synthesizing module 'generic_baseblocks_v2_1_0_mux_enc__parameterized1' (7#1) [/home/pablo/Documentos/02_Maestria_en_Sistemas_Embebidos/21_Sistemas_Digitales_para_las_Comunicaciones/workspace2/micro_2/micro_2.gen/sources_1/bd/system/ipshared/b752/hdl/generic_baseblocks_v2_1_vl_rfs.v:2452]
INFO: [Synth 8-6157] synthesizing module 'axi_register_slice_v2_1_24_axic_register_slice' [/home/pablo/Documentos/02_Maestria_en_Sistemas_Embebidos/21_Sistemas_Digitales_para_las_Comunicaciones/workspace2/micro_2/micro_2.gen/sources_1/bd/system/ipshared/8f68/hdl/axi_register_slice_v2_1_vl_rfs.v:1498]
INFO: [Synth 8-6155] done synthesizing module 'axi_register_slice_v2_1_24_axic_register_slice' (8#1) [/home/pablo/Documentos/02_Maestria_en_Sistemas_Embebidos/21_Sistemas_Digitales_para_las_Comunicaciones/workspace2/micro_2/micro_2.gen/sources_1/bd/system/ipshared/8f68/hdl/axi_register_slice_v2_1_vl_rfs.v:1498]
INFO: [Synth 8-6157] synthesizing module 'generic_baseblocks_v2_1_0_mux_enc__parameterized2' [/home/pablo/Documentos/02_Maestria_en_Sistemas_Embebidos/21_Sistemas_Digitales_para_las_Comunicaciones/workspace2/micro_2/micro_2.gen/sources_1/bd/system/ipshared/b752/hdl/generic_baseblocks_v2_1_vl_rfs.v:2452]
INFO: [Synth 8-6155] done synthesizing module 'generic_baseblocks_v2_1_0_mux_enc__parameterized2' (8#1) [/home/pablo/Documentos/02_Maestria_en_Sistemas_Embebidos/21_Sistemas_Digitales_para_las_Comunicaciones/workspace2/micro_2/micro_2.gen/sources_1/bd/system/ipshared/b752/hdl/generic_baseblocks_v2_1_vl_rfs.v:2452]
INFO: [Synth 8-6155] done synthesizing module 'axi_crossbar_v2_1_25_crossbar_sasd' (9#1) [/home/pablo/Documentos/02_Maestria_en_Sistemas_Embebidos/21_Sistemas_Digitales_para_las_Comunicaciones/workspace2/micro_2/micro_2.gen/sources_1/bd/system/ipshared/3917/hdl/axi_crossbar_v2_1_vl_rfs.v:1240]
INFO: [Synth 8-6155] done synthesizing module 'axi_crossbar_v2_1_25_axi_crossbar' (10#1) [/home/pablo/Documentos/02_Maestria_en_Sistemas_Embebidos/21_Sistemas_Digitales_para_las_Comunicaciones/workspace2/micro_2/micro_2.gen/sources_1/bd/system/ipshared/3917/hdl/axi_crossbar_v2_1_vl_rfs.v:4884]
INFO: [Synth 8-6155] done synthesizing module 'system_xbar_0' (11#1) [/home/pablo/Documentos/02_Maestria_en_Sistemas_Embebidos/21_Sistemas_Digitales_para_las_Comunicaciones/workspace2/micro_2/micro_2.gen/sources_1/bd/system/ip/system_xbar_0/synth/system_xbar_0.v:59]
---------------------------------------------------------------------------------
Finished RTL Elaboration : Time (s): cpu = 00:00:12 ; elapsed = 00:00:13 . Memory (MB): peak = 2464.863 ; gain = 89.875 ; free physical = 1793 ; free virtual = 4190
---------------------------------------------------------------------------------
---------------------------------------------------------------------------------
Start Handling Custom Attributes
---------------------------------------------------------------------------------
---------------------------------------------------------------------------------
Finished Handling Custom Attributes : Time (s): cpu = 00:00:13 ; elapsed = 00:00:14 . Memory (MB): peak = 2482.676 ; gain = 107.688 ; free physical = 1799 ; free virtual = 4195
---------------------------------------------------------------------------------
---------------------------------------------------------------------------------
Finished RTL Optimization Phase 1 : Time (s): cpu = 00:00:13 ; elapsed = 00:00:14 . Memory (MB): peak = 2482.676 ; gain = 107.688 ; free physical = 1799 ; free virtual = 4195
---------------------------------------------------------------------------------
Netlist sorting complete. Time (s): cpu = 00:00:00.01 ; elapsed = 00:00:00.01 . Memory (MB): peak = 2482.676 ; gain = 0.000 ; free physical = 1785 ; free virtual = 4181
INFO: [Project 1-570] Preparing netlist for logic optimization

Processing XDC Constraints
Initializing timing engine
Parsing XDC File [/home/pablo/Documentos/02_Maestria_en_Sistemas_Embebidos/21_Sistemas_Digitales_para_las_Comunicaciones/workspace2/micro_2/micro_2.gen/sources_1/bd/system/ip/system_xbar_0/system_xbar_0_ooc.xdc] for cell 'inst'
Finished Parsing XDC File [/home/pablo/Documentos/02_Maestria_en_Sistemas_Embebidos/21_Sistemas_Digitales_para_las_Comunicaciones/workspace2/micro_2/micro_2.gen/sources_1/bd/system/ip/system_xbar_0/system_xbar_0_ooc.xdc] for cell 'inst'
Parsing XDC File [/home/pablo/Documentos/02_Maestria_en_Sistemas_Embebidos/21_Sistemas_Digitales_para_las_Comunicaciones/workspace2/micro_2/micro_2.runs/system_xbar_0_synth_1/dont_touch.xdc]
Finished Parsing XDC File [/home/pablo/Documentos/02_Maestria_en_Sistemas_Embebidos/21_Sistemas_Digitales_para_las_Comunicaciones/workspace2/micro_2/micro_2.runs/system_xbar_0_synth_1/dont_touch.xdc]
Completed Processing XDC Constraints

Netlist sorting complete. Time (s): cpu = 00:00:00 ; elapsed = 00:00:00 . Memory (MB): peak = 2625.426 ; gain = 0.000 ; free physical = 1709 ; free virtual = 4111
INFO: [Project 1-111] Unisim Transformation Summary:
No Unisim elements were transformed.

Constraint Validation Runtime : Time (s): cpu = 00:00:00.04 ; elapsed = 00:00:00.03 . Memory (MB): peak = 2625.426 ; gain = 0.000 ; free physical = 1705 ; free virtual = 4110
---------------------------------------------------------------------------------
Finished Constraint Validation : Time (s): cpu = 00:00:19 ; elapsed = 00:00:21 . Memory (MB): peak = 2625.426 ; gain = 250.438 ; free physical = 1705 ; free virtual = 4130
---------------------------------------------------------------------------------
---------------------------------------------------------------------------------
Start Loading Part and Timing Information
---------------------------------------------------------------------------------
Loading part: xc7a35ticsg324-1L
---------------------------------------------------------------------------------
Finished Loading Part and Timing Information : Time (s): cpu = 00:00:19 ; elapsed = 00:00:21 . Memory (MB): peak = 2625.426 ; gain = 250.438 ; free physical = 1705 ; free virtual = 4130
---------------------------------------------------------------------------------
---------------------------------------------------------------------------------
Start Applying 'set_property' XDC Constraints
---------------------------------------------------------------------------------
Applied set_property KEEP_HIERARCHY = SOFT for inst. (constraint file  /home/pablo/Documentos/02_Maestria_en_Sistemas_Embebidos/21_Sistemas_Digitales_para_las_Comunicaciones/workspace2/micro_2/micro_2.runs/system_xbar_0_synth_1/dont_touch.xdc, line 9).
---------------------------------------------------------------------------------
Finished applying 'set_property' XDC Constraints : Time (s): cpu = 00:00:19 ; elapsed = 00:00:21 . Memory (MB): peak = 2625.426 ; gain = 250.438 ; free physical = 1705 ; free virtual = 4130
---------------------------------------------------------------------------------
---------------------------------------------------------------------------------
Finished RTL Optimization Phase 2 : Time (s): cpu = 00:00:19 ; elapsed = 00:00:21 . Memory (MB): peak = 2625.426 ; gain = 250.438 ; free physical = 1690 ; free virtual = 4116
---------------------------------------------------------------------------------
---------------------------------------------------------------------------------
Start RTL Component Statistics 
---------------------------------------------------------------------------------
Detailed RTL Component Info : 
+---Registers : 
	               64 Bit    Registers := 1     
	               36 Bit    Registers := 2     
	                4 Bit    Registers := 1     
	                3 Bit    Registers := 1     
	                2 Bit    Registers := 3     
	                1 Bit    Registers := 14    
+---Muxes : 
	   2 Input   64 Bit        Muxes := 1     
	   2 Input   36 Bit        Muxes := 2     
	   2 Input    4 Bit        Muxes := 1     
	   2 Input    3 Bit        Muxes := 1     
	   2 Input    1 Bit        Muxes := 36    
---------------------------------------------------------------------------------
Finished RTL Component Statistics 
---------------------------------------------------------------------------------
---------------------------------------------------------------------------------
Start Part Resource Summary
---------------------------------------------------------------------------------
Part Resources:
DSPs: 90 (col length:60)
BRAMs: 100 (col length: RAMB18 60 RAMB36 30)
---------------------------------------------------------------------------------
Finished Part Resource Summary
---------------------------------------------------------------------------------
---------------------------------------------------------------------------------
Start Cross Boundary and Area Optimization
---------------------------------------------------------------------------------
---------------------------------------------------------------------------------
Finished Cross Boundary and Area Optimization : Time (s): cpu = 00:00:21 ; elapsed = 00:00:23 . Memory (MB): peak = 2625.426 ; gain = 250.438 ; free physical = 1660 ; free virtual = 4089
---------------------------------------------------------------------------------
---------------------------------------------------------------------------------
Start Applying XDC Timing Constraints
---------------------------------------------------------------------------------
---------------------------------------------------------------------------------
Finished Applying XDC Timing Constraints : Time (s): cpu = 00:00:27 ; elapsed = 00:00:29 . Memory (MB): peak = 2625.426 ; gain = 250.438 ; free physical = 1748 ; free virtual = 4190
---------------------------------------------------------------------------------
---------------------------------------------------------------------------------
Start Timing Optimization
---------------------------------------------------------------------------------
---------------------------------------------------------------------------------
Finished Timing Optimization : Time (s): cpu = 00:00:28 ; elapsed = 00:00:30 . Memory (MB): peak = 2625.426 ; gain = 250.438 ; free physical = 1737 ; free virtual = 4184
---------------------------------------------------------------------------------
---------------------------------------------------------------------------------
Start Technology Mapping
---------------------------------------------------------------------------------
---------------------------------------------------------------------------------
Finished Technology Mapping : Time (s): cpu = 00:00:28 ; elapsed = 00:00:30 . Memory (MB): peak = 2625.426 ; gain = 250.438 ; free physical = 1733 ; free virtual = 4180
---------------------------------------------------------------------------------
---------------------------------------------------------------------------------
Start IO Insertion
---------------------------------------------------------------------------------
---------------------------------------------------------------------------------
Start Flattening Before IO Insertion
---------------------------------------------------------------------------------
---------------------------------------------------------------------------------
Finished Flattening Before IO Insertion
---------------------------------------------------------------------------------
---------------------------------------------------------------------------------
Start Final Netlist Cleanup
---------------------------------------------------------------------------------
---------------------------------------------------------------------------------
Finished Final Netlist Cleanup
---------------------------------------------------------------------------------
---------------------------------------------------------------------------------
Finished IO Insertion : Time (s): cpu = 00:00:31 ; elapsed = 00:00:33 . Memory (MB): peak = 2625.426 ; gain = 250.438 ; free physical = 1689 ; free virtual = 4187
---------------------------------------------------------------------------------
---------------------------------------------------------------------------------
Start Renaming Generated Instances
---------------------------------------------------------------------------------
---------------------------------------------------------------------------------
Finished Renaming Generated Instances : Time (s): cpu = 00:00:31 ; elapsed = 00:00:33 . Memory (MB): peak = 2625.426 ; gain = 250.438 ; free physical = 1689 ; free virtual = 4187
---------------------------------------------------------------------------------
---------------------------------------------------------------------------------
Start Rebuilding User Hierarchy
---------------------------------------------------------------------------------
---------------------------------------------------------------------------------
Finished Rebuilding User Hierarchy : Time (s): cpu = 00:00:31 ; elapsed = 00:00:33 . Memory (MB): peak = 2625.426 ; gain = 250.438 ; free physical = 1689 ; free virtual = 4187
---------------------------------------------------------------------------------
---------------------------------------------------------------------------------
Start Renaming Generated Ports
---------------------------------------------------------------------------------
---------------------------------------------------------------------------------
Finished Renaming Generated Ports : Time (s): cpu = 00:00:31 ; elapsed = 00:00:33 . Memory (MB): peak = 2625.426 ; gain = 250.438 ; free physical = 1689 ; free virtual = 4187
---------------------------------------------------------------------------------
---------------------------------------------------------------------------------
Start Handling Custom Attributes
---------------------------------------------------------------------------------
---------------------------------------------------------------------------------
Finished Handling Custom Attributes : Time (s): cpu = 00:00:31 ; elapsed = 00:00:33 . Memory (MB): peak = 2625.426 ; gain = 250.438 ; free physical = 1689 ; free virtual = 4188
---------------------------------------------------------------------------------
---------------------------------------------------------------------------------
Start Renaming Generated Nets
---------------------------------------------------------------------------------
---------------------------------------------------------------------------------
Finished Renaming Generated Nets : Time (s): cpu = 00:00:31 ; elapsed = 00:00:33 . Memory (MB): peak = 2625.426 ; gain = 250.438 ; free physical = 1689 ; free virtual = 4188
---------------------------------------------------------------------------------
---------------------------------------------------------------------------------
Start Writing Synthesis Report
---------------------------------------------------------------------------------

Report BlackBoxes: 
+-+--------------+----------+
| |BlackBox name |Instances |
+-+--------------+----------+
+-+--------------+----------+

Report Cell Usage: 
+------+-----+------+
|      |Cell |Count |
+------+-----+------+
|1     |LUT1 |     1|
|2     |LUT2 |    10|
|3     |LUT3 |    42|
|4     |LUT4 |    47|
|5     |LUT5 |    34|
|6     |LUT6 |    41|
|7     |FDRE |   131|
+------+-----+------+
---------------------------------------------------------------------------------
Finished Writing Synthesis Report : Time (s): cpu = 00:00:31 ; elapsed = 00:00:33 . Memory (MB): peak = 2625.426 ; gain = 250.438 ; free physical = 1689 ; free virtual = 4188
---------------------------------------------------------------------------------
Synthesis finished with 0 errors, 0 critical warnings and 0 warnings.
Synthesis Optimization Runtime : Time (s): cpu = 00:00:29 ; elapsed = 00:00:31 . Memory (MB): peak = 2625.426 ; gain = 107.688 ; free physical = 1737 ; free virtual = 4236
Synthesis Optimization Complete : Time (s): cpu = 00:00:31 ; elapsed = 00:00:33 . Memory (MB): peak = 2625.426 ; gain = 250.438 ; free physical = 1737 ; free virtual = 4236
INFO: [Project 1-571] Translating synthesized netlist
Netlist sorting complete. Time (s): cpu = 00:00:00.01 ; elapsed = 00:00:00.01 . Memory (MB): peak = 2625.426 ; gain = 0.000 ; free physical = 1824 ; free virtual = 4323
INFO: [Project 1-570] Preparing netlist for logic optimization
INFO: [Opt 31-138] Pushed 0 inverter(s) to 0 load pin(s).
Netlist sorting complete. Time (s): cpu = 00:00:00 ; elapsed = 00:00:00 . Memory (MB): peak = 2625.426 ; gain = 0.000 ; free physical = 2627 ; free virtual = 5132
INFO: [Project 1-111] Unisim Transformation Summary:
No Unisim elements were transformed.

Synth Design complete, checksum: 5a7e60a9
INFO: [Common 17-83] Releasing license: Synthesis
49 Infos, 6 Warnings, 0 Critical Warnings and 0 Errors encountered.
synth_design completed successfully
synth_design: Time (s): cpu = 00:00:43 ; elapsed = 00:00:38 . Memory (MB): peak = 2625.426 ; gain = 250.562 ; free physical = 2776 ; free virtual = 5281
INFO: [Common 17-1381] The checkpoint '/home/pablo/Documentos/02_Maestria_en_Sistemas_Embebidos/21_Sistemas_Digitales_para_las_Comunicaciones/workspace2/micro_2/micro_2.runs/system_xbar_0_synth_1/system_xbar_0.dcp' has been generated.
INFO: [Coretcl 2-1648] Added synthesis output to IP cache for IP system_xbar_0, cache-ID = 8374589f58fea6e4
INFO: [Coretcl 2-1174] Renamed 7 cell refs.
INFO: [Common 17-1381] The checkpoint '/home/pablo/Documentos/02_Maestria_en_Sistemas_Embebidos/21_Sistemas_Digitales_para_las_Comunicaciones/workspace2/micro_2/micro_2.runs/system_xbar_0_synth_1/system_xbar_0.dcp' has been generated.
INFO: [runtcl-4] Executing : report_utilization -file system_xbar_0_utilization_synth.rpt -pb system_xbar_0_utilization_synth.pb
INFO: [Common 17-206] Exiting Vivado at Sat Feb 12 12:54:01 2022...
