
*** Running vivado
    with args -log system_axi_gpio_1_0.vds -m64 -product Vivado -mode batch -messageDb vivado.pb -notrace -source system_axi_gpio_1_0.tcl


****** Vivado v2021.1 (64-bit)
  **** SW Build 3247384 on Thu Jun 10 19:36:07 MDT 2021
  **** IP Build 3246043 on Fri Jun 11 00:30:35 MDT 2021
    ** Copyright 1986-2021 Xilinx, Inc. All Rights Reserved.

source system_axi_gpio_1_0.tcl -notrace
Command: synth_design -top system_axi_gpio_1_0 -part xc7a35ticsg324-1L -mode out_of_context
Starting synth_design
Attempting to get a license for feature 'Synthesis' and/or device 'xc7a35ti'
INFO: [Common 17-349] Got license for feature 'Synthesis' and/or device 'xc7a35ti'
INFO: [Device 21-403] Loading part xc7a35ticsg324-1L
INFO: [Synth 8-7079] Multithreading enabled for synth_design using a maximum of 4 processes.
INFO: [Synth 8-7078] Launching helper process for spawning children vivado processes
INFO: [Synth 8-7075] Helper process launched with PID 21234
---------------------------------------------------------------------------------
Starting RTL Elaboration : Time (s): cpu = 00:00:06 ; elapsed = 00:00:07 . Memory (MB): peak = 2546.926 ; gain = 0.000 ; free physical = 675 ; free virtual = 3152
---------------------------------------------------------------------------------
INFO: [Synth 8-638] synthesizing module 'system_axi_gpio_1_0' [/home/pablo/Documentos/02_Maestria_en_Sistemas_Embebidos/21_Sistemas_Digitales_para_las_Comunicaciones/workspace2/TP_FINAL_Micro_ver4/TP_FINAL_Micro_ver4.gen/sources_1/bd/system/ip/system_axi_gpio_1_0/synth/system_axi_gpio_1_0.vhd:87]
	Parameter C_FAMILY bound to: artix7 - type: string 
	Parameter C_S_AXI_ADDR_WIDTH bound to: 9 - type: integer 
	Parameter C_S_AXI_DATA_WIDTH bound to: 32 - type: integer 
	Parameter C_GPIO_WIDTH bound to: 12 - type: integer 
	Parameter C_GPIO2_WIDTH bound to: 4 - type: integer 
	Parameter C_ALL_INPUTS bound to: 0 - type: integer 
	Parameter C_ALL_INPUTS_2 bound to: 1 - type: integer 
	Parameter C_ALL_OUTPUTS bound to: 0 - type: integer 
	Parameter C_ALL_OUTPUTS_2 bound to: 0 - type: integer 
	Parameter C_INTERRUPT_PRESENT bound to: 0 - type: integer 
	Parameter C_DOUT_DEFAULT bound to: 32'b00000000000000000000000000000000 
	Parameter C_TRI_DEFAULT bound to: 32'b11111111111111111111111111111111 
	Parameter C_IS_DUAL bound to: 1 - type: integer 
	Parameter C_DOUT_DEFAULT_2 bound to: 32'b00000000000000000000000000000000 
	Parameter C_TRI_DEFAULT_2 bound to: 32'b11111111111111111111111111111111 
INFO: [Synth 8-3491] module 'axi_gpio' declared at '/home/pablo/Documentos/02_Maestria_en_Sistemas_Embebidos/21_Sistemas_Digitales_para_las_Comunicaciones/workspace2/TP_FINAL_Micro_ver4/TP_FINAL_Micro_ver4.gen/sources_1/bd/system/ipshared/65b4/hdl/axi_gpio_v2_0_vh_rfs.vhd:1265' bound to instance 'U0' of component 'axi_gpio' [/home/pablo/Documentos/02_Maestria_en_Sistemas_Embebidos/21_Sistemas_Digitales_para_las_Comunicaciones/workspace2/TP_FINAL_Micro_ver4/TP_FINAL_Micro_ver4.gen/sources_1/bd/system/ip/system_axi_gpio_1_0/synth/system_axi_gpio_1_0.vhd:175]
INFO: [Synth 8-638] synthesizing module 'axi_gpio' [/home/pablo/Documentos/02_Maestria_en_Sistemas_Embebidos/21_Sistemas_Digitales_para_las_Comunicaciones/workspace2/TP_FINAL_Micro_ver4/TP_FINAL_Micro_ver4.gen/sources_1/bd/system/ipshared/65b4/hdl/axi_gpio_v2_0_vh_rfs.vhd:1351]
INFO: [Synth 8-638] synthesizing module 'axi_lite_ipif' [/home/pablo/Documentos/02_Maestria_en_Sistemas_Embebidos/21_Sistemas_Digitales_para_las_Comunicaciones/workspace2/TP_FINAL_Micro_ver4/TP_FINAL_Micro_ver4.gen/sources_1/bd/system/ipshared/66ea/hdl/axi_lite_ipif_v3_0_vh_rfs.vhd:2948]
INFO: [Synth 8-638] synthesizing module 'slave_attachment' [/home/pablo/Documentos/02_Maestria_en_Sistemas_Embebidos/21_Sistemas_Digitales_para_las_Comunicaciones/workspace2/TP_FINAL_Micro_ver4/TP_FINAL_Micro_ver4.gen/sources_1/bd/system/ipshared/66ea/hdl/axi_lite_ipif_v3_0_vh_rfs.vhd:2341]
INFO: [Synth 8-638] synthesizing module 'address_decoder' [/home/pablo/Documentos/02_Maestria_en_Sistemas_Embebidos/21_Sistemas_Digitales_para_las_Comunicaciones/workspace2/TP_FINAL_Micro_ver4/TP_FINAL_Micro_ver4.gen/sources_1/bd/system/ipshared/66ea/hdl/axi_lite_ipif_v3_0_vh_rfs.vhd:1775]
INFO: [Synth 8-638] synthesizing module 'pselect_f' [/home/pablo/Documentos/02_Maestria_en_Sistemas_Embebidos/21_Sistemas_Digitales_para_las_Comunicaciones/workspace2/TP_FINAL_Micro_ver4/TP_FINAL_Micro_ver4.gen/sources_1/bd/system/ipshared/66ea/hdl/axi_lite_ipif_v3_0_vh_rfs.vhd:1534]
INFO: [Synth 8-256] done synthesizing module 'pselect_f' (1#1) [/home/pablo/Documentos/02_Maestria_en_Sistemas_Embebidos/21_Sistemas_Digitales_para_las_Comunicaciones/workspace2/TP_FINAL_Micro_ver4/TP_FINAL_Micro_ver4.gen/sources_1/bd/system/ipshared/66ea/hdl/axi_lite_ipif_v3_0_vh_rfs.vhd:1534]
INFO: [Synth 8-638] synthesizing module 'pselect_f__parameterized0' [/home/pablo/Documentos/02_Maestria_en_Sistemas_Embebidos/21_Sistemas_Digitales_para_las_Comunicaciones/workspace2/TP_FINAL_Micro_ver4/TP_FINAL_Micro_ver4.gen/sources_1/bd/system/ipshared/66ea/hdl/axi_lite_ipif_v3_0_vh_rfs.vhd:1534]
INFO: [Synth 8-256] done synthesizing module 'pselect_f__parameterized0' (1#1) [/home/pablo/Documentos/02_Maestria_en_Sistemas_Embebidos/21_Sistemas_Digitales_para_las_Comunicaciones/workspace2/TP_FINAL_Micro_ver4/TP_FINAL_Micro_ver4.gen/sources_1/bd/system/ipshared/66ea/hdl/axi_lite_ipif_v3_0_vh_rfs.vhd:1534]
INFO: [Synth 8-638] synthesizing module 'pselect_f__parameterized1' [/home/pablo/Documentos/02_Maestria_en_Sistemas_Embebidos/21_Sistemas_Digitales_para_las_Comunicaciones/workspace2/TP_FINAL_Micro_ver4/TP_FINAL_Micro_ver4.gen/sources_1/bd/system/ipshared/66ea/hdl/axi_lite_ipif_v3_0_vh_rfs.vhd:1534]
INFO: [Synth 8-256] done synthesizing module 'pselect_f__parameterized1' (1#1) [/home/pablo/Documentos/02_Maestria_en_Sistemas_Embebidos/21_Sistemas_Digitales_para_las_Comunicaciones/workspace2/TP_FINAL_Micro_ver4/TP_FINAL_Micro_ver4.gen/sources_1/bd/system/ipshared/66ea/hdl/axi_lite_ipif_v3_0_vh_rfs.vhd:1534]
INFO: [Synth 8-638] synthesizing module 'pselect_f__parameterized2' [/home/pablo/Documentos/02_Maestria_en_Sistemas_Embebidos/21_Sistemas_Digitales_para_las_Comunicaciones/workspace2/TP_FINAL_Micro_ver4/TP_FINAL_Micro_ver4.gen/sources_1/bd/system/ipshared/66ea/hdl/axi_lite_ipif_v3_0_vh_rfs.vhd:1534]
INFO: [Synth 8-256] done synthesizing module 'pselect_f__parameterized2' (1#1) [/home/pablo/Documentos/02_Maestria_en_Sistemas_Embebidos/21_Sistemas_Digitales_para_las_Comunicaciones/workspace2/TP_FINAL_Micro_ver4/TP_FINAL_Micro_ver4.gen/sources_1/bd/system/ipshared/66ea/hdl/axi_lite_ipif_v3_0_vh_rfs.vhd:1534]
INFO: [Synth 8-256] done synthesizing module 'address_decoder' (2#1) [/home/pablo/Documentos/02_Maestria_en_Sistemas_Embebidos/21_Sistemas_Digitales_para_las_Comunicaciones/workspace2/TP_FINAL_Micro_ver4/TP_FINAL_Micro_ver4.gen/sources_1/bd/system/ipshared/66ea/hdl/axi_lite_ipif_v3_0_vh_rfs.vhd:1775]
INFO: [Synth 8-226] default block is never used [/home/pablo/Documentos/02_Maestria_en_Sistemas_Embebidos/21_Sistemas_Digitales_para_las_Comunicaciones/workspace2/TP_FINAL_Micro_ver4/TP_FINAL_Micro_ver4.gen/sources_1/bd/system/ipshared/66ea/hdl/axi_lite_ipif_v3_0_vh_rfs.vhd:2550]
INFO: [Synth 8-256] done synthesizing module 'slave_attachment' (3#1) [/home/pablo/Documentos/02_Maestria_en_Sistemas_Embebidos/21_Sistemas_Digitales_para_las_Comunicaciones/workspace2/TP_FINAL_Micro_ver4/TP_FINAL_Micro_ver4.gen/sources_1/bd/system/ipshared/66ea/hdl/axi_lite_ipif_v3_0_vh_rfs.vhd:2341]
INFO: [Synth 8-256] done synthesizing module 'axi_lite_ipif' (4#1) [/home/pablo/Documentos/02_Maestria_en_Sistemas_Embebidos/21_Sistemas_Digitales_para_las_Comunicaciones/workspace2/TP_FINAL_Micro_ver4/TP_FINAL_Micro_ver4.gen/sources_1/bd/system/ipshared/66ea/hdl/axi_lite_ipif_v3_0_vh_rfs.vhd:2948]
INFO: [Synth 8-638] synthesizing module 'GPIO_Core' [/home/pablo/Documentos/02_Maestria_en_Sistemas_Embebidos/21_Sistemas_Digitales_para_las_Comunicaciones/workspace2/TP_FINAL_Micro_ver4/TP_FINAL_Micro_ver4.gen/sources_1/bd/system/ipshared/65b4/hdl/axi_gpio_v2_0_vh_rfs.vhd:178]
INFO: [Synth 8-226] default block is never used [/home/pablo/Documentos/02_Maestria_en_Sistemas_Embebidos/21_Sistemas_Digitales_para_las_Comunicaciones/workspace2/TP_FINAL_Micro_ver4/TP_FINAL_Micro_ver4.gen/sources_1/bd/system/ipshared/65b4/hdl/axi_gpio_v2_0_vh_rfs.vhd:835]
INFO: [Synth 8-638] synthesizing module 'cdc_sync' [/home/pablo/Documentos/02_Maestria_en_Sistemas_Embebidos/21_Sistemas_Digitales_para_las_Comunicaciones/workspace2/TP_FINAL_Micro_ver4/TP_FINAL_Micro_ver4.gen/sources_1/bd/system/ipshared/ef1e/hdl/lib_cdc_v1_0_rfs.vhd:106]
	Parameter INIT bound to: 1'b0 
INFO: [Synth 8-113] binding component instance 'CROSS2_PLEVEL_IN2SCNDRY_IN_cdc_to' to cell 'FDR' [/home/pablo/Documentos/02_Maestria_en_Sistemas_Embebidos/21_Sistemas_Digitales_para_las_Comunicaciones/workspace2/TP_FINAL_Micro_ver4/TP_FINAL_Micro_ver4.gen/sources_1/bd/system/ipshared/ef1e/hdl/lib_cdc_v1_0_rfs.vhd:736]
	Parameter INIT bound to: 1'b0 
INFO: [Synth 8-113] binding component instance 'CROSS2_PLEVEL_IN2SCNDRY_IN_cdc_to' to cell 'FDR' [/home/pablo/Documentos/02_Maestria_en_Sistemas_Embebidos/21_Sistemas_Digitales_para_las_Comunicaciones/workspace2/TP_FINAL_Micro_ver4/TP_FINAL_Micro_ver4.gen/sources_1/bd/system/ipshared/ef1e/hdl/lib_cdc_v1_0_rfs.vhd:736]
	Parameter INIT bound to: 1'b0 
INFO: [Synth 8-113] binding component instance 'CROSS2_PLEVEL_IN2SCNDRY_IN_cdc_to' to cell 'FDR' [/home/pablo/Documentos/02_Maestria_en_Sistemas_Embebidos/21_Sistemas_Digitales_para_las_Comunicaciones/workspace2/TP_FINAL_Micro_ver4/TP_FINAL_Micro_ver4.gen/sources_1/bd/system/ipshared/ef1e/hdl/lib_cdc_v1_0_rfs.vhd:736]
	Parameter INIT bound to: 1'b0 
INFO: [Synth 8-113] binding component instance 'CROSS2_PLEVEL_IN2SCNDRY_IN_cdc_to' to cell 'FDR' [/home/pablo/Documentos/02_Maestria_en_Sistemas_Embebidos/21_Sistemas_Digitales_para_las_Comunicaciones/workspace2/TP_FINAL_Micro_ver4/TP_FINAL_Micro_ver4.gen/sources_1/bd/system/ipshared/ef1e/hdl/lib_cdc_v1_0_rfs.vhd:736]
	Parameter INIT bound to: 1'b0 
INFO: [Synth 8-113] binding component instance 'CROSS2_PLEVEL_IN2SCNDRY_IN_cdc_to' to cell 'FDR' [/home/pablo/Documentos/02_Maestria_en_Sistemas_Embebidos/21_Sistemas_Digitales_para_las_Comunicaciones/workspace2/TP_FINAL_Micro_ver4/TP_FINAL_Micro_ver4.gen/sources_1/bd/system/ipshared/ef1e/hdl/lib_cdc_v1_0_rfs.vhd:736]
	Parameter INIT bound to: 1'b0 
INFO: [Synth 8-113] binding component instance 'CROSS2_PLEVEL_IN2SCNDRY_IN_cdc_to' to cell 'FDR' [/home/pablo/Documentos/02_Maestria_en_Sistemas_Embebidos/21_Sistemas_Digitales_para_las_Comunicaciones/workspace2/TP_FINAL_Micro_ver4/TP_FINAL_Micro_ver4.gen/sources_1/bd/system/ipshared/ef1e/hdl/lib_cdc_v1_0_rfs.vhd:736]
	Parameter INIT bound to: 1'b0 
INFO: [Synth 8-113] binding component instance 'CROSS2_PLEVEL_IN2SCNDRY_IN_cdc_to' to cell 'FDR' [/home/pablo/Documentos/02_Maestria_en_Sistemas_Embebidos/21_Sistemas_Digitales_para_las_Comunicaciones/workspace2/TP_FINAL_Micro_ver4/TP_FINAL_Micro_ver4.gen/sources_1/bd/system/ipshared/ef1e/hdl/lib_cdc_v1_0_rfs.vhd:736]
	Parameter INIT bound to: 1'b0 
INFO: [Synth 8-113] binding component instance 'CROSS2_PLEVEL_IN2SCNDRY_IN_cdc_to' to cell 'FDR' [/home/pablo/Documentos/02_Maestria_en_Sistemas_Embebidos/21_Sistemas_Digitales_para_las_Comunicaciones/workspace2/TP_FINAL_Micro_ver4/TP_FINAL_Micro_ver4.gen/sources_1/bd/system/ipshared/ef1e/hdl/lib_cdc_v1_0_rfs.vhd:736]
	Parameter INIT bound to: 1'b0 
INFO: [Synth 8-113] binding component instance 'CROSS2_PLEVEL_IN2SCNDRY_IN_cdc_to' to cell 'FDR' [/home/pablo/Documentos/02_Maestria_en_Sistemas_Embebidos/21_Sistemas_Digitales_para_las_Comunicaciones/workspace2/TP_FINAL_Micro_ver4/TP_FINAL_Micro_ver4.gen/sources_1/bd/system/ipshared/ef1e/hdl/lib_cdc_v1_0_rfs.vhd:736]
	Parameter INIT bound to: 1'b0 
INFO: [Synth 8-113] binding component instance 'CROSS2_PLEVEL_IN2SCNDRY_IN_cdc_to' to cell 'FDR' [/home/pablo/Documentos/02_Maestria_en_Sistemas_Embebidos/21_Sistemas_Digitales_para_las_Comunicaciones/workspace2/TP_FINAL_Micro_ver4/TP_FINAL_Micro_ver4.gen/sources_1/bd/system/ipshared/ef1e/hdl/lib_cdc_v1_0_rfs.vhd:736]
	Parameter INIT bound to: 1'b0 
INFO: [Synth 8-113] binding component instance 'CROSS2_PLEVEL_IN2SCNDRY_IN_cdc_to' to cell 'FDR' [/home/pablo/Documentos/02_Maestria_en_Sistemas_Embebidos/21_Sistemas_Digitales_para_las_Comunicaciones/workspace2/TP_FINAL_Micro_ver4/TP_FINAL_Micro_ver4.gen/sources_1/bd/system/ipshared/ef1e/hdl/lib_cdc_v1_0_rfs.vhd:736]
	Parameter INIT bound to: 1'b0 
INFO: [Synth 8-113] binding component instance 'CROSS2_PLEVEL_IN2SCNDRY_IN_cdc_to' to cell 'FDR' [/home/pablo/Documentos/02_Maestria_en_Sistemas_Embebidos/21_Sistemas_Digitales_para_las_Comunicaciones/workspace2/TP_FINAL_Micro_ver4/TP_FINAL_Micro_ver4.gen/sources_1/bd/system/ipshared/ef1e/hdl/lib_cdc_v1_0_rfs.vhd:736]
	Parameter INIT bound to: 1'b0 
INFO: [Synth 8-113] binding component instance 'CROSS2_PLEVEL_IN2SCNDRY_s_level_out_bus_d2' to cell 'FDR' [/home/pablo/Documentos/02_Maestria_en_Sistemas_Embebidos/21_Sistemas_Digitales_para_las_Comunicaciones/workspace2/TP_FINAL_Micro_ver4/TP_FINAL_Micro_ver4.gen/sources_1/bd/system/ipshared/ef1e/hdl/lib_cdc_v1_0_rfs.vhd:772]
	Parameter INIT bound to: 1'b0 
INFO: [Synth 8-113] binding component instance 'CROSS2_PLEVEL_IN2SCNDRY_s_level_out_bus_d2' to cell 'FDR' [/home/pablo/Documentos/02_Maestria_en_Sistemas_Embebidos/21_Sistemas_Digitales_para_las_Comunicaciones/workspace2/TP_FINAL_Micro_ver4/TP_FINAL_Micro_ver4.gen/sources_1/bd/system/ipshared/ef1e/hdl/lib_cdc_v1_0_rfs.vhd:772]
	Parameter INIT bound to: 1'b0 
INFO: [Synth 8-113] binding component instance 'CROSS2_PLEVEL_IN2SCNDRY_s_level_out_bus_d2' to cell 'FDR' [/home/pablo/Documentos/02_Maestria_en_Sistemas_Embebidos/21_Sistemas_Digitales_para_las_Comunicaciones/workspace2/TP_FINAL_Micro_ver4/TP_FINAL_Micro_ver4.gen/sources_1/bd/system/ipshared/ef1e/hdl/lib_cdc_v1_0_rfs.vhd:772]
	Parameter INIT bound to: 1'b0 
INFO: [Synth 8-113] binding component instance 'CROSS2_PLEVEL_IN2SCNDRY_s_level_out_bus_d2' to cell 'FDR' [/home/pablo/Documentos/02_Maestria_en_Sistemas_Embebidos/21_Sistemas_Digitales_para_las_Comunicaciones/workspace2/TP_FINAL_Micro_ver4/TP_FINAL_Micro_ver4.gen/sources_1/bd/system/ipshared/ef1e/hdl/lib_cdc_v1_0_rfs.vhd:772]
	Parameter INIT bound to: 1'b0 
INFO: [Synth 8-113] binding component instance 'CROSS2_PLEVEL_IN2SCNDRY_s_level_out_bus_d2' to cell 'FDR' [/home/pablo/Documentos/02_Maestria_en_Sistemas_Embebidos/21_Sistemas_Digitales_para_las_Comunicaciones/workspace2/TP_FINAL_Micro_ver4/TP_FINAL_Micro_ver4.gen/sources_1/bd/system/ipshared/ef1e/hdl/lib_cdc_v1_0_rfs.vhd:772]
	Parameter INIT bound to: 1'b0 
INFO: [Synth 8-113] binding component instance 'CROSS2_PLEVEL_IN2SCNDRY_s_level_out_bus_d2' to cell 'FDR' [/home/pablo/Documentos/02_Maestria_en_Sistemas_Embebidos/21_Sistemas_Digitales_para_las_Comunicaciones/workspace2/TP_FINAL_Micro_ver4/TP_FINAL_Micro_ver4.gen/sources_1/bd/system/ipshared/ef1e/hdl/lib_cdc_v1_0_rfs.vhd:772]
	Parameter INIT bound to: 1'b0 
INFO: [Synth 8-113] binding component instance 'CROSS2_PLEVEL_IN2SCNDRY_s_level_out_bus_d2' to cell 'FDR' [/home/pablo/Documentos/02_Maestria_en_Sistemas_Embebidos/21_Sistemas_Digitales_para_las_Comunicaciones/workspace2/TP_FINAL_Micro_ver4/TP_FINAL_Micro_ver4.gen/sources_1/bd/system/ipshared/ef1e/hdl/lib_cdc_v1_0_rfs.vhd:772]
	Parameter INIT bound to: 1'b0 
INFO: [Synth 8-113] binding component instance 'CROSS2_PLEVEL_IN2SCNDRY_s_level_out_bus_d2' to cell 'FDR' [/home/pablo/Documentos/02_Maestria_en_Sistemas_Embebidos/21_Sistemas_Digitales_para_las_Comunicaciones/workspace2/TP_FINAL_Micro_ver4/TP_FINAL_Micro_ver4.gen/sources_1/bd/system/ipshared/ef1e/hdl/lib_cdc_v1_0_rfs.vhd:772]
	Parameter INIT bound to: 1'b0 
INFO: [Synth 8-113] binding component instance 'CROSS2_PLEVEL_IN2SCNDRY_s_level_out_bus_d2' to cell 'FDR' [/home/pablo/Documentos/02_Maestria_en_Sistemas_Embebidos/21_Sistemas_Digitales_para_las_Comunicaciones/workspace2/TP_FINAL_Micro_ver4/TP_FINAL_Micro_ver4.gen/sources_1/bd/system/ipshared/ef1e/hdl/lib_cdc_v1_0_rfs.vhd:772]
	Parameter INIT bound to: 1'b0 
INFO: [Synth 8-113] binding component instance 'CROSS2_PLEVEL_IN2SCNDRY_s_level_out_bus_d2' to cell 'FDR' [/home/pablo/Documentos/02_Maestria_en_Sistemas_Embebidos/21_Sistemas_Digitales_para_las_Comunicaciones/workspace2/TP_FINAL_Micro_ver4/TP_FINAL_Micro_ver4.gen/sources_1/bd/system/ipshared/ef1e/hdl/lib_cdc_v1_0_rfs.vhd:772]
	Parameter INIT bound to: 1'b0 
INFO: [Synth 8-113] binding component instance 'CROSS2_PLEVEL_IN2SCNDRY_s_level_out_bus_d2' to cell 'FDR' [/home/pablo/Documentos/02_Maestria_en_Sistemas_Embebidos/21_Sistemas_Digitales_para_las_Comunicaciones/workspace2/TP_FINAL_Micro_ver4/TP_FINAL_Micro_ver4.gen/sources_1/bd/system/ipshared/ef1e/hdl/lib_cdc_v1_0_rfs.vhd:772]
	Parameter INIT bound to: 1'b0 
INFO: [Synth 8-113] binding component instance 'CROSS2_PLEVEL_IN2SCNDRY_s_level_out_bus_d2' to cell 'FDR' [/home/pablo/Documentos/02_Maestria_en_Sistemas_Embebidos/21_Sistemas_Digitales_para_las_Comunicaciones/workspace2/TP_FINAL_Micro_ver4/TP_FINAL_Micro_ver4.gen/sources_1/bd/system/ipshared/ef1e/hdl/lib_cdc_v1_0_rfs.vhd:772]
	Parameter INIT bound to: 1'b0 
INFO: [Synth 8-113] binding component instance 'CROSS2_PLEVEL_IN2SCNDRY_s_level_out_bus_d3' to cell 'FDR' [/home/pablo/Documentos/02_Maestria_en_Sistemas_Embebidos/21_Sistemas_Digitales_para_las_Comunicaciones/workspace2/TP_FINAL_Micro_ver4/TP_FINAL_Micro_ver4.gen/sources_1/bd/system/ipshared/ef1e/hdl/lib_cdc_v1_0_rfs.vhd:788]
	Parameter INIT bound to: 1'b0 
INFO: [Synth 8-113] binding component instance 'CROSS2_PLEVEL_IN2SCNDRY_s_level_out_bus_d3' to cell 'FDR' [/home/pablo/Documentos/02_Maestria_en_Sistemas_Embebidos/21_Sistemas_Digitales_para_las_Comunicaciones/workspace2/TP_FINAL_Micro_ver4/TP_FINAL_Micro_ver4.gen/sources_1/bd/system/ipshared/ef1e/hdl/lib_cdc_v1_0_rfs.vhd:788]
	Parameter INIT bound to: 1'b0 
INFO: [Synth 8-113] binding component instance 'CROSS2_PLEVEL_IN2SCNDRY_s_level_out_bus_d3' to cell 'FDR' [/home/pablo/Documentos/02_Maestria_en_Sistemas_Embebidos/21_Sistemas_Digitales_para_las_Comunicaciones/workspace2/TP_FINAL_Micro_ver4/TP_FINAL_Micro_ver4.gen/sources_1/bd/system/ipshared/ef1e/hdl/lib_cdc_v1_0_rfs.vhd:788]
	Parameter INIT bound to: 1'b0 
INFO: [Synth 8-113] binding component instance 'CROSS2_PLEVEL_IN2SCNDRY_s_level_out_bus_d3' to cell 'FDR' [/home/pablo/Documentos/02_Maestria_en_Sistemas_Embebidos/21_Sistemas_Digitales_para_las_Comunicaciones/workspace2/TP_FINAL_Micro_ver4/TP_FINAL_Micro_ver4.gen/sources_1/bd/system/ipshared/ef1e/hdl/lib_cdc_v1_0_rfs.vhd:788]
	Parameter INIT bound to: 1'b0 
INFO: [Synth 8-113] binding component instance 'CROSS2_PLEVEL_IN2SCNDRY_s_level_out_bus_d3' to cell 'FDR' [/home/pablo/Documentos/02_Maestria_en_Sistemas_Embebidos/21_Sistemas_Digitales_para_las_Comunicaciones/workspace2/TP_FINAL_Micro_ver4/TP_FINAL_Micro_ver4.gen/sources_1/bd/system/ipshared/ef1e/hdl/lib_cdc_v1_0_rfs.vhd:788]
	Parameter INIT bound to: 1'b0 
INFO: [Synth 8-113] binding component instance 'CROSS2_PLEVEL_IN2SCNDRY_s_level_out_bus_d3' to cell 'FDR' [/home/pablo/Documentos/02_Maestria_en_Sistemas_Embebidos/21_Sistemas_Digitales_para_las_Comunicaciones/workspace2/TP_FINAL_Micro_ver4/TP_FINAL_Micro_ver4.gen/sources_1/bd/system/ipshared/ef1e/hdl/lib_cdc_v1_0_rfs.vhd:788]
	Parameter INIT bound to: 1'b0 
INFO: [Synth 8-113] binding component instance 'CROSS2_PLEVEL_IN2SCNDRY_s_level_out_bus_d3' to cell 'FDR' [/home/pablo/Documentos/02_Maestria_en_Sistemas_Embebidos/21_Sistemas_Digitales_para_las_Comunicaciones/workspace2/TP_FINAL_Micro_ver4/TP_FINAL_Micro_ver4.gen/sources_1/bd/system/ipshared/ef1e/hdl/lib_cdc_v1_0_rfs.vhd:788]
	Parameter INIT bound to: 1'b0 
INFO: [Synth 8-113] binding component instance 'CROSS2_PLEVEL_IN2SCNDRY_s_level_out_bus_d3' to cell 'FDR' [/home/pablo/Documentos/02_Maestria_en_Sistemas_Embebidos/21_Sistemas_Digitales_para_las_Comunicaciones/workspace2/TP_FINAL_Micro_ver4/TP_FINAL_Micro_ver4.gen/sources_1/bd/system/ipshared/ef1e/hdl/lib_cdc_v1_0_rfs.vhd:788]
	Parameter INIT bound to: 1'b0 
INFO: [Synth 8-113] binding component instance 'CROSS2_PLEVEL_IN2SCNDRY_s_level_out_bus_d3' to cell 'FDR' [/home/pablo/Documentos/02_Maestria_en_Sistemas_Embebidos/21_Sistemas_Digitales_para_las_Comunicaciones/workspace2/TP_FINAL_Micro_ver4/TP_FINAL_Micro_ver4.gen/sources_1/bd/system/ipshared/ef1e/hdl/lib_cdc_v1_0_rfs.vhd:788]
	Parameter INIT bound to: 1'b0 
INFO: [Synth 8-113] binding component instance 'CROSS2_PLEVEL_IN2SCNDRY_s_level_out_bus_d3' to cell 'FDR' [/home/pablo/Documentos/02_Maestria_en_Sistemas_Embebidos/21_Sistemas_Digitales_para_las_Comunicaciones/workspace2/TP_FINAL_Micro_ver4/TP_FINAL_Micro_ver4.gen/sources_1/bd/system/ipshared/ef1e/hdl/lib_cdc_v1_0_rfs.vhd:788]
	Parameter INIT bound to: 1'b0 
INFO: [Synth 8-113] binding component instance 'CROSS2_PLEVEL_IN2SCNDRY_s_level_out_bus_d3' to cell 'FDR' [/home/pablo/Documentos/02_Maestria_en_Sistemas_Embebidos/21_Sistemas_Digitales_para_las_Comunicaciones/workspace2/TP_FINAL_Micro_ver4/TP_FINAL_Micro_ver4.gen/sources_1/bd/system/ipshared/ef1e/hdl/lib_cdc_v1_0_rfs.vhd:788]
	Parameter INIT bound to: 1'b0 
INFO: [Synth 8-113] binding component instance 'CROSS2_PLEVEL_IN2SCNDRY_s_level_out_bus_d3' to cell 'FDR' [/home/pablo/Documentos/02_Maestria_en_Sistemas_Embebidos/21_Sistemas_Digitales_para_las_Comunicaciones/workspace2/TP_FINAL_Micro_ver4/TP_FINAL_Micro_ver4.gen/sources_1/bd/system/ipshared/ef1e/hdl/lib_cdc_v1_0_rfs.vhd:788]
	Parameter INIT bound to: 1'b0 
INFO: [Synth 8-113] binding component instance 'CROSS2_PLEVEL_IN2SCNDRY_s_level_out_bus_d4' to cell 'FDR' [/home/pablo/Documentos/02_Maestria_en_Sistemas_Embebidos/21_Sistemas_Digitales_para_las_Comunicaciones/workspace2/TP_FINAL_Micro_ver4/TP_FINAL_Micro_ver4.gen/sources_1/bd/system/ipshared/ef1e/hdl/lib_cdc_v1_0_rfs.vhd:804]
	Parameter INIT bound to: 1'b0 
INFO: [Synth 8-113] binding component instance 'CROSS2_PLEVEL_IN2SCNDRY_s_level_out_bus_d4' to cell 'FDR' [/home/pablo/Documentos/02_Maestria_en_Sistemas_Embebidos/21_Sistemas_Digitales_para_las_Comunicaciones/workspace2/TP_FINAL_Micro_ver4/TP_FINAL_Micro_ver4.gen/sources_1/bd/system/ipshared/ef1e/hdl/lib_cdc_v1_0_rfs.vhd:804]
	Parameter INIT bound to: 1'b0 
INFO: [Synth 8-113] binding component instance 'CROSS2_PLEVEL_IN2SCNDRY_s_level_out_bus_d4' to cell 'FDR' [/home/pablo/Documentos/02_Maestria_en_Sistemas_Embebidos/21_Sistemas_Digitales_para_las_Comunicaciones/workspace2/TP_FINAL_Micro_ver4/TP_FINAL_Micro_ver4.gen/sources_1/bd/system/ipshared/ef1e/hdl/lib_cdc_v1_0_rfs.vhd:804]
	Parameter INIT bound to: 1'b0 
INFO: [Synth 8-113] binding component instance 'CROSS2_PLEVEL_IN2SCNDRY_s_level_out_bus_d4' to cell 'FDR' [/home/pablo/Documentos/02_Maestria_en_Sistemas_Embebidos/21_Sistemas_Digitales_para_las_Comunicaciones/workspace2/TP_FINAL_Micro_ver4/TP_FINAL_Micro_ver4.gen/sources_1/bd/system/ipshared/ef1e/hdl/lib_cdc_v1_0_rfs.vhd:804]
	Parameter INIT bound to: 1'b0 
INFO: [Synth 8-113] binding component instance 'CROSS2_PLEVEL_IN2SCNDRY_s_level_out_bus_d4' to cell 'FDR' [/home/pablo/Documentos/02_Maestria_en_Sistemas_Embebidos/21_Sistemas_Digitales_para_las_Comunicaciones/workspace2/TP_FINAL_Micro_ver4/TP_FINAL_Micro_ver4.gen/sources_1/bd/system/ipshared/ef1e/hdl/lib_cdc_v1_0_rfs.vhd:804]
	Parameter INIT bound to: 1'b0 
INFO: [Synth 8-113] binding component instance 'CROSS2_PLEVEL_IN2SCNDRY_s_level_out_bus_d4' to cell 'FDR' [/home/pablo/Documentos/02_Maestria_en_Sistemas_Embebidos/21_Sistemas_Digitales_para_las_Comunicaciones/workspace2/TP_FINAL_Micro_ver4/TP_FINAL_Micro_ver4.gen/sources_1/bd/system/ipshared/ef1e/hdl/lib_cdc_v1_0_rfs.vhd:804]
	Parameter INIT bound to: 1'b0 
INFO: [Synth 8-113] binding component instance 'CROSS2_PLEVEL_IN2SCNDRY_s_level_out_bus_d4' to cell 'FDR' [/home/pablo/Documentos/02_Maestria_en_Sistemas_Embebidos/21_Sistemas_Digitales_para_las_Comunicaciones/workspace2/TP_FINAL_Micro_ver4/TP_FINAL_Micro_ver4.gen/sources_1/bd/system/ipshared/ef1e/hdl/lib_cdc_v1_0_rfs.vhd:804]
	Parameter INIT bound to: 1'b0 
INFO: [Synth 8-113] binding component instance 'CROSS2_PLEVEL_IN2SCNDRY_s_level_out_bus_d4' to cell 'FDR' [/home/pablo/Documentos/02_Maestria_en_Sistemas_Embebidos/21_Sistemas_Digitales_para_las_Comunicaciones/workspace2/TP_FINAL_Micro_ver4/TP_FINAL_Micro_ver4.gen/sources_1/bd/system/ipshared/ef1e/hdl/lib_cdc_v1_0_rfs.vhd:804]
	Parameter INIT bound to: 1'b0 
INFO: [Synth 8-113] binding component instance 'CROSS2_PLEVEL_IN2SCNDRY_s_level_out_bus_d4' to cell 'FDR' [/home/pablo/Documentos/02_Maestria_en_Sistemas_Embebidos/21_Sistemas_Digitales_para_las_Comunicaciones/workspace2/TP_FINAL_Micro_ver4/TP_FINAL_Micro_ver4.gen/sources_1/bd/system/ipshared/ef1e/hdl/lib_cdc_v1_0_rfs.vhd:804]
	Parameter INIT bound to: 1'b0 
INFO: [Synth 8-113] binding component instance 'CROSS2_PLEVEL_IN2SCNDRY_s_level_out_bus_d4' to cell 'FDR' [/home/pablo/Documentos/02_Maestria_en_Sistemas_Embebidos/21_Sistemas_Digitales_para_las_Comunicaciones/workspace2/TP_FINAL_Micro_ver4/TP_FINAL_Micro_ver4.gen/sources_1/bd/system/ipshared/ef1e/hdl/lib_cdc_v1_0_rfs.vhd:804]
	Parameter INIT bound to: 1'b0 
INFO: [Synth 8-113] binding component instance 'CROSS2_PLEVEL_IN2SCNDRY_s_level_out_bus_d4' to cell 'FDR' [/home/pablo/Documentos/02_Maestria_en_Sistemas_Embebidos/21_Sistemas_Digitales_para_las_Comunicaciones/workspace2/TP_FINAL_Micro_ver4/TP_FINAL_Micro_ver4.gen/sources_1/bd/system/ipshared/ef1e/hdl/lib_cdc_v1_0_rfs.vhd:804]
	Parameter INIT bound to: 1'b0 
INFO: [Synth 8-113] binding component instance 'CROSS2_PLEVEL_IN2SCNDRY_s_level_out_bus_d4' to cell 'FDR' [/home/pablo/Documentos/02_Maestria_en_Sistemas_Embebidos/21_Sistemas_Digitales_para_las_Comunicaciones/workspace2/TP_FINAL_Micro_ver4/TP_FINAL_Micro_ver4.gen/sources_1/bd/system/ipshared/ef1e/hdl/lib_cdc_v1_0_rfs.vhd:804]
	Parameter INIT bound to: 1'b0 
INFO: [Synth 8-113] binding component instance 'CROSS2_PLEVEL_IN2SCNDRY_s_level_out_bus_d5' to cell 'FDR' [/home/pablo/Documentos/02_Maestria_en_Sistemas_Embebidos/21_Sistemas_Digitales_para_las_Comunicaciones/workspace2/TP_FINAL_Micro_ver4/TP_FINAL_Micro_ver4.gen/sources_1/bd/system/ipshared/ef1e/hdl/lib_cdc_v1_0_rfs.vhd:821]
	Parameter INIT bound to: 1'b0 
INFO: [Synth 8-113] binding component instance 'CROSS2_PLEVEL_IN2SCNDRY_s_level_out_bus_d5' to cell 'FDR' [/home/pablo/Documentos/02_Maestria_en_Sistemas_Embebidos/21_Sistemas_Digitales_para_las_Comunicaciones/workspace2/TP_FINAL_Micro_ver4/TP_FINAL_Micro_ver4.gen/sources_1/bd/system/ipshared/ef1e/hdl/lib_cdc_v1_0_rfs.vhd:821]
	Parameter INIT bound to: 1'b0 
INFO: [Synth 8-113] binding component instance 'CROSS2_PLEVEL_IN2SCNDRY_s_level_out_bus_d5' to cell 'FDR' [/home/pablo/Documentos/02_Maestria_en_Sistemas_Embebidos/21_Sistemas_Digitales_para_las_Comunicaciones/workspace2/TP_FINAL_Micro_ver4/TP_FINAL_Micro_ver4.gen/sources_1/bd/system/ipshared/ef1e/hdl/lib_cdc_v1_0_rfs.vhd:821]
	Parameter INIT bound to: 1'b0 
INFO: [Synth 8-113] binding component instance 'CROSS2_PLEVEL_IN2SCNDRY_s_level_out_bus_d5' to cell 'FDR' [/home/pablo/Documentos/02_Maestria_en_Sistemas_Embebidos/21_Sistemas_Digitales_para_las_Comunicaciones/workspace2/TP_FINAL_Micro_ver4/TP_FINAL_Micro_ver4.gen/sources_1/bd/system/ipshared/ef1e/hdl/lib_cdc_v1_0_rfs.vhd:821]
	Parameter INIT bound to: 1'b0 
INFO: [Synth 8-113] binding component instance 'CROSS2_PLEVEL_IN2SCNDRY_s_level_out_bus_d5' to cell 'FDR' [/home/pablo/Documentos/02_Maestria_en_Sistemas_Embebidos/21_Sistemas_Digitales_para_las_Comunicaciones/workspace2/TP_FINAL_Micro_ver4/TP_FINAL_Micro_ver4.gen/sources_1/bd/system/ipshared/ef1e/hdl/lib_cdc_v1_0_rfs.vhd:821]
	Parameter INIT bound to: 1'b0 
INFO: [Synth 8-113] binding component instance 'CROSS2_PLEVEL_IN2SCNDRY_s_level_out_bus_d5' to cell 'FDR' [/home/pablo/Documentos/02_Maestria_en_Sistemas_Embebidos/21_Sistemas_Digitales_para_las_Comunicaciones/workspace2/TP_FINAL_Micro_ver4/TP_FINAL_Micro_ver4.gen/sources_1/bd/system/ipshared/ef1e/hdl/lib_cdc_v1_0_rfs.vhd:821]
	Parameter INIT bound to: 1'b0 
INFO: [Synth 8-113] binding component instance 'CROSS2_PLEVEL_IN2SCNDRY_s_level_out_bus_d5' to cell 'FDR' [/home/pablo/Documentos/02_Maestria_en_Sistemas_Embebidos/21_Sistemas_Digitales_para_las_Comunicaciones/workspace2/TP_FINAL_Micro_ver4/TP_FINAL_Micro_ver4.gen/sources_1/bd/system/ipshared/ef1e/hdl/lib_cdc_v1_0_rfs.vhd:821]
	Parameter INIT bound to: 1'b0 
INFO: [Synth 8-113] binding component instance 'CROSS2_PLEVEL_IN2SCNDRY_s_level_out_bus_d5' to cell 'FDR' [/home/pablo/Documentos/02_Maestria_en_Sistemas_Embebidos/21_Sistemas_Digitales_para_las_Comunicaciones/workspace2/TP_FINAL_Micro_ver4/TP_FINAL_Micro_ver4.gen/sources_1/bd/system/ipshared/ef1e/hdl/lib_cdc_v1_0_rfs.vhd:821]
	Parameter INIT bound to: 1'b0 
INFO: [Synth 8-113] binding component instance 'CROSS2_PLEVEL_IN2SCNDRY_s_level_out_bus_d5' to cell 'FDR' [/home/pablo/Documentos/02_Maestria_en_Sistemas_Embebidos/21_Sistemas_Digitales_para_las_Comunicaciones/workspace2/TP_FINAL_Micro_ver4/TP_FINAL_Micro_ver4.gen/sources_1/bd/system/ipshared/ef1e/hdl/lib_cdc_v1_0_rfs.vhd:821]
	Parameter INIT bound to: 1'b0 
INFO: [Synth 8-113] binding component instance 'CROSS2_PLEVEL_IN2SCNDRY_s_level_out_bus_d5' to cell 'FDR' [/home/pablo/Documentos/02_Maestria_en_Sistemas_Embebidos/21_Sistemas_Digitales_para_las_Comunicaciones/workspace2/TP_FINAL_Micro_ver4/TP_FINAL_Micro_ver4.gen/sources_1/bd/system/ipshared/ef1e/hdl/lib_cdc_v1_0_rfs.vhd:821]
	Parameter INIT bound to: 1'b0 
INFO: [Synth 8-113] binding component instance 'CROSS2_PLEVEL_IN2SCNDRY_s_level_out_bus_d5' to cell 'FDR' [/home/pablo/Documentos/02_Maestria_en_Sistemas_Embebidos/21_Sistemas_Digitales_para_las_Comunicaciones/workspace2/TP_FINAL_Micro_ver4/TP_FINAL_Micro_ver4.gen/sources_1/bd/system/ipshared/ef1e/hdl/lib_cdc_v1_0_rfs.vhd:821]
	Parameter INIT bound to: 1'b0 
INFO: [Synth 8-113] binding component instance 'CROSS2_PLEVEL_IN2SCNDRY_s_level_out_bus_d5' to cell 'FDR' [/home/pablo/Documentos/02_Maestria_en_Sistemas_Embebidos/21_Sistemas_Digitales_para_las_Comunicaciones/workspace2/TP_FINAL_Micro_ver4/TP_FINAL_Micro_ver4.gen/sources_1/bd/system/ipshared/ef1e/hdl/lib_cdc_v1_0_rfs.vhd:821]
	Parameter INIT bound to: 1'b0 
INFO: [Synth 8-113] binding component instance 'CROSS2_PLEVEL_IN2SCNDRY_s_level_out_bus_d6' to cell 'FDR' [/home/pablo/Documentos/02_Maestria_en_Sistemas_Embebidos/21_Sistemas_Digitales_para_las_Comunicaciones/workspace2/TP_FINAL_Micro_ver4/TP_FINAL_Micro_ver4.gen/sources_1/bd/system/ipshared/ef1e/hdl/lib_cdc_v1_0_rfs.vhd:837]
	Parameter INIT bound to: 1'b0 
INFO: [Synth 8-113] binding component instance 'CROSS2_PLEVEL_IN2SCNDRY_s_level_out_bus_d6' to cell 'FDR' [/home/pablo/Documentos/02_Maestria_en_Sistemas_Embebidos/21_Sistemas_Digitales_para_las_Comunicaciones/workspace2/TP_FINAL_Micro_ver4/TP_FINAL_Micro_ver4.gen/sources_1/bd/system/ipshared/ef1e/hdl/lib_cdc_v1_0_rfs.vhd:837]
	Parameter INIT bound to: 1'b0 
INFO: [Synth 8-113] binding component instance 'CROSS2_PLEVEL_IN2SCNDRY_s_level_out_bus_d6' to cell 'FDR' [/home/pablo/Documentos/02_Maestria_en_Sistemas_Embebidos/21_Sistemas_Digitales_para_las_Comunicaciones/workspace2/TP_FINAL_Micro_ver4/TP_FINAL_Micro_ver4.gen/sources_1/bd/system/ipshared/ef1e/hdl/lib_cdc_v1_0_rfs.vhd:837]
	Parameter INIT bound to: 1'b0 
INFO: [Synth 8-113] binding component instance 'CROSS2_PLEVEL_IN2SCNDRY_s_level_out_bus_d6' to cell 'FDR' [/home/pablo/Documentos/02_Maestria_en_Sistemas_Embebidos/21_Sistemas_Digitales_para_las_Comunicaciones/workspace2/TP_FINAL_Micro_ver4/TP_FINAL_Micro_ver4.gen/sources_1/bd/system/ipshared/ef1e/hdl/lib_cdc_v1_0_rfs.vhd:837]
	Parameter INIT bound to: 1'b0 
INFO: [Synth 8-113] binding component instance 'CROSS2_PLEVEL_IN2SCNDRY_s_level_out_bus_d6' to cell 'FDR' [/home/pablo/Documentos/02_Maestria_en_Sistemas_Embebidos/21_Sistemas_Digitales_para_las_Comunicaciones/workspace2/TP_FINAL_Micro_ver4/TP_FINAL_Micro_ver4.gen/sources_1/bd/system/ipshared/ef1e/hdl/lib_cdc_v1_0_rfs.vhd:837]
	Parameter INIT bound to: 1'b0 
INFO: [Synth 8-113] binding component instance 'CROSS2_PLEVEL_IN2SCNDRY_s_level_out_bus_d6' to cell 'FDR' [/home/pablo/Documentos/02_Maestria_en_Sistemas_Embebidos/21_Sistemas_Digitales_para_las_Comunicaciones/workspace2/TP_FINAL_Micro_ver4/TP_FINAL_Micro_ver4.gen/sources_1/bd/system/ipshared/ef1e/hdl/lib_cdc_v1_0_rfs.vhd:837]
	Parameter INIT bound to: 1'b0 
INFO: [Synth 8-113] binding component instance 'CROSS2_PLEVEL_IN2SCNDRY_s_level_out_bus_d6' to cell 'FDR' [/home/pablo/Documentos/02_Maestria_en_Sistemas_Embebidos/21_Sistemas_Digitales_para_las_Comunicaciones/workspace2/TP_FINAL_Micro_ver4/TP_FINAL_Micro_ver4.gen/sources_1/bd/system/ipshared/ef1e/hdl/lib_cdc_v1_0_rfs.vhd:837]
	Parameter INIT bound to: 1'b0 
INFO: [Synth 8-113] binding component instance 'CROSS2_PLEVEL_IN2SCNDRY_s_level_out_bus_d6' to cell 'FDR' [/home/pablo/Documentos/02_Maestria_en_Sistemas_Embebidos/21_Sistemas_Digitales_para_las_Comunicaciones/workspace2/TP_FINAL_Micro_ver4/TP_FINAL_Micro_ver4.gen/sources_1/bd/system/ipshared/ef1e/hdl/lib_cdc_v1_0_rfs.vhd:837]
	Parameter INIT bound to: 1'b0 
INFO: [Synth 8-113] binding component instance 'CROSS2_PLEVEL_IN2SCNDRY_s_level_out_bus_d6' to cell 'FDR' [/home/pablo/Documentos/02_Maestria_en_Sistemas_Embebidos/21_Sistemas_Digitales_para_las_Comunicaciones/workspace2/TP_FINAL_Micro_ver4/TP_FINAL_Micro_ver4.gen/sources_1/bd/system/ipshared/ef1e/hdl/lib_cdc_v1_0_rfs.vhd:837]
	Parameter INIT bound to: 1'b0 
INFO: [Synth 8-113] binding component instance 'CROSS2_PLEVEL_IN2SCNDRY_s_level_out_bus_d6' to cell 'FDR' [/home/pablo/Documentos/02_Maestria_en_Sistemas_Embebidos/21_Sistemas_Digitales_para_las_Comunicaciones/workspace2/TP_FINAL_Micro_ver4/TP_FINAL_Micro_ver4.gen/sources_1/bd/system/ipshared/ef1e/hdl/lib_cdc_v1_0_rfs.vhd:837]
	Parameter INIT bound to: 1'b0 
INFO: [Synth 8-113] binding component instance 'CROSS2_PLEVEL_IN2SCNDRY_s_level_out_bus_d6' to cell 'FDR' [/home/pablo/Documentos/02_Maestria_en_Sistemas_Embebidos/21_Sistemas_Digitales_para_las_Comunicaciones/workspace2/TP_FINAL_Micro_ver4/TP_FINAL_Micro_ver4.gen/sources_1/bd/system/ipshared/ef1e/hdl/lib_cdc_v1_0_rfs.vhd:837]
	Parameter INIT bound to: 1'b0 
INFO: [Synth 8-113] binding component instance 'CROSS2_PLEVEL_IN2SCNDRY_s_level_out_bus_d6' to cell 'FDR' [/home/pablo/Documentos/02_Maestria_en_Sistemas_Embebidos/21_Sistemas_Digitales_para_las_Comunicaciones/workspace2/TP_FINAL_Micro_ver4/TP_FINAL_Micro_ver4.gen/sources_1/bd/system/ipshared/ef1e/hdl/lib_cdc_v1_0_rfs.vhd:837]
INFO: [Synth 8-256] done synthesizing module 'cdc_sync' (5#1) [/home/pablo/Documentos/02_Maestria_en_Sistemas_Embebidos/21_Sistemas_Digitales_para_las_Comunicaciones/workspace2/TP_FINAL_Micro_ver4/TP_FINAL_Micro_ver4.gen/sources_1/bd/system/ipshared/ef1e/hdl/lib_cdc_v1_0_rfs.vhd:106]
INFO: [Synth 8-638] synthesizing module 'cdc_sync__parameterized0' [/home/pablo/Documentos/02_Maestria_en_Sistemas_Embebidos/21_Sistemas_Digitales_para_las_Comunicaciones/workspace2/TP_FINAL_Micro_ver4/TP_FINAL_Micro_ver4.gen/sources_1/bd/system/ipshared/ef1e/hdl/lib_cdc_v1_0_rfs.vhd:106]
	Parameter INIT bound to: 1'b0 
INFO: [Synth 8-113] binding component instance 'CROSS2_PLEVEL_IN2SCNDRY_IN_cdc_to' to cell 'FDR' [/home/pablo/Documentos/02_Maestria_en_Sistemas_Embebidos/21_Sistemas_Digitales_para_las_Comunicaciones/workspace2/TP_FINAL_Micro_ver4/TP_FINAL_Micro_ver4.gen/sources_1/bd/system/ipshared/ef1e/hdl/lib_cdc_v1_0_rfs.vhd:736]
	Parameter INIT bound to: 1'b0 
INFO: [Synth 8-113] binding component instance 'CROSS2_PLEVEL_IN2SCNDRY_IN_cdc_to' to cell 'FDR' [/home/pablo/Documentos/02_Maestria_en_Sistemas_Embebidos/21_Sistemas_Digitales_para_las_Comunicaciones/workspace2/TP_FINAL_Micro_ver4/TP_FINAL_Micro_ver4.gen/sources_1/bd/system/ipshared/ef1e/hdl/lib_cdc_v1_0_rfs.vhd:736]
	Parameter INIT bound to: 1'b0 
INFO: [Synth 8-113] binding component instance 'CROSS2_PLEVEL_IN2SCNDRY_IN_cdc_to' to cell 'FDR' [/home/pablo/Documentos/02_Maestria_en_Sistemas_Embebidos/21_Sistemas_Digitales_para_las_Comunicaciones/workspace2/TP_FINAL_Micro_ver4/TP_FINAL_Micro_ver4.gen/sources_1/bd/system/ipshared/ef1e/hdl/lib_cdc_v1_0_rfs.vhd:736]
	Parameter INIT bound to: 1'b0 
INFO: [Synth 8-113] binding component instance 'CROSS2_PLEVEL_IN2SCNDRY_IN_cdc_to' to cell 'FDR' [/home/pablo/Documentos/02_Maestria_en_Sistemas_Embebidos/21_Sistemas_Digitales_para_las_Comunicaciones/workspace2/TP_FINAL_Micro_ver4/TP_FINAL_Micro_ver4.gen/sources_1/bd/system/ipshared/ef1e/hdl/lib_cdc_v1_0_rfs.vhd:736]
	Parameter INIT bound to: 1'b0 
INFO: [Synth 8-113] binding component instance 'CROSS2_PLEVEL_IN2SCNDRY_s_level_out_bus_d2' to cell 'FDR' [/home/pablo/Documentos/02_Maestria_en_Sistemas_Embebidos/21_Sistemas_Digitales_para_las_Comunicaciones/workspace2/TP_FINAL_Micro_ver4/TP_FINAL_Micro_ver4.gen/sources_1/bd/system/ipshared/ef1e/hdl/lib_cdc_v1_0_rfs.vhd:772]
	Parameter INIT bound to: 1'b0 
INFO: [Synth 8-113] binding component instance 'CROSS2_PLEVEL_IN2SCNDRY_s_level_out_bus_d2' to cell 'FDR' [/home/pablo/Documentos/02_Maestria_en_Sistemas_Embebidos/21_Sistemas_Digitales_para_las_Comunicaciones/workspace2/TP_FINAL_Micro_ver4/TP_FINAL_Micro_ver4.gen/sources_1/bd/system/ipshared/ef1e/hdl/lib_cdc_v1_0_rfs.vhd:772]
	Parameter INIT bound to: 1'b0 
INFO: [Synth 8-113] binding component instance 'CROSS2_PLEVEL_IN2SCNDRY_s_level_out_bus_d2' to cell 'FDR' [/home/pablo/Documentos/02_Maestria_en_Sistemas_Embebidos/21_Sistemas_Digitales_para_las_Comunicaciones/workspace2/TP_FINAL_Micro_ver4/TP_FINAL_Micro_ver4.gen/sources_1/bd/system/ipshared/ef1e/hdl/lib_cdc_v1_0_rfs.vhd:772]
	Parameter INIT bound to: 1'b0 
INFO: [Synth 8-113] binding component instance 'CROSS2_PLEVEL_IN2SCNDRY_s_level_out_bus_d2' to cell 'FDR' [/home/pablo/Documentos/02_Maestria_en_Sistemas_Embebidos/21_Sistemas_Digitales_para_las_Comunicaciones/workspace2/TP_FINAL_Micro_ver4/TP_FINAL_Micro_ver4.gen/sources_1/bd/system/ipshared/ef1e/hdl/lib_cdc_v1_0_rfs.vhd:772]
	Parameter INIT bound to: 1'b0 
INFO: [Synth 8-113] binding component instance 'CROSS2_PLEVEL_IN2SCNDRY_s_level_out_bus_d3' to cell 'FDR' [/home/pablo/Documentos/02_Maestria_en_Sistemas_Embebidos/21_Sistemas_Digitales_para_las_Comunicaciones/workspace2/TP_FINAL_Micro_ver4/TP_FINAL_Micro_ver4.gen/sources_1/bd/system/ipshared/ef1e/hdl/lib_cdc_v1_0_rfs.vhd:788]
	Parameter INIT bound to: 1'b0 
INFO: [Synth 8-113] binding component instance 'CROSS2_PLEVEL_IN2SCNDRY_s_level_out_bus_d3' to cell 'FDR' [/home/pablo/Documentos/02_Maestria_en_Sistemas_Embebidos/21_Sistemas_Digitales_para_las_Comunicaciones/workspace2/TP_FINAL_Micro_ver4/TP_FINAL_Micro_ver4.gen/sources_1/bd/system/ipshared/ef1e/hdl/lib_cdc_v1_0_rfs.vhd:788]
	Parameter INIT bound to: 1'b0 
INFO: [Synth 8-113] binding component instance 'CROSS2_PLEVEL_IN2SCNDRY_s_level_out_bus_d3' to cell 'FDR' [/home/pablo/Documentos/02_Maestria_en_Sistemas_Embebidos/21_Sistemas_Digitales_para_las_Comunicaciones/workspace2/TP_FINAL_Micro_ver4/TP_FINAL_Micro_ver4.gen/sources_1/bd/system/ipshared/ef1e/hdl/lib_cdc_v1_0_rfs.vhd:788]
	Parameter INIT bound to: 1'b0 
INFO: [Synth 8-113] binding component instance 'CROSS2_PLEVEL_IN2SCNDRY_s_level_out_bus_d3' to cell 'FDR' [/home/pablo/Documentos/02_Maestria_en_Sistemas_Embebidos/21_Sistemas_Digitales_para_las_Comunicaciones/workspace2/TP_FINAL_Micro_ver4/TP_FINAL_Micro_ver4.gen/sources_1/bd/system/ipshared/ef1e/hdl/lib_cdc_v1_0_rfs.vhd:788]
	Parameter INIT bound to: 1'b0 
INFO: [Synth 8-113] binding component instance 'CROSS2_PLEVEL_IN2SCNDRY_s_level_out_bus_d4' to cell 'FDR' [/home/pablo/Documentos/02_Maestria_en_Sistemas_Embebidos/21_Sistemas_Digitales_para_las_Comunicaciones/workspace2/TP_FINAL_Micro_ver4/TP_FINAL_Micro_ver4.gen/sources_1/bd/system/ipshared/ef1e/hdl/lib_cdc_v1_0_rfs.vhd:804]
	Parameter INIT bound to: 1'b0 
INFO: [Synth 8-113] binding component instance 'CROSS2_PLEVEL_IN2SCNDRY_s_level_out_bus_d4' to cell 'FDR' [/home/pablo/Documentos/02_Maestria_en_Sistemas_Embebidos/21_Sistemas_Digitales_para_las_Comunicaciones/workspace2/TP_FINAL_Micro_ver4/TP_FINAL_Micro_ver4.gen/sources_1/bd/system/ipshared/ef1e/hdl/lib_cdc_v1_0_rfs.vhd:804]
	Parameter INIT bound to: 1'b0 
INFO: [Synth 8-113] binding component instance 'CROSS2_PLEVEL_IN2SCNDRY_s_level_out_bus_d4' to cell 'FDR' [/home/pablo/Documentos/02_Maestria_en_Sistemas_Embebidos/21_Sistemas_Digitales_para_las_Comunicaciones/workspace2/TP_FINAL_Micro_ver4/TP_FINAL_Micro_ver4.gen/sources_1/bd/system/ipshared/ef1e/hdl/lib_cdc_v1_0_rfs.vhd:804]
	Parameter INIT bound to: 1'b0 
INFO: [Synth 8-113] binding component instance 'CROSS2_PLEVEL_IN2SCNDRY_s_level_out_bus_d4' to cell 'FDR' [/home/pablo/Documentos/02_Maestria_en_Sistemas_Embebidos/21_Sistemas_Digitales_para_las_Comunicaciones/workspace2/TP_FINAL_Micro_ver4/TP_FINAL_Micro_ver4.gen/sources_1/bd/system/ipshared/ef1e/hdl/lib_cdc_v1_0_rfs.vhd:804]
	Parameter INIT bound to: 1'b0 
INFO: [Synth 8-113] binding component instance 'CROSS2_PLEVEL_IN2SCNDRY_s_level_out_bus_d5' to cell 'FDR' [/home/pablo/Documentos/02_Maestria_en_Sistemas_Embebidos/21_Sistemas_Digitales_para_las_Comunicaciones/workspace2/TP_FINAL_Micro_ver4/TP_FINAL_Micro_ver4.gen/sources_1/bd/system/ipshared/ef1e/hdl/lib_cdc_v1_0_rfs.vhd:821]
	Parameter INIT bound to: 1'b0 
INFO: [Synth 8-113] binding component instance 'CROSS2_PLEVEL_IN2SCNDRY_s_level_out_bus_d5' to cell 'FDR' [/home/pablo/Documentos/02_Maestria_en_Sistemas_Embebidos/21_Sistemas_Digitales_para_las_Comunicaciones/workspace2/TP_FINAL_Micro_ver4/TP_FINAL_Micro_ver4.gen/sources_1/bd/system/ipshared/ef1e/hdl/lib_cdc_v1_0_rfs.vhd:821]
	Parameter INIT bound to: 1'b0 
INFO: [Synth 8-113] binding component instance 'CROSS2_PLEVEL_IN2SCNDRY_s_level_out_bus_d5' to cell 'FDR' [/home/pablo/Documentos/02_Maestria_en_Sistemas_Embebidos/21_Sistemas_Digitales_para_las_Comunicaciones/workspace2/TP_FINAL_Micro_ver4/TP_FINAL_Micro_ver4.gen/sources_1/bd/system/ipshared/ef1e/hdl/lib_cdc_v1_0_rfs.vhd:821]
	Parameter INIT bound to: 1'b0 
INFO: [Synth 8-113] binding component instance 'CROSS2_PLEVEL_IN2SCNDRY_s_level_out_bus_d5' to cell 'FDR' [/home/pablo/Documentos/02_Maestria_en_Sistemas_Embebidos/21_Sistemas_Digitales_para_las_Comunicaciones/workspace2/TP_FINAL_Micro_ver4/TP_FINAL_Micro_ver4.gen/sources_1/bd/system/ipshared/ef1e/hdl/lib_cdc_v1_0_rfs.vhd:821]
	Parameter INIT bound to: 1'b0 
INFO: [Synth 8-113] binding component instance 'CROSS2_PLEVEL_IN2SCNDRY_s_level_out_bus_d6' to cell 'FDR' [/home/pablo/Documentos/02_Maestria_en_Sistemas_Embebidos/21_Sistemas_Digitales_para_las_Comunicaciones/workspace2/TP_FINAL_Micro_ver4/TP_FINAL_Micro_ver4.gen/sources_1/bd/system/ipshared/ef1e/hdl/lib_cdc_v1_0_rfs.vhd:837]
	Parameter INIT bound to: 1'b0 
INFO: [Synth 8-113] binding component instance 'CROSS2_PLEVEL_IN2SCNDRY_s_level_out_bus_d6' to cell 'FDR' [/home/pablo/Documentos/02_Maestria_en_Sistemas_Embebidos/21_Sistemas_Digitales_para_las_Comunicaciones/workspace2/TP_FINAL_Micro_ver4/TP_FINAL_Micro_ver4.gen/sources_1/bd/system/ipshared/ef1e/hdl/lib_cdc_v1_0_rfs.vhd:837]
	Parameter INIT bound to: 1'b0 
INFO: [Synth 8-113] binding component instance 'CROSS2_PLEVEL_IN2SCNDRY_s_level_out_bus_d6' to cell 'FDR' [/home/pablo/Documentos/02_Maestria_en_Sistemas_Embebidos/21_Sistemas_Digitales_para_las_Comunicaciones/workspace2/TP_FINAL_Micro_ver4/TP_FINAL_Micro_ver4.gen/sources_1/bd/system/ipshared/ef1e/hdl/lib_cdc_v1_0_rfs.vhd:837]
	Parameter INIT bound to: 1'b0 
INFO: [Synth 8-113] binding component instance 'CROSS2_PLEVEL_IN2SCNDRY_s_level_out_bus_d6' to cell 'FDR' [/home/pablo/Documentos/02_Maestria_en_Sistemas_Embebidos/21_Sistemas_Digitales_para_las_Comunicaciones/workspace2/TP_FINAL_Micro_ver4/TP_FINAL_Micro_ver4.gen/sources_1/bd/system/ipshared/ef1e/hdl/lib_cdc_v1_0_rfs.vhd:837]
INFO: [Synth 8-256] done synthesizing module 'cdc_sync__parameterized0' (5#1) [/home/pablo/Documentos/02_Maestria_en_Sistemas_Embebidos/21_Sistemas_Digitales_para_las_Comunicaciones/workspace2/TP_FINAL_Micro_ver4/TP_FINAL_Micro_ver4.gen/sources_1/bd/system/ipshared/ef1e/hdl/lib_cdc_v1_0_rfs.vhd:106]
INFO: [Synth 8-256] done synthesizing module 'GPIO_Core' (6#1) [/home/pablo/Documentos/02_Maestria_en_Sistemas_Embebidos/21_Sistemas_Digitales_para_las_Comunicaciones/workspace2/TP_FINAL_Micro_ver4/TP_FINAL_Micro_ver4.gen/sources_1/bd/system/ipshared/65b4/hdl/axi_gpio_v2_0_vh_rfs.vhd:178]
INFO: [Synth 8-256] done synthesizing module 'axi_gpio' (7#1) [/home/pablo/Documentos/02_Maestria_en_Sistemas_Embebidos/21_Sistemas_Digitales_para_las_Comunicaciones/workspace2/TP_FINAL_Micro_ver4/TP_FINAL_Micro_ver4.gen/sources_1/bd/system/ipshared/65b4/hdl/axi_gpio_v2_0_vh_rfs.vhd:1351]
INFO: [Synth 8-256] done synthesizing module 'system_axi_gpio_1_0' (8#1) [/home/pablo/Documentos/02_Maestria_en_Sistemas_Embebidos/21_Sistemas_Digitales_para_las_Comunicaciones/workspace2/TP_FINAL_Micro_ver4/TP_FINAL_Micro_ver4.gen/sources_1/bd/system/ip/system_axi_gpio_1_0/synth/system_axi_gpio_1_0.vhd:87]
---------------------------------------------------------------------------------
Finished RTL Elaboration : Time (s): cpu = 00:00:09 ; elapsed = 00:00:12 . Memory (MB): peak = 2546.926 ; gain = 0.000 ; free physical = 2421 ; free virtual = 3659
---------------------------------------------------------------------------------
---------------------------------------------------------------------------------
Start Handling Custom Attributes
---------------------------------------------------------------------------------
---------------------------------------------------------------------------------
Finished Handling Custom Attributes : Time (s): cpu = 00:00:10 ; elapsed = 00:00:13 . Memory (MB): peak = 2546.926 ; gain = 0.000 ; free physical = 2598 ; free virtual = 3976
---------------------------------------------------------------------------------
---------------------------------------------------------------------------------
Finished RTL Optimization Phase 1 : Time (s): cpu = 00:00:10 ; elapsed = 00:00:13 . Memory (MB): peak = 2546.926 ; gain = 0.000 ; free physical = 2598 ; free virtual = 3976
---------------------------------------------------------------------------------
Netlist sorting complete. Time (s): cpu = 00:00:00.01 ; elapsed = 00:00:00.02 . Memory (MB): peak = 2546.926 ; gain = 0.000 ; free physical = 2571 ; free virtual = 3974
INFO: [Netlist 29-17] Analyzing 96 Unisim elements for replacement
INFO: [Netlist 29-28] Unisim Transformation completed in 0 CPU seconds
INFO: [Project 1-570] Preparing netlist for logic optimization

Processing XDC Constraints
Initializing timing engine
Parsing XDC File [/home/pablo/Documentos/02_Maestria_en_Sistemas_Embebidos/21_Sistemas_Digitales_para_las_Comunicaciones/workspace2/TP_FINAL_Micro_ver4/TP_FINAL_Micro_ver4.gen/sources_1/bd/system/ip/system_axi_gpio_1_0/system_axi_gpio_1_0_ooc.xdc] for cell 'U0'
Finished Parsing XDC File [/home/pablo/Documentos/02_Maestria_en_Sistemas_Embebidos/21_Sistemas_Digitales_para_las_Comunicaciones/workspace2/TP_FINAL_Micro_ver4/TP_FINAL_Micro_ver4.gen/sources_1/bd/system/ip/system_axi_gpio_1_0/system_axi_gpio_1_0_ooc.xdc] for cell 'U0'
Parsing XDC File [/home/pablo/Documentos/02_Maestria_en_Sistemas_Embebidos/21_Sistemas_Digitales_para_las_Comunicaciones/workspace2/TP_FINAL_Micro_ver4/TP_FINAL_Micro_ver4.gen/sources_1/bd/system/ip/system_axi_gpio_1_0/system_axi_gpio_1_0_board.xdc] for cell 'U0'
Finished Parsing XDC File [/home/pablo/Documentos/02_Maestria_en_Sistemas_Embebidos/21_Sistemas_Digitales_para_las_Comunicaciones/workspace2/TP_FINAL_Micro_ver4/TP_FINAL_Micro_ver4.gen/sources_1/bd/system/ip/system_axi_gpio_1_0/system_axi_gpio_1_0_board.xdc] for cell 'U0'
Parsing XDC File [/home/pablo/Documentos/02_Maestria_en_Sistemas_Embebidos/21_Sistemas_Digitales_para_las_Comunicaciones/workspace2/TP_FINAL_Micro_ver4/TP_FINAL_Micro_ver4.gen/sources_1/bd/system/ip/system_axi_gpio_1_0/system_axi_gpio_1_0.xdc] for cell 'U0'
Finished Parsing XDC File [/home/pablo/Documentos/02_Maestria_en_Sistemas_Embebidos/21_Sistemas_Digitales_para_las_Comunicaciones/workspace2/TP_FINAL_Micro_ver4/TP_FINAL_Micro_ver4.gen/sources_1/bd/system/ip/system_axi_gpio_1_0/system_axi_gpio_1_0.xdc] for cell 'U0'
Parsing XDC File [/home/pablo/Documentos/02_Maestria_en_Sistemas_Embebidos/21_Sistemas_Digitales_para_las_Comunicaciones/workspace2/TP_FINAL_Micro_ver4/TP_FINAL_Micro_ver4.runs/system_axi_gpio_1_0_synth_1/dont_touch.xdc]
Finished Parsing XDC File [/home/pablo/Documentos/02_Maestria_en_Sistemas_Embebidos/21_Sistemas_Digitales_para_las_Comunicaciones/workspace2/TP_FINAL_Micro_ver4/TP_FINAL_Micro_ver4.runs/system_axi_gpio_1_0_synth_1/dont_touch.xdc]
Completed Processing XDC Constraints

Netlist sorting complete. Time (s): cpu = 00:00:00 ; elapsed = 00:00:00 . Memory (MB): peak = 2610.832 ; gain = 0.000 ; free physical = 2263 ; free virtual = 3719
INFO: [Project 1-111] Unisim Transformation Summary:
  A total of 96 instances were transformed.
  FDR => FDRE: 96 instances

Constraint Validation Runtime : Time (s): cpu = 00:00:00.05 ; elapsed = 00:00:00.08 . Memory (MB): peak = 2610.832 ; gain = 0.000 ; free physical = 2250 ; free virtual = 3709
---------------------------------------------------------------------------------
Finished Constraint Validation : Time (s): cpu = 00:00:16 ; elapsed = 00:00:20 . Memory (MB): peak = 2610.832 ; gain = 63.906 ; free physical = 2347 ; free virtual = 3898
---------------------------------------------------------------------------------
---------------------------------------------------------------------------------
Start Loading Part and Timing Information
---------------------------------------------------------------------------------
Loading part: xc7a35ticsg324-1L
---------------------------------------------------------------------------------
Finished Loading Part and Timing Information : Time (s): cpu = 00:00:16 ; elapsed = 00:00:20 . Memory (MB): peak = 2610.832 ; gain = 63.906 ; free physical = 2347 ; free virtual = 3897
---------------------------------------------------------------------------------
---------------------------------------------------------------------------------
Start Applying 'set_property' XDC Constraints
---------------------------------------------------------------------------------
Applied set_property KEEP_HIERARCHY = SOFT for U0. (constraint file  /home/pablo/Documentos/02_Maestria_en_Sistemas_Embebidos/21_Sistemas_Digitales_para_las_Comunicaciones/workspace2/TP_FINAL_Micro_ver4/TP_FINAL_Micro_ver4.runs/system_axi_gpio_1_0_synth_1/dont_touch.xdc, line 9).
Applied set_property KEEP = true for gpio2_io_i[0]. (constraint file  auto generated constraint).
Applied set_property KEEP = true for U0/gpio_core_1/GPIO_IO_T[11]. (constraint file  auto generated constraint).
---------------------------------------------------------------------------------
Finished applying 'set_property' XDC Constraints : Time (s): cpu = 00:00:16 ; elapsed = 00:00:20 . Memory (MB): peak = 2610.832 ; gain = 63.906 ; free physical = 2348 ; free virtual = 3902
---------------------------------------------------------------------------------
INFO: [Synth 8-802] inferred FSM for state register 'state_reg' in module 'slave_attachment'
---------------------------------------------------------------------------------------------------
                   State |                     New Encoding |                Previous Encoding 
---------------------------------------------------------------------------------------------------
                 iSTATE2 |                             0001 |                               00
                  iSTATE |                             0010 |                               01
                 iSTATE0 |                             0100 |                               10
                 iSTATE1 |                             1000 |                               11
---------------------------------------------------------------------------------------------------
INFO: [Synth 8-3354] encoded FSM with state register 'state_reg' using encoding 'one-hot' in module 'slave_attachment'
---------------------------------------------------------------------------------
Finished RTL Optimization Phase 2 : Time (s): cpu = 00:00:17 ; elapsed = 00:00:21 . Memory (MB): peak = 2610.832 ; gain = 63.906 ; free physical = 2368 ; free virtual = 3925
---------------------------------------------------------------------------------
---------------------------------------------------------------------------------
Start RTL Component Statistics 
---------------------------------------------------------------------------------
Detailed RTL Component Info : 
+---Adders : 
	   2 Input    4 Bit       Adders := 1     
+---Registers : 
	               32 Bit    Registers := 2     
	               12 Bit    Registers := 3     
	                9 Bit    Registers := 1     
	                4 Bit    Registers := 4     
	                2 Bit    Registers := 3     
	                1 Bit    Registers := 18    
+---Muxes : 
	   2 Input   32 Bit        Muxes := 1     
	   2 Input   12 Bit        Muxes := 2     
	   2 Input    9 Bit        Muxes := 1     
	   4 Input    4 Bit        Muxes := 1     
	   2 Input    4 Bit        Muxes := 8     
	   7 Input    2 Bit        Muxes := 1     
	   2 Input    2 Bit        Muxes := 2     
	   4 Input    2 Bit        Muxes := 2     
	   2 Input    1 Bit        Muxes := 36    
	   4 Input    1 Bit        Muxes := 3     
---------------------------------------------------------------------------------
Finished RTL Component Statistics 
---------------------------------------------------------------------------------
---------------------------------------------------------------------------------
Start Part Resource Summary
---------------------------------------------------------------------------------
Part Resources:
DSPs: 90 (col length:60)
BRAMs: 100 (col length: RAMB18 60 RAMB36 30)
---------------------------------------------------------------------------------
Finished Part Resource Summary
---------------------------------------------------------------------------------
---------------------------------------------------------------------------------
Start Cross Boundary and Area Optimization
---------------------------------------------------------------------------------
---------------------------------------------------------------------------------
Finished Cross Boundary and Area Optimization : Time (s): cpu = 00:00:18 ; elapsed = 00:00:22 . Memory (MB): peak = 2610.832 ; gain = 63.906 ; free physical = 2298 ; free virtual = 3872
---------------------------------------------------------------------------------
---------------------------------------------------------------------------------
Start Applying XDC Timing Constraints
---------------------------------------------------------------------------------
---------------------------------------------------------------------------------
Finished Applying XDC Timing Constraints : Time (s): cpu = 00:00:24 ; elapsed = 00:00:29 . Memory (MB): peak = 2610.832 ; gain = 63.906 ; free physical = 1958 ; free virtual = 3554
---------------------------------------------------------------------------------
---------------------------------------------------------------------------------
Start Timing Optimization
---------------------------------------------------------------------------------
---------------------------------------------------------------------------------
Finished Timing Optimization : Time (s): cpu = 00:00:24 ; elapsed = 00:00:29 . Memory (MB): peak = 2610.832 ; gain = 63.906 ; free physical = 1925 ; free virtual = 3521
---------------------------------------------------------------------------------
---------------------------------------------------------------------------------
Start Technology Mapping
---------------------------------------------------------------------------------
---------------------------------------------------------------------------------
Finished Technology Mapping : Time (s): cpu = 00:00:25 ; elapsed = 00:00:29 . Memory (MB): peak = 2610.832 ; gain = 63.906 ; free physical = 1928 ; free virtual = 3524
---------------------------------------------------------------------------------
---------------------------------------------------------------------------------
Start IO Insertion
---------------------------------------------------------------------------------
---------------------------------------------------------------------------------
Start Flattening Before IO Insertion
---------------------------------------------------------------------------------
---------------------------------------------------------------------------------
Finished Flattening Before IO Insertion
---------------------------------------------------------------------------------
---------------------------------------------------------------------------------
Start Final Netlist Cleanup
---------------------------------------------------------------------------------
---------------------------------------------------------------------------------
Finished Final Netlist Cleanup
---------------------------------------------------------------------------------
---------------------------------------------------------------------------------
Finished IO Insertion : Time (s): cpu = 00:00:28 ; elapsed = 00:00:32 . Memory (MB): peak = 2610.832 ; gain = 63.906 ; free physical = 1937 ; free virtual = 3533
---------------------------------------------------------------------------------
---------------------------------------------------------------------------------
Start Renaming Generated Instances
---------------------------------------------------------------------------------
---------------------------------------------------------------------------------
Finished Renaming Generated Instances : Time (s): cpu = 00:00:28 ; elapsed = 00:00:32 . Memory (MB): peak = 2610.832 ; gain = 63.906 ; free physical = 1937 ; free virtual = 3533
---------------------------------------------------------------------------------
---------------------------------------------------------------------------------
Start Rebuilding User Hierarchy
---------------------------------------------------------------------------------
---------------------------------------------------------------------------------
Finished Rebuilding User Hierarchy : Time (s): cpu = 00:00:28 ; elapsed = 00:00:32 . Memory (MB): peak = 2610.832 ; gain = 63.906 ; free physical = 1937 ; free virtual = 3533
---------------------------------------------------------------------------------
---------------------------------------------------------------------------------
Start Renaming Generated Ports
---------------------------------------------------------------------------------
---------------------------------------------------------------------------------
Finished Renaming Generated Ports : Time (s): cpu = 00:00:28 ; elapsed = 00:00:32 . Memory (MB): peak = 2610.832 ; gain = 63.906 ; free physical = 1937 ; free virtual = 3533
---------------------------------------------------------------------------------
---------------------------------------------------------------------------------
Start Handling Custom Attributes
---------------------------------------------------------------------------------
---------------------------------------------------------------------------------
Finished Handling Custom Attributes : Time (s): cpu = 00:00:28 ; elapsed = 00:00:33 . Memory (MB): peak = 2610.832 ; gain = 63.906 ; free physical = 1937 ; free virtual = 3533
---------------------------------------------------------------------------------
---------------------------------------------------------------------------------
Start Renaming Generated Nets
---------------------------------------------------------------------------------
---------------------------------------------------------------------------------
Finished Renaming Generated Nets : Time (s): cpu = 00:00:28 ; elapsed = 00:00:33 . Memory (MB): peak = 2610.832 ; gain = 63.906 ; free physical = 1937 ; free virtual = 3533
---------------------------------------------------------------------------------
---------------------------------------------------------------------------------
Start Writing Synthesis Report
---------------------------------------------------------------------------------

Report BlackBoxes: 
+-+--------------+----------+
| |BlackBox name |Instances |
+-+--------------+----------+
+-+--------------+----------+

Report Cell Usage: 
+------+-----+------+
|      |Cell |Count |
+------+-----+------+
|1     |LUT1 |     2|
|2     |LUT2 |    12|
|3     |LUT3 |    17|
|4     |LUT4 |     8|
|5     |LUT5 |    43|
|6     |LUT6 |    20|
|7     |FDR  |    64|
|8     |FDRE |   111|
|9     |FDSE |    17|
+------+-----+------+
---------------------------------------------------------------------------------
Finished Writing Synthesis Report : Time (s): cpu = 00:00:28 ; elapsed = 00:00:33 . Memory (MB): peak = 2610.832 ; gain = 63.906 ; free physical = 1937 ; free virtual = 3533
---------------------------------------------------------------------------------
Synthesis finished with 0 errors, 0 critical warnings and 0 warnings.
Synthesis Optimization Runtime : Time (s): cpu = 00:00:26 ; elapsed = 00:00:30 . Memory (MB): peak = 2610.832 ; gain = 0.000 ; free physical = 1986 ; free virtual = 3582
Synthesis Optimization Complete : Time (s): cpu = 00:00:28 ; elapsed = 00:00:33 . Memory (MB): peak = 2610.832 ; gain = 63.906 ; free physical = 1985 ; free virtual = 3582
INFO: [Project 1-571] Translating synthesized netlist
Netlist sorting complete. Time (s): cpu = 00:00:00.01 ; elapsed = 00:00:00.01 . Memory (MB): peak = 2610.832 ; gain = 0.000 ; free physical = 1988 ; free virtual = 3594
INFO: [Netlist 29-17] Analyzing 64 Unisim elements for replacement
INFO: [Netlist 29-28] Unisim Transformation completed in 0 CPU seconds
INFO: [Project 1-570] Preparing netlist for logic optimization
INFO: [Opt 31-138] Pushed 0 inverter(s) to 0 load pin(s).
Netlist sorting complete. Time (s): cpu = 00:00:00 ; elapsed = 00:00:00 . Memory (MB): peak = 2610.832 ; gain = 0.000 ; free physical = 2122 ; free virtual = 3792
INFO: [Project 1-111] Unisim Transformation Summary:
  A total of 64 instances were transformed.
  FDR => FDRE: 64 instances

Synth Design complete, checksum: 32cd4e6b
INFO: [Common 17-83] Releasing license: Synthesis
141 Infos, 0 Warnings, 0 Critical Warnings and 0 Errors encountered.
synth_design completed successfully
synth_design: Time (s): cpu = 00:00:42 ; elapsed = 00:00:38 . Memory (MB): peak = 2610.832 ; gain = 64.031 ; free physical = 2326 ; free virtual = 3997
INFO: [Common 17-1381] The checkpoint '/home/pablo/Documentos/02_Maestria_en_Sistemas_Embebidos/21_Sistemas_Digitales_para_las_Comunicaciones/workspace2/TP_FINAL_Micro_ver4/TP_FINAL_Micro_ver4.runs/system_axi_gpio_1_0_synth_1/system_axi_gpio_1_0.dcp' has been generated.
INFO: [Coretcl 2-1648] Added synthesis output to IP cache for IP system_axi_gpio_1_0, cache-ID = de8ca69e35b407b8
INFO: [Coretcl 2-1174] Renamed 7 cell refs.
INFO: [Common 17-1381] The checkpoint '/home/pablo/Documentos/02_Maestria_en_Sistemas_Embebidos/21_Sistemas_Digitales_para_las_Comunicaciones/workspace2/TP_FINAL_Micro_ver4/TP_FINAL_Micro_ver4.runs/system_axi_gpio_1_0_synth_1/system_axi_gpio_1_0.dcp' has been generated.
INFO: [runtcl-4] Executing : report_utilization -file system_axi_gpio_1_0_utilization_synth.rpt -pb system_axi_gpio_1_0_utilization_synth.pb
INFO: [Common 17-206] Exiting Vivado at Thu Feb 17 18:30:11 2022...
