19:58:23 INFO  : Launching XSCT server: xsct -n  -interactive /home/pablo/Documentos/02_Maestria_en_Sistemas_Embebidos/21_Sistemas_Digitales_para_las_Comunicaciones/workspace2/micro_3/temp_xsdb_launch_script.tcl
19:58:23 INFO  : Platform repository initialization has completed.
19:58:23 INFO  : Registering command handlers for Vitis TCF services
19:58:28 INFO  : XSCT server has started successfully.
19:58:28 INFO  : plnx-install-location is set to ''
19:58:28 INFO  : Successfully done setting XSCT server connection channel  
19:58:28 INFO  : Successfully done setting workspace for the tool. 
19:58:28 INFO  : Successfully done query RDI_DATADIR 
19:58:57 INFO  : Result from executing command 'getProjects': system_wrapper
19:58:57 INFO  : Result from executing command 'getPlatforms': 
19:58:57 WARN  : An unexpected exception occurred in the module 'platform project logging'
19:58:57 INFO  : Platform 'system_wrapper' is added to custom repositories.
19:58:59 INFO  : Platform 'system_wrapper' is added to custom repositories.
19:59:57 INFO  : Result from executing command 'getProjects': system_wrapper
19:59:57 INFO  : Result from executing command 'getPlatforms': system_wrapper|/home/pablo/Documentos/02_Maestria_en_Sistemas_Embebidos/21_Sistemas_Digitales_para_las_Comunicaciones/workspace2/micro_3/system_wrapper/export/system_wrapper/system_wrapper.xpfm
20:00:00 INFO  : Checking for BSP changes to sync application flags for project 'micro_3'...
20:09:10 INFO  : Checking for BSP changes to sync application flags for project 'micro_3'...
20:17:56 INFO  : Checking for BSP changes to sync application flags for project 'micro_3'...
20:18:19 INFO  : Bit file '/home/pablo/Documentos/02_Maestria_en_Sistemas_Embebidos/21_Sistemas_Digitales_para_las_Comunicaciones/workspace2/micro_3/micro_3/_ide/bitstream/download.bit' is generated.
20:18:20 INFO  : Connected to target on host '127.0.0.1' and port '3121'.
20:18:20 INFO  : 'targets -set -filter {jtag_cable_name =~ "Digilent Arty A7-35T 210319B0C3C4A" && level==0 && jtag_device_ctx=="jsn-Arty A7-35T-210319B0C3C4A-0362d093-0"}' command is executed.
20:18:21 INFO  : Device configured successfully with "/home/pablo/Documentos/02_Maestria_en_Sistemas_Embebidos/21_Sistemas_Digitales_para_las_Comunicaciones/workspace2/micro_3/micro_3/_ide/bitstream/download.bit"
20:18:41 INFO  : Connected to target on host '127.0.0.1' and port '3121'.
20:18:41 INFO  : Jtag cable 'Digilent Arty A7-35T 210319B0C3C4A' is selected.
20:18:41 INFO  : 'jtag frequency' command is executed.
20:18:41 INFO  : 'targets -set -filter {jtag_cable_name =~ "Digilent Arty A7-35T 210319B0C3C4A" && level==0 && jtag_device_ctx=="jsn-Arty A7-35T-210319B0C3C4A-0362d093-0"}' command is executed.
20:18:42 INFO  : Device configured successfully with "/home/pablo/Documentos/02_Maestria_en_Sistemas_Embebidos/21_Sistemas_Digitales_para_las_Comunicaciones/workspace2/micro_3/micro_3/_ide/bitstream/download.bit"
20:18:42 INFO  : Context for processor 'microblaze_0' is selected.
20:18:42 INFO  : Hardware design and registers information is loaded from '/home/pablo/Documentos/02_Maestria_en_Sistemas_Embebidos/21_Sistemas_Digitales_para_las_Comunicaciones/workspace2/micro_3/system_wrapper/export/system_wrapper/hw/system_wrapper.xsa'.
20:18:42 INFO  : 'configparams mdm-detect-bscan-mask 2' command is executed.
20:18:43 INFO  : Context for processor 'microblaze_0' is selected.
20:18:43 INFO  : System reset is completed.
20:18:46 INFO  : 'after 3000' command is executed.
20:18:46 INFO  : Context for processor 'microblaze_0' is selected.
20:18:46 INFO  : The application '/home/pablo/Documentos/02_Maestria_en_Sistemas_Embebidos/21_Sistemas_Digitales_para_las_Comunicaciones/workspace2/micro_3/micro_3/Debug/micro_3.elf' is downloaded to processor 'microblaze_0'.
20:18:46 INFO  : ----------------XSDB Script----------------
connect -url tcp:127.0.0.1:3121
targets -set -filter {jtag_cable_name =~ "Digilent Arty A7-35T 210319B0C3C4A" && level==0 && jtag_device_ctx=="jsn-Arty A7-35T-210319B0C3C4A-0362d093-0"}
fpga -file /home/pablo/Documentos/02_Maestria_en_Sistemas_Embebidos/21_Sistemas_Digitales_para_las_Comunicaciones/workspace2/micro_3/micro_3/_ide/bitstream/download.bit
targets -set -nocase -filter {name =~ "*microblaze*#0" && bscan=="USER2" }
loadhw -hw /home/pablo/Documentos/02_Maestria_en_Sistemas_Embebidos/21_Sistemas_Digitales_para_las_Comunicaciones/workspace2/micro_3/system_wrapper/export/system_wrapper/hw/system_wrapper.xsa -regs
configparams mdm-detect-bscan-mask 2
targets -set -nocase -filter {name =~ "*microblaze*#0" && bscan=="USER2" }
rst -system
after 3000
targets -set -nocase -filter {name =~ "*microblaze*#0" && bscan=="USER2" }
dow /home/pablo/Documentos/02_Maestria_en_Sistemas_Embebidos/21_Sistemas_Digitales_para_las_Comunicaciones/workspace2/micro_3/micro_3/Debug/micro_3.elf
----------------End of Script----------------

20:18:46 INFO  : Context for processor 'microblaze_0' is selected.
20:18:46 INFO  : 'con' command is executed.
20:18:46 INFO  : ----------------XSDB Script (After Launch)----------------
targets -set -nocase -filter {name =~ "*microblaze*#0" && bscan=="USER2" }
con
----------------End of Script----------------

20:18:46 INFO  : Launch script is exported to file '/home/pablo/Documentos/02_Maestria_en_Sistemas_Embebidos/21_Sistemas_Digitales_para_las_Comunicaciones/workspace2/micro_3/micro_3_system/_ide/scripts/systemdebugger_micro_3_system_standalone.tcl'
20:20:15 INFO  : Disconnected from the channel tcfchan#2.
20:20:15 INFO  : Connected to target on host '127.0.0.1' and port '3121'.
20:20:15 INFO  : Jtag cable 'Digilent Arty A7-35T 210319B0C3C4A' is selected.
20:20:15 INFO  : 'jtag frequency' command is executed.
20:20:16 INFO  : 'targets -set -filter {jtag_cable_name =~ "Digilent Arty A7-35T 210319B0C3C4A" && level==0 && jtag_device_ctx=="jsn-Arty A7-35T-210319B0C3C4A-0362d093-0"}' command is executed.
20:20:17 INFO  : Device configured successfully with "/home/pablo/Documentos/02_Maestria_en_Sistemas_Embebidos/21_Sistemas_Digitales_para_las_Comunicaciones/workspace2/micro_3/micro_3/_ide/bitstream/download.bit"
20:20:17 INFO  : Context for processor 'microblaze_0' is selected.
20:20:17 INFO  : Hardware design and registers information is loaded from '/home/pablo/Documentos/02_Maestria_en_Sistemas_Embebidos/21_Sistemas_Digitales_para_las_Comunicaciones/workspace2/micro_3/system_wrapper/export/system_wrapper/hw/system_wrapper.xsa'.
20:20:17 INFO  : 'configparams mdm-detect-bscan-mask 2' command is executed.
20:20:17 INFO  : Context for processor 'microblaze_0' is selected.
20:20:17 INFO  : System reset is completed.
20:20:20 INFO  : 'after 3000' command is executed.
20:20:20 INFO  : Context for processor 'microblaze_0' is selected.
20:20:20 INFO  : The application '/home/pablo/Documentos/02_Maestria_en_Sistemas_Embebidos/21_Sistemas_Digitales_para_las_Comunicaciones/workspace2/micro_3/micro_3/Debug/micro_3.elf' is downloaded to processor 'microblaze_0'.
20:20:20 INFO  : ----------------XSDB Script----------------
connect -url tcp:127.0.0.1:3121
targets -set -filter {jtag_cable_name =~ "Digilent Arty A7-35T 210319B0C3C4A" && level==0 && jtag_device_ctx=="jsn-Arty A7-35T-210319B0C3C4A-0362d093-0"}
fpga -file /home/pablo/Documentos/02_Maestria_en_Sistemas_Embebidos/21_Sistemas_Digitales_para_las_Comunicaciones/workspace2/micro_3/micro_3/_ide/bitstream/download.bit
targets -set -nocase -filter {name =~ "*microblaze*#0" && bscan=="USER2" }
loadhw -hw /home/pablo/Documentos/02_Maestria_en_Sistemas_Embebidos/21_Sistemas_Digitales_para_las_Comunicaciones/workspace2/micro_3/system_wrapper/export/system_wrapper/hw/system_wrapper.xsa -regs
configparams mdm-detect-bscan-mask 2
targets -set -nocase -filter {name =~ "*microblaze*#0" && bscan=="USER2" }
rst -system
after 3000
targets -set -nocase -filter {name =~ "*microblaze*#0" && bscan=="USER2" }
dow /home/pablo/Documentos/02_Maestria_en_Sistemas_Embebidos/21_Sistemas_Digitales_para_las_Comunicaciones/workspace2/micro_3/micro_3/Debug/micro_3.elf
----------------End of Script----------------

20:20:20 INFO  : Context for processor 'microblaze_0' is selected.
20:20:20 INFO  : 'con' command is executed.
20:20:20 INFO  : ----------------XSDB Script (After Launch)----------------
targets -set -nocase -filter {name =~ "*microblaze*#0" && bscan=="USER2" }
con
----------------End of Script----------------

20:20:20 INFO  : Launch script is exported to file '/home/pablo/Documentos/02_Maestria_en_Sistemas_Embebidos/21_Sistemas_Digitales_para_las_Comunicaciones/workspace2/micro_3/micro_3_system/_ide/scripts/systemdebugger_micro_3_system_standalone.tcl'
20:27:06 INFO  : Checking for BSP changes to sync application flags for project 'micro_3'...
20:30:18 INFO  : Checking for BSP changes to sync application flags for project 'micro_3'...
20:30:38 INFO  : Checking for BSP changes to sync application flags for project 'micro_3'...
20:30:56 INFO  : Checking for BSP changes to sync application flags for project 'micro_3'...
20:32:22 INFO  : Checking for BSP changes to sync application flags for project 'micro_3'...
20:32:58 INFO  : Checking for BSP changes to sync application flags for project 'micro_3'...
20:34:12 INFO  : Checking for BSP changes to sync application flags for project 'micro_3'...
20:34:35 INFO  : Checking for BSP changes to sync application flags for project 'micro_3'...
20:34:59 INFO  : Bit file '/home/pablo/Documentos/02_Maestria_en_Sistemas_Embebidos/21_Sistemas_Digitales_para_las_Comunicaciones/workspace2/micro_3/micro_3/_ide/bitstream/download.bit' is generated.
20:34:59 INFO  : Connected to target on host '127.0.0.1' and port '3121'.
20:34:59 INFO  : 'targets -set -filter {jtag_cable_name =~ "Digilent Arty A7-35T 210319B0C3C4A" && level==0 && jtag_device_ctx=="jsn-Arty A7-35T-210319B0C3C4A-0362d093-0"}' command is executed.
20:35:01 INFO  : Device configured successfully with "/home/pablo/Documentos/02_Maestria_en_Sistemas_Embebidos/21_Sistemas_Digitales_para_las_Comunicaciones/workspace2/micro_3/micro_3/_ide/bitstream/download.bit"
20:35:17 INFO  : Disconnected from the channel tcfchan#3.
20:35:17 INFO  : Connected to target on host '127.0.0.1' and port '3121'.
20:35:18 INFO  : Jtag cable 'Digilent Arty A7-35T 210319B0C3C4A' is selected.
20:35:18 INFO  : 'jtag frequency' command is executed.
20:35:18 INFO  : 'targets -set -filter {jtag_cable_name =~ "Digilent Arty A7-35T 210319B0C3C4A" && level==0 && jtag_device_ctx=="jsn-Arty A7-35T-210319B0C3C4A-0362d093-0"}' command is executed.
20:35:19 INFO  : Device configured successfully with "/home/pablo/Documentos/02_Maestria_en_Sistemas_Embebidos/21_Sistemas_Digitales_para_las_Comunicaciones/workspace2/micro_3/micro_3/_ide/bitstream/download.bit"
20:35:19 INFO  : Context for processor 'microblaze_0' is selected.
20:35:19 INFO  : Hardware design and registers information is loaded from '/home/pablo/Documentos/02_Maestria_en_Sistemas_Embebidos/21_Sistemas_Digitales_para_las_Comunicaciones/workspace2/micro_3/system_wrapper/export/system_wrapper/hw/system_wrapper.xsa'.
20:35:19 INFO  : 'configparams mdm-detect-bscan-mask 2' command is executed.
20:35:19 INFO  : Context for processor 'microblaze_0' is selected.
20:35:19 INFO  : System reset is completed.
20:35:22 INFO  : 'after 3000' command is executed.
20:35:22 INFO  : Context for processor 'microblaze_0' is selected.
20:35:22 INFO  : The application '/home/pablo/Documentos/02_Maestria_en_Sistemas_Embebidos/21_Sistemas_Digitales_para_las_Comunicaciones/workspace2/micro_3/micro_3/Debug/micro_3.elf' is downloaded to processor 'microblaze_0'.
20:35:22 INFO  : ----------------XSDB Script----------------
connect -url tcp:127.0.0.1:3121
targets -set -filter {jtag_cable_name =~ "Digilent Arty A7-35T 210319B0C3C4A" && level==0 && jtag_device_ctx=="jsn-Arty A7-35T-210319B0C3C4A-0362d093-0"}
fpga -file /home/pablo/Documentos/02_Maestria_en_Sistemas_Embebidos/21_Sistemas_Digitales_para_las_Comunicaciones/workspace2/micro_3/micro_3/_ide/bitstream/download.bit
targets -set -nocase -filter {name =~ "*microblaze*#0" && bscan=="USER2" }
loadhw -hw /home/pablo/Documentos/02_Maestria_en_Sistemas_Embebidos/21_Sistemas_Digitales_para_las_Comunicaciones/workspace2/micro_3/system_wrapper/export/system_wrapper/hw/system_wrapper.xsa -regs
configparams mdm-detect-bscan-mask 2
targets -set -nocase -filter {name =~ "*microblaze*#0" && bscan=="USER2" }
rst -system
after 3000
targets -set -nocase -filter {name =~ "*microblaze*#0" && bscan=="USER2" }
dow /home/pablo/Documentos/02_Maestria_en_Sistemas_Embebidos/21_Sistemas_Digitales_para_las_Comunicaciones/workspace2/micro_3/micro_3/Debug/micro_3.elf
----------------End of Script----------------

20:35:22 INFO  : Context for processor 'microblaze_0' is selected.
20:35:22 INFO  : 'con' command is executed.
20:35:22 INFO  : ----------------XSDB Script (After Launch)----------------
targets -set -nocase -filter {name =~ "*microblaze*#0" && bscan=="USER2" }
con
----------------End of Script----------------

20:35:22 INFO  : Launch script is exported to file '/home/pablo/Documentos/02_Maestria_en_Sistemas_Embebidos/21_Sistemas_Digitales_para_las_Comunicaciones/workspace2/micro_3/micro_3_system/_ide/scripts/systemdebugger_micro_3_system_standalone.tcl'
20:42:15 INFO  : Checking for BSP changes to sync application flags for project 'micro_3'...
20:42:35 INFO  : Bit file '/home/pablo/Documentos/02_Maestria_en_Sistemas_Embebidos/21_Sistemas_Digitales_para_las_Comunicaciones/workspace2/micro_3/micro_3/_ide/bitstream/download.bit' is generated.
20:42:35 INFO  : Connected to target on host '127.0.0.1' and port '3121'.
20:42:35 INFO  : 'targets -set -filter {jtag_cable_name =~ "Digilent Arty A7-35T 210319B0C3C4A" && level==0 && jtag_device_ctx=="jsn-Arty A7-35T-210319B0C3C4A-0362d093-0"}' command is executed.
20:42:36 INFO  : Device configured successfully with "/home/pablo/Documentos/02_Maestria_en_Sistemas_Embebidos/21_Sistemas_Digitales_para_las_Comunicaciones/workspace2/micro_3/micro_3/_ide/bitstream/download.bit"
20:42:54 INFO  : Disconnected from the channel tcfchan#4.
20:42:54 INFO  : Connected to target on host '127.0.0.1' and port '3121'.
20:42:55 INFO  : Jtag cable 'Digilent Arty A7-35T 210319B0C3C4A' is selected.
20:42:55 INFO  : 'jtag frequency' command is executed.
20:42:55 INFO  : 'targets -set -filter {jtag_cable_name =~ "Digilent Arty A7-35T 210319B0C3C4A" && level==0 && jtag_device_ctx=="jsn-Arty A7-35T-210319B0C3C4A-0362d093-0"}' command is executed.
20:42:56 INFO  : Device configured successfully with "/home/pablo/Documentos/02_Maestria_en_Sistemas_Embebidos/21_Sistemas_Digitales_para_las_Comunicaciones/workspace2/micro_3/micro_3/_ide/bitstream/download.bit"
20:42:56 INFO  : Context for processor 'microblaze_0' is selected.
20:42:56 INFO  : Hardware design and registers information is loaded from '/home/pablo/Documentos/02_Maestria_en_Sistemas_Embebidos/21_Sistemas_Digitales_para_las_Comunicaciones/workspace2/micro_3/system_wrapper/export/system_wrapper/hw/system_wrapper.xsa'.
20:42:56 INFO  : 'configparams mdm-detect-bscan-mask 2' command is executed.
20:42:56 INFO  : Context for processor 'microblaze_0' is selected.
20:42:56 INFO  : System reset is completed.
20:42:59 INFO  : 'after 3000' command is executed.
20:42:59 INFO  : Context for processor 'microblaze_0' is selected.
20:42:59 INFO  : The application '/home/pablo/Documentos/02_Maestria_en_Sistemas_Embebidos/21_Sistemas_Digitales_para_las_Comunicaciones/workspace2/micro_3/micro_3/Debug/micro_3.elf' is downloaded to processor 'microblaze_0'.
20:42:59 INFO  : ----------------XSDB Script----------------
connect -url tcp:127.0.0.1:3121
targets -set -filter {jtag_cable_name =~ "Digilent Arty A7-35T 210319B0C3C4A" && level==0 && jtag_device_ctx=="jsn-Arty A7-35T-210319B0C3C4A-0362d093-0"}
fpga -file /home/pablo/Documentos/02_Maestria_en_Sistemas_Embebidos/21_Sistemas_Digitales_para_las_Comunicaciones/workspace2/micro_3/micro_3/_ide/bitstream/download.bit
targets -set -nocase -filter {name =~ "*microblaze*#0" && bscan=="USER2" }
loadhw -hw /home/pablo/Documentos/02_Maestria_en_Sistemas_Embebidos/21_Sistemas_Digitales_para_las_Comunicaciones/workspace2/micro_3/system_wrapper/export/system_wrapper/hw/system_wrapper.xsa -regs
configparams mdm-detect-bscan-mask 2
targets -set -nocase -filter {name =~ "*microblaze*#0" && bscan=="USER2" }
rst -system
after 3000
targets -set -nocase -filter {name =~ "*microblaze*#0" && bscan=="USER2" }
dow /home/pablo/Documentos/02_Maestria_en_Sistemas_Embebidos/21_Sistemas_Digitales_para_las_Comunicaciones/workspace2/micro_3/micro_3/Debug/micro_3.elf
----------------End of Script----------------

20:42:59 INFO  : Context for processor 'microblaze_0' is selected.
20:42:59 INFO  : 'con' command is executed.
20:42:59 INFO  : ----------------XSDB Script (After Launch)----------------
targets -set -nocase -filter {name =~ "*microblaze*#0" && bscan=="USER2" }
con
----------------End of Script----------------

20:42:59 INFO  : Launch script is exported to file '/home/pablo/Documentos/02_Maestria_en_Sistemas_Embebidos/21_Sistemas_Digitales_para_las_Comunicaciones/workspace2/micro_3/micro_3_system/_ide/scripts/systemdebugger_micro_3_system_standalone.tcl'
20:49:44 INFO  : Checking for BSP changes to sync application flags for project 'micro_3'...
20:50:18 INFO  : Checking for BSP changes to sync application flags for project 'micro_3'...
20:52:47 INFO  : Checking for BSP changes to sync application flags for project 'micro_3'...
20:57:55 INFO  : Checking for BSP changes to sync application flags for project 'micro_3'...
20:58:10 INFO  : Checking for BSP changes to sync application flags for project 'micro_3'...
20:58:33 INFO  : Checking for BSP changes to sync application flags for project 'micro_3'...
20:59:00 INFO  : Checking for BSP changes to sync application flags for project 'micro_3'...
20:59:23 INFO  : Checking for BSP changes to sync application flags for project 'micro_3'...
21:03:52 INFO  : Checking for BSP changes to sync application flags for project 'micro_3'...
21:04:34 INFO  : Checking for BSP changes to sync application flags for project 'micro_3'...
21:04:43 INFO  : Checking for BSP changes to sync application flags for project 'micro_3'...
21:12:53 INFO  : Checking for BSP changes to sync application flags for project 'micro_3'...
21:13:13 INFO  : Checking for BSP changes to sync application flags for project 'micro_3'...
21:13:50 INFO  : Checking for BSP changes to sync application flags for project 'micro_3'...
21:15:27 INFO  : Checking for BSP changes to sync application flags for project 'micro_3'...
21:15:59 INFO  : Checking for BSP changes to sync application flags for project 'micro_3'...
21:16:18 INFO  : Checking for BSP changes to sync application flags for project 'micro_3'...
21:17:04 INFO  : Checking for BSP changes to sync application flags for project 'micro_3'...
21:17:21 INFO  : Checking for BSP changes to sync application flags for project 'micro_3'...
21:17:45 INFO  : Bit file '/home/pablo/Documentos/02_Maestria_en_Sistemas_Embebidos/21_Sistemas_Digitales_para_las_Comunicaciones/workspace2/micro_3/micro_3/_ide/bitstream/download.bit' is generated.
21:17:45 INFO  : Connected to target on host '127.0.0.1' and port '3121'.
21:17:45 INFO  : 'targets -set -filter {jtag_cable_name =~ "Digilent Arty A7-35T 210319B0C3C4A" && level==0 && jtag_device_ctx=="jsn-Arty A7-35T-210319B0C3C4A-0362d093-0"}' command is executed.
21:17:46 INFO  : Device configured successfully with "/home/pablo/Documentos/02_Maestria_en_Sistemas_Embebidos/21_Sistemas_Digitales_para_las_Comunicaciones/workspace2/micro_3/micro_3/_ide/bitstream/download.bit"
21:17:54 INFO  : Disconnected from the channel tcfchan#5.
21:17:54 INFO  : Connected to target on host '127.0.0.1' and port '3121'.
21:17:54 INFO  : Jtag cable 'Digilent Arty A7-35T 210319B0C3C4A' is selected.
21:17:54 INFO  : 'jtag frequency' command is executed.
21:17:55 INFO  : 'targets -set -filter {jtag_cable_name =~ "Digilent Arty A7-35T 210319B0C3C4A" && level==0 && jtag_device_ctx=="jsn-Arty A7-35T-210319B0C3C4A-0362d093-0"}' command is executed.
21:17:56 INFO  : Device configured successfully with "/home/pablo/Documentos/02_Maestria_en_Sistemas_Embebidos/21_Sistemas_Digitales_para_las_Comunicaciones/workspace2/micro_3/micro_3/_ide/bitstream/download.bit"
21:17:56 INFO  : Context for processor 'microblaze_0' is selected.
21:17:56 INFO  : Hardware design and registers information is loaded from '/home/pablo/Documentos/02_Maestria_en_Sistemas_Embebidos/21_Sistemas_Digitales_para_las_Comunicaciones/workspace2/micro_3/system_wrapper/export/system_wrapper/hw/system_wrapper.xsa'.
21:17:56 INFO  : 'configparams mdm-detect-bscan-mask 2' command is executed.
21:17:56 INFO  : Context for processor 'microblaze_0' is selected.
21:17:56 INFO  : System reset is completed.
21:17:59 INFO  : 'after 3000' command is executed.
21:17:59 INFO  : Context for processor 'microblaze_0' is selected.
21:17:59 INFO  : The application '/home/pablo/Documentos/02_Maestria_en_Sistemas_Embebidos/21_Sistemas_Digitales_para_las_Comunicaciones/workspace2/micro_3/micro_3/Debug/micro_3.elf' is downloaded to processor 'microblaze_0'.
21:17:59 INFO  : ----------------XSDB Script----------------
connect -url tcp:127.0.0.1:3121
targets -set -filter {jtag_cable_name =~ "Digilent Arty A7-35T 210319B0C3C4A" && level==0 && jtag_device_ctx=="jsn-Arty A7-35T-210319B0C3C4A-0362d093-0"}
fpga -file /home/pablo/Documentos/02_Maestria_en_Sistemas_Embebidos/21_Sistemas_Digitales_para_las_Comunicaciones/workspace2/micro_3/micro_3/_ide/bitstream/download.bit
targets -set -nocase -filter {name =~ "*microblaze*#0" && bscan=="USER2" }
loadhw -hw /home/pablo/Documentos/02_Maestria_en_Sistemas_Embebidos/21_Sistemas_Digitales_para_las_Comunicaciones/workspace2/micro_3/system_wrapper/export/system_wrapper/hw/system_wrapper.xsa -regs
configparams mdm-detect-bscan-mask 2
targets -set -nocase -filter {name =~ "*microblaze*#0" && bscan=="USER2" }
rst -system
after 3000
targets -set -nocase -filter {name =~ "*microblaze*#0" && bscan=="USER2" }
dow /home/pablo/Documentos/02_Maestria_en_Sistemas_Embebidos/21_Sistemas_Digitales_para_las_Comunicaciones/workspace2/micro_3/micro_3/Debug/micro_3.elf
----------------End of Script----------------

21:17:59 INFO  : Context for processor 'microblaze_0' is selected.
21:17:59 INFO  : 'con' command is executed.
21:17:59 INFO  : ----------------XSDB Script (After Launch)----------------
targets -set -nocase -filter {name =~ "*microblaze*#0" && bscan=="USER2" }
con
----------------End of Script----------------

21:17:59 INFO  : Launch script is exported to file '/home/pablo/Documentos/02_Maestria_en_Sistemas_Embebidos/21_Sistemas_Digitales_para_las_Comunicaciones/workspace2/micro_3/micro_3_system/_ide/scripts/systemdebugger_micro_3_system_standalone.tcl'
21:19:44 INFO  : Checking for BSP changes to sync application flags for project 'micro_3'...
21:25:05 INFO  : Checking for BSP changes to sync application flags for project 'micro_3'...
21:25:23 INFO  : Bit file '/home/pablo/Documentos/02_Maestria_en_Sistemas_Embebidos/21_Sistemas_Digitales_para_las_Comunicaciones/workspace2/micro_3/micro_3/_ide/bitstream/download.bit' is generated.
21:25:23 INFO  : Connected to target on host '127.0.0.1' and port '3121'.
21:25:23 INFO  : 'targets -set -filter {jtag_cable_name =~ "Digilent Arty A7-35T 210319B0C3C4A" && level==0 && jtag_device_ctx=="jsn-Arty A7-35T-210319B0C3C4A-0362d093-0"}' command is executed.
21:25:24 INFO  : Device configured successfully with "/home/pablo/Documentos/02_Maestria_en_Sistemas_Embebidos/21_Sistemas_Digitales_para_las_Comunicaciones/workspace2/micro_3/micro_3/_ide/bitstream/download.bit"
21:25:30 INFO  : Disconnected from the channel tcfchan#6.
21:25:30 INFO  : Connected to target on host '127.0.0.1' and port '3121'.
21:25:30 INFO  : Jtag cable 'Digilent Arty A7-35T 210319B0C3C4A' is selected.
21:25:30 INFO  : 'jtag frequency' command is executed.
21:25:30 INFO  : 'targets -set -filter {jtag_cable_name =~ "Digilent Arty A7-35T 210319B0C3C4A" && level==0 && jtag_device_ctx=="jsn-Arty A7-35T-210319B0C3C4A-0362d093-0"}' command is executed.
21:25:32 INFO  : Device configured successfully with "/home/pablo/Documentos/02_Maestria_en_Sistemas_Embebidos/21_Sistemas_Digitales_para_las_Comunicaciones/workspace2/micro_3/micro_3/_ide/bitstream/download.bit"
21:25:32 INFO  : Context for processor 'microblaze_0' is selected.
21:25:32 INFO  : Hardware design and registers information is loaded from '/home/pablo/Documentos/02_Maestria_en_Sistemas_Embebidos/21_Sistemas_Digitales_para_las_Comunicaciones/workspace2/micro_3/system_wrapper/export/system_wrapper/hw/system_wrapper.xsa'.
21:25:32 INFO  : 'configparams mdm-detect-bscan-mask 2' command is executed.
21:25:32 INFO  : Context for processor 'microblaze_0' is selected.
21:25:32 INFO  : System reset is completed.
21:25:35 INFO  : 'after 3000' command is executed.
21:25:35 INFO  : Context for processor 'microblaze_0' is selected.
21:25:35 INFO  : The application '/home/pablo/Documentos/02_Maestria_en_Sistemas_Embebidos/21_Sistemas_Digitales_para_las_Comunicaciones/workspace2/micro_3/micro_3/Debug/micro_3.elf' is downloaded to processor 'microblaze_0'.
21:25:35 INFO  : ----------------XSDB Script----------------
connect -url tcp:127.0.0.1:3121
targets -set -filter {jtag_cable_name =~ "Digilent Arty A7-35T 210319B0C3C4A" && level==0 && jtag_device_ctx=="jsn-Arty A7-35T-210319B0C3C4A-0362d093-0"}
fpga -file /home/pablo/Documentos/02_Maestria_en_Sistemas_Embebidos/21_Sistemas_Digitales_para_las_Comunicaciones/workspace2/micro_3/micro_3/_ide/bitstream/download.bit
targets -set -nocase -filter {name =~ "*microblaze*#0" && bscan=="USER2" }
loadhw -hw /home/pablo/Documentos/02_Maestria_en_Sistemas_Embebidos/21_Sistemas_Digitales_para_las_Comunicaciones/workspace2/micro_3/system_wrapper/export/system_wrapper/hw/system_wrapper.xsa -regs
configparams mdm-detect-bscan-mask 2
targets -set -nocase -filter {name =~ "*microblaze*#0" && bscan=="USER2" }
rst -system
after 3000
targets -set -nocase -filter {name =~ "*microblaze*#0" && bscan=="USER2" }
dow /home/pablo/Documentos/02_Maestria_en_Sistemas_Embebidos/21_Sistemas_Digitales_para_las_Comunicaciones/workspace2/micro_3/micro_3/Debug/micro_3.elf
----------------End of Script----------------

21:25:35 INFO  : Context for processor 'microblaze_0' is selected.
21:25:35 INFO  : 'con' command is executed.
21:25:35 INFO  : ----------------XSDB Script (After Launch)----------------
targets -set -nocase -filter {name =~ "*microblaze*#0" && bscan=="USER2" }
con
----------------End of Script----------------

21:25:35 INFO  : Launch script is exported to file '/home/pablo/Documentos/02_Maestria_en_Sistemas_Embebidos/21_Sistemas_Digitales_para_las_Comunicaciones/workspace2/micro_3/micro_3_system/_ide/scripts/systemdebugger_micro_3_system_standalone.tcl'
04:49:24 INFO  : Disconnected from the channel tcfchan#7.
