TRACE::2022-02-12.19:55:24::SCWPlatform::Trying to open the hw design at /home/pablo/Documentos/02_Maestria_en_Sistemas_Embebidos/21_Sistemas_Digitales_para_las_Comunicaciones/workspace2/micro_2/system_wrapper_1/hw/system_wrapper.xsa
TRACE::2022-02-12.19:55:24::SCWPlatform::DSA given /home/pablo/Documentos/02_Maestria_en_Sistemas_Embebidos/21_Sistemas_Digitales_para_las_Comunicaciones/workspace2/micro_2/system_wrapper_1/hw/system_wrapper.xsa
TRACE::2022-02-12.19:55:24::SCWPlatform::DSA absoulate path /home/pablo/Documentos/02_Maestria_en_Sistemas_Embebidos/21_Sistemas_Digitales_para_las_Comunicaciones/workspace2/micro_2/system_wrapper_1/hw/system_wrapper.xsa
TRACE::2022-02-12.19:55:24::SCWPlatform::DSA directory /home/pablo/Documentos/02_Maestria_en_Sistemas_Embebidos/21_Sistemas_Digitales_para_las_Comunicaciones/workspace2/micro_2/system_wrapper_1/hw
TRACE::2022-02-12.19:55:24::SCWPlatform:: Platform Path /home/pablo/Documentos/02_Maestria_en_Sistemas_Embebidos/21_Sistemas_Digitales_para_las_Comunicaciones/workspace2/micro_2/system_wrapper_1/hw/system_wrapper.xsa
TRACE::2022-02-12.19:55:24::SCWPlatform:: Unique name xilinx:arty-a7-35::0.0
TRACE::2022-02-12.19:55:24::SCWPlatform::Do not have an existing db opened. 
TRACE::2022-02-12.19:55:24::SCWPlatform::Opened new HwDB with name system_wrapper_11
TRACE::2022-02-12.19:55:24::SCWWriter::formatted JSON is {
	"platformName":	"system_wrapper_1",
	"sprVersion":	"2.0",
	"mode":	"gui",
	"dsaType":	"Fixed",
	"platformDesc":	"system_wrapper_1",
	"platHandOff":	"/home/pablo/Documentos/02_Maestria_en_Sistemas_Embebidos/21_Sistemas_Digitales_para_las_Comunicaciones/workspace2/micro_3/system_wrapper.xsa",
	"platIntHandOff":	"<platformDir>/hw/system_wrapper.xsa",
	"deviceType":	"FPGA",
	"platIsPrebuiltAutogen":	"false",
	"platIsNoBootBsp":	"false",
	"hasFsblMakeHasChanges":	"false",
	"hasPmufwMakeHasChanges":	"false",
	"platPreBuiltFlag":	false,
	"platformSamplesDir":	""
}
TRACE::2022-02-12.19:55:24::SCWWriter::formatted JSON is {
	"platformName":	"system_wrapper_1",
	"sprVersion":	"2.0",
	"mode":	"gui",
	"dsaType":	"Fixed",
	"platformDesc":	"system_wrapper_1",
	"platHandOff":	"/home/pablo/Documentos/02_Maestria_en_Sistemas_Embebidos/21_Sistemas_Digitales_para_las_Comunicaciones/workspace2/micro_3/system_wrapper.xsa",
	"platIntHandOff":	"<platformDir>/hw/system_wrapper.xsa",
	"deviceType":	"FPGA",
	"platIsPrebuiltAutogen":	"false",
	"platIsNoBootBsp":	"false",
	"hasFsblMakeHasChanges":	"false",
	"hasPmufwMakeHasChanges":	"false",
	"platPreBuiltFlag":	false,
	"platformSamplesDir":	"",
	"platActiveSys":	"system_wrapper_1",
	"systems":	[{
			"systemName":	"system_wrapper_1",
			"systemDesc":	"system_wrapper_1",
			"sysIsBootAutoGen":	"true",
			"systemDispName":	"system_wrapper_1"
		}]
}
TRACE::2022-02-12.19:55:24::SCWPlatform::Boot application domains not present, creating them
TRACE::2022-02-12.19:55:24::SCWPlatform::Pure FPGA device, no boot application will be created.
TRACE::2022-02-12.19:55:24::SCWWriter::formatted JSON is {
	"platformName":	"system_wrapper_1",
	"sprVersion":	"2.0",
	"mode":	"gui",
	"dsaType":	"Fixed",
	"platformDesc":	"system_wrapper_1",
	"platHandOff":	"/home/pablo/Documentos/02_Maestria_en_Sistemas_Embebidos/21_Sistemas_Digitales_para_las_Comunicaciones/workspace2/micro_3/system_wrapper.xsa",
	"platIntHandOff":	"<platformDir>/hw/system_wrapper.xsa",
	"deviceType":	"FPGA",
	"platIsPrebuiltAutogen":	"false",
	"platIsNoBootBsp":	"false",
	"hasFsblMakeHasChanges":	"false",
	"hasPmufwMakeHasChanges":	"false",
	"platPreBuiltFlag":	false,
	"platformSamplesDir":	"",
	"platActiveSys":	"system_wrapper_1",
	"systems":	[{
			"systemName":	"system_wrapper_1",
			"systemDesc":	"system_wrapper_1",
			"sysIsBootAutoGen":	"true",
			"systemDispName":	"system_wrapper_1"
		}]
}
TRACE::2022-02-12.19:55:24::SCWWriter::formatted JSON is {
	"platformName":	"system_wrapper_1",
	"sprVersion":	"2.0",
	"mode":	"gui",
	"dsaType":	"Fixed",
	"platformDesc":	"system_wrapper_1",
	"platHandOff":	"/home/pablo/Documentos/02_Maestria_en_Sistemas_Embebidos/21_Sistemas_Digitales_para_las_Comunicaciones/workspace2/micro_3/system_wrapper.xsa",
	"platIntHandOff":	"<platformDir>/hw/system_wrapper.xsa",
	"deviceType":	"FPGA",
	"platIsPrebuiltAutogen":	"false",
	"platIsNoBootBsp":	"false",
	"hasFsblMakeHasChanges":	"false",
	"hasPmufwMakeHasChanges":	"false",
	"platPreBuiltFlag":	false,
	"platformSamplesDir":	"",
	"platActiveSys":	"system_wrapper_1",
	"systems":	[{
			"systemName":	"system_wrapper_1",
			"systemDesc":	"system_wrapper_1",
			"sysIsBootAutoGen":	"true",
			"systemDispName":	"system_wrapper_1"
		}]
}
TRACE::2022-02-12.19:55:24::SCWPlatform::Trying to open the hw design at /home/pablo/Documentos/02_Maestria_en_Sistemas_Embebidos/21_Sistemas_Digitales_para_las_Comunicaciones/workspace2/micro_2/system_wrapper_1/hw/system_wrapper.xsa
TRACE::2022-02-12.19:55:24::SCWPlatform::DSA given /home/pablo/Documentos/02_Maestria_en_Sistemas_Embebidos/21_Sistemas_Digitales_para_las_Comunicaciones/workspace2/micro_2/system_wrapper_1/hw/system_wrapper.xsa
TRACE::2022-02-12.19:55:24::SCWPlatform::DSA absoulate path /home/pablo/Documentos/02_Maestria_en_Sistemas_Embebidos/21_Sistemas_Digitales_para_las_Comunicaciones/workspace2/micro_2/system_wrapper_1/hw/system_wrapper.xsa
TRACE::2022-02-12.19:55:24::SCWPlatform::DSA directory /home/pablo/Documentos/02_Maestria_en_Sistemas_Embebidos/21_Sistemas_Digitales_para_las_Comunicaciones/workspace2/micro_2/system_wrapper_1/hw
TRACE::2022-02-12.19:55:24::SCWPlatform:: Platform Path /home/pablo/Documentos/02_Maestria_en_Sistemas_Embebidos/21_Sistemas_Digitales_para_las_Comunicaciones/workspace2/micro_2/system_wrapper_1/hw/system_wrapper.xsa
TRACE::2022-02-12.19:55:24::SCWPlatform:: Unique name xilinx:arty-a7-35::0.0
TRACE::2022-02-12.19:55:24::SCWPlatform::Trying to set the existing hwdb with name system_wrapper_11
TRACE::2022-02-12.19:55:24::SCWPlatform::Opened existing hwdb system_wrapper_11
TRACE::2022-02-12.19:55:24::SCWPlatform::Found the Hw Db part of the input DSA
TRACE::2022-02-12.19:55:24::SCWPlatform::Trying to open the hw design at /home/pablo/Documentos/02_Maestria_en_Sistemas_Embebidos/21_Sistemas_Digitales_para_las_Comunicaciones/workspace2/micro_2/system_wrapper_1/hw/system_wrapper.xsa
TRACE::2022-02-12.19:55:24::SCWPlatform::DSA given /home/pablo/Documentos/02_Maestria_en_Sistemas_Embebidos/21_Sistemas_Digitales_para_las_Comunicaciones/workspace2/micro_2/system_wrapper_1/hw/system_wrapper.xsa
TRACE::2022-02-12.19:55:24::SCWPlatform::DSA absoulate path /home/pablo/Documentos/02_Maestria_en_Sistemas_Embebidos/21_Sistemas_Digitales_para_las_Comunicaciones/workspace2/micro_2/system_wrapper_1/hw/system_wrapper.xsa
TRACE::2022-02-12.19:55:24::SCWPlatform::DSA directory /home/pablo/Documentos/02_Maestria_en_Sistemas_Embebidos/21_Sistemas_Digitales_para_las_Comunicaciones/workspace2/micro_2/system_wrapper_1/hw
TRACE::2022-02-12.19:55:24::SCWPlatform:: Platform Path /home/pablo/Documentos/02_Maestria_en_Sistemas_Embebidos/21_Sistemas_Digitales_para_las_Comunicaciones/workspace2/micro_2/system_wrapper_1/hw/system_wrapper.xsa
TRACE::2022-02-12.19:55:24::SCWPlatform:: Unique name xilinx:arty-a7-35::0.0
TRACE::2022-02-12.19:55:24::SCWPlatform::Trying to set the existing hwdb with name system_wrapper_11
TRACE::2022-02-12.19:55:24::SCWPlatform::Opened existing hwdb system_wrapper_11
TRACE::2022-02-12.19:55:24::SCWPlatform::Found the Hw Db part of the input DSA
TRACE::2022-02-12.19:55:24::SCWDomain::checking for install qemu data   : 
TRACE::2022-02-12.19:55:24::SCWPlatform::Trying to open the hw design at /home/pablo/Documentos/02_Maestria_en_Sistemas_Embebidos/21_Sistemas_Digitales_para_las_Comunicaciones/workspace2/micro_2/system_wrapper_1/hw/system_wrapper.xsa
TRACE::2022-02-12.19:55:24::SCWPlatform::DSA given /home/pablo/Documentos/02_Maestria_en_Sistemas_Embebidos/21_Sistemas_Digitales_para_las_Comunicaciones/workspace2/micro_2/system_wrapper_1/hw/system_wrapper.xsa
TRACE::2022-02-12.19:55:24::SCWPlatform::DSA absoulate path /home/pablo/Documentos/02_Maestria_en_Sistemas_Embebidos/21_Sistemas_Digitales_para_las_Comunicaciones/workspace2/micro_2/system_wrapper_1/hw/system_wrapper.xsa
TRACE::2022-02-12.19:55:24::SCWPlatform::DSA directory /home/pablo/Documentos/02_Maestria_en_Sistemas_Embebidos/21_Sistemas_Digitales_para_las_Comunicaciones/workspace2/micro_2/system_wrapper_1/hw
TRACE::2022-02-12.19:55:24::SCWPlatform:: Platform Path /home/pablo/Documentos/02_Maestria_en_Sistemas_Embebidos/21_Sistemas_Digitales_para_las_Comunicaciones/workspace2/micro_2/system_wrapper_1/hw/system_wrapper.xsa
TRACE::2022-02-12.19:55:24::SCWPlatform:: Unique name xilinx:arty-a7-35::0.0
TRACE::2022-02-12.19:55:24::SCWPlatform::Trying to set the existing hwdb with name system_wrapper_11
TRACE::2022-02-12.19:55:24::SCWPlatform::Opened existing hwdb system_wrapper_11
TRACE::2022-02-12.19:55:24::SCWPlatform::Found the Hw Db part of the input DSA
TRACE::2022-02-12.19:55:24::SCWPlatform::Trying to open the hw design at /home/pablo/Documentos/02_Maestria_en_Sistemas_Embebidos/21_Sistemas_Digitales_para_las_Comunicaciones/workspace2/micro_2/system_wrapper_1/hw/system_wrapper.xsa
TRACE::2022-02-12.19:55:24::SCWPlatform::DSA given /home/pablo/Documentos/02_Maestria_en_Sistemas_Embebidos/21_Sistemas_Digitales_para_las_Comunicaciones/workspace2/micro_2/system_wrapper_1/hw/system_wrapper.xsa
TRACE::2022-02-12.19:55:24::SCWPlatform::DSA absoulate path /home/pablo/Documentos/02_Maestria_en_Sistemas_Embebidos/21_Sistemas_Digitales_para_las_Comunicaciones/workspace2/micro_2/system_wrapper_1/hw/system_wrapper.xsa
TRACE::2022-02-12.19:55:24::SCWPlatform::DSA directory /home/pablo/Documentos/02_Maestria_en_Sistemas_Embebidos/21_Sistemas_Digitales_para_las_Comunicaciones/workspace2/micro_2/system_wrapper_1/hw
TRACE::2022-02-12.19:55:24::SCWPlatform:: Platform Path /home/pablo/Documentos/02_Maestria_en_Sistemas_Embebidos/21_Sistemas_Digitales_para_las_Comunicaciones/workspace2/micro_2/system_wrapper_1/hw/system_wrapper.xsa
TRACE::2022-02-12.19:55:24::SCWPlatform:: Unique name xilinx:arty-a7-35::0.0
TRACE::2022-02-12.19:55:24::SCWPlatform::Trying to set the existing hwdb with name system_wrapper_11
TRACE::2022-02-12.19:55:24::SCWPlatform::Opened existing hwdb system_wrapper_11
TRACE::2022-02-12.19:55:24::SCWPlatform::Found the Hw Db part of the input DSA
TRACE::2022-02-12.19:55:24::SCWPlatform::Trying to open the hw design at /home/pablo/Documentos/02_Maestria_en_Sistemas_Embebidos/21_Sistemas_Digitales_para_las_Comunicaciones/workspace2/micro_2/system_wrapper_1/hw/system_wrapper.xsa
TRACE::2022-02-12.19:55:24::SCWPlatform::DSA given /home/pablo/Documentos/02_Maestria_en_Sistemas_Embebidos/21_Sistemas_Digitales_para_las_Comunicaciones/workspace2/micro_2/system_wrapper_1/hw/system_wrapper.xsa
TRACE::2022-02-12.19:55:24::SCWPlatform::DSA absoulate path /home/pablo/Documentos/02_Maestria_en_Sistemas_Embebidos/21_Sistemas_Digitales_para_las_Comunicaciones/workspace2/micro_2/system_wrapper_1/hw/system_wrapper.xsa
TRACE::2022-02-12.19:55:24::SCWPlatform::DSA directory /home/pablo/Documentos/02_Maestria_en_Sistemas_Embebidos/21_Sistemas_Digitales_para_las_Comunicaciones/workspace2/micro_2/system_wrapper_1/hw
TRACE::2022-02-12.19:55:24::SCWPlatform:: Platform Path /home/pablo/Documentos/02_Maestria_en_Sistemas_Embebidos/21_Sistemas_Digitales_para_las_Comunicaciones/workspace2/micro_2/system_wrapper_1/hw/system_wrapper.xsa
TRACE::2022-02-12.19:55:24::SCWPlatform:: Unique name xilinx:arty-a7-35::0.0
TRACE::2022-02-12.19:55:24::SCWPlatform::Trying to set the existing hwdb with name system_wrapper_11
TRACE::2022-02-12.19:55:24::SCWPlatform::Opened existing hwdb system_wrapper_11
TRACE::2022-02-12.19:55:24::SCWPlatform::Found the Hw Db part of the input DSA
TRACE::2022-02-12.19:55:24::SCWMssOS::Checking the sw design at  /home/pablo/Documentos/02_Maestria_en_Sistemas_Embebidos/21_Sistemas_Digitales_para_las_Comunicaciones/workspace2/micro_2/system_wrapper_1/microblaze_0/standalone_microblaze_0/bsp/system.mss
TRACE::2022-02-12.19:55:24::SCWMssOS::DEBUG:  swdes dump  /home/pablo/Documentos/02_Maestria_en_Sistemas_Embebidos/21_Sistemas_Digitales_para_las_Comunicaciones/workspace2/micro_2/system_wrapper/microblaze_0/standalone_microblaze_0/bsp/system.mss|system||

TRACE::2022-02-12.19:55:24::SCWMssOS::No sw design opened at  /home/pablo/Documentos/02_Maestria_en_Sistemas_Embebidos/21_Sistemas_Digitales_para_las_Comunicaciones/workspace2/micro_2/system_wrapper_1/microblaze_0/standalone_microblaze_0/bsp/system.mss
TRACE::2022-02-12.19:55:24::SCWMssOS::mss does not exists at /home/pablo/Documentos/02_Maestria_en_Sistemas_Embebidos/21_Sistemas_Digitales_para_las_Comunicaciones/workspace2/micro_2/system_wrapper_1/microblaze_0/standalone_microblaze_0/bsp/system.mss
TRACE::2022-02-12.19:55:24::SCWMssOS::Creating sw design at  /home/pablo/Documentos/02_Maestria_en_Sistemas_Embebidos/21_Sistemas_Digitales_para_las_Comunicaciones/workspace2/micro_2/system_wrapper_1/microblaze_0/standalone_microblaze_0/bsp/system.mss
TRACE::2022-02-12.19:55:24::SCWMssOS::Adding the swdes entry, created swdb /home/pablo/Documentos/02_Maestria_en_Sistemas_Embebidos/21_Sistemas_Digitales_para_las_Comunicaciones/workspace2/micro_2/system_wrapper_1/microblaze_0/standalone_microblaze_0/bsp/system.mss with des name /home/pablo/Documentos/02_Maestria_en_Sistemas_Embebidos/21_Sistemas_Digitales_para_las_Comunicaciones/workspace2/micro_2/system_wrapper_1/microblaze_0/standalone_microblaze_0/bsp/system.mss
TRACE::2022-02-12.19:55:24::SCWMssOS::updating the scw layer changes to swdes at   /home/pablo/Documentos/02_Maestria_en_Sistemas_Embebidos/21_Sistemas_Digitales_para_las_Comunicaciones/workspace2/micro_2/system_wrapper_1/microblaze_0/standalone_microblaze_0/bsp/system.mss
TRACE::2022-02-12.19:55:24::SCWMssOS::Writing mss at /home/pablo/Documentos/02_Maestria_en_Sistemas_Embebidos/21_Sistemas_Digitales_para_las_Comunicaciones/workspace2/micro_2/system_wrapper_1/microblaze_0/standalone_microblaze_0/bsp/system.mss
TRACE::2022-02-12.19:55:24::SCWMssOS::Completed writing the mss file at /home/pablo/Documentos/02_Maestria_en_Sistemas_Embebidos/21_Sistemas_Digitales_para_las_Comunicaciones/workspace2/micro_2/system_wrapper_1/microblaze_0/standalone_microblaze_0/bsp
TRACE::2022-02-12.19:55:24::SCWMssOS::Picking up changes from newly written mss file into SCW Layer. 
TRACE::2022-02-12.19:55:24::SCWMssOS::Updated the changes from newly written mss file into SCW Layer. 
TRACE::2022-02-12.19:55:24::SCWMssOS::Completed writing the mss file at /home/pablo/Documentos/02_Maestria_en_Sistemas_Embebidos/21_Sistemas_Digitales_para_las_Comunicaciones/workspace2/micro_2/system_wrapper_1/microblaze_0/standalone_microblaze_0/bsp
TRACE::2022-02-12.19:55:24::SCWMssOS::Forcing BSP Sources regeneration.
TRACE::2022-02-12.19:55:24::SCWMssOS::Saving the mss changes /home/pablo/Documentos/02_Maestria_en_Sistemas_Embebidos/21_Sistemas_Digitales_para_las_Comunicaciones/workspace2/micro_2/system_wrapper_1/microblaze_0/standalone_microblaze_0/bsp/system.mss
TRACE::2022-02-12.19:55:24::SCWMssOS::Adding the swdes entry, mss present, able to open swdb /home/pablo/Documentos/02_Maestria_en_Sistemas_Embebidos/21_Sistemas_Digitales_para_las_Comunicaciones/workspace2/micro_2/system_wrapper_1/microblaze_0/standalone_microblaze_0/bsp/system.mss with des name system_0
TRACE::2022-02-12.19:55:24::SCWMssOS::Writing the mss file completed /home/pablo/Documentos/02_Maestria_en_Sistemas_Embebidos/21_Sistemas_Digitales_para_las_Comunicaciones/workspace2/micro_2/system_wrapper_1/microblaze_0/standalone_microblaze_0/bsp/system.mss
TRACE::2022-02-12.19:55:24::SCWMssOS::Commit changes completed.
TRACE::2022-02-12.19:55:24::SCWPlatform::Trying to open the hw design at /home/pablo/Documentos/02_Maestria_en_Sistemas_Embebidos/21_Sistemas_Digitales_para_las_Comunicaciones/workspace2/micro_2/system_wrapper_1/hw/system_wrapper.xsa
TRACE::2022-02-12.19:55:24::SCWPlatform::DSA given /home/pablo/Documentos/02_Maestria_en_Sistemas_Embebidos/21_Sistemas_Digitales_para_las_Comunicaciones/workspace2/micro_2/system_wrapper_1/hw/system_wrapper.xsa
TRACE::2022-02-12.19:55:24::SCWPlatform::DSA absoulate path /home/pablo/Documentos/02_Maestria_en_Sistemas_Embebidos/21_Sistemas_Digitales_para_las_Comunicaciones/workspace2/micro_2/system_wrapper_1/hw/system_wrapper.xsa
TRACE::2022-02-12.19:55:24::SCWPlatform::DSA directory /home/pablo/Documentos/02_Maestria_en_Sistemas_Embebidos/21_Sistemas_Digitales_para_las_Comunicaciones/workspace2/micro_2/system_wrapper_1/hw
TRACE::2022-02-12.19:55:24::SCWPlatform:: Platform Path /home/pablo/Documentos/02_Maestria_en_Sistemas_Embebidos/21_Sistemas_Digitales_para_las_Comunicaciones/workspace2/micro_2/system_wrapper_1/hw/system_wrapper.xsa
TRACE::2022-02-12.19:55:24::SCWPlatform:: Unique name xilinx:arty-a7-35::0.0
TRACE::2022-02-12.19:55:24::SCWPlatform::Trying to set the existing hwdb with name system_wrapper_11
TRACE::2022-02-12.19:55:24::SCWPlatform::Opened existing hwdb system_wrapper_11
TRACE::2022-02-12.19:55:24::SCWPlatform::Found the Hw Db part of the input DSA
TRACE::2022-02-12.19:55:24::SCWMssOS::Checking the sw design at  /home/pablo/Documentos/02_Maestria_en_Sistemas_Embebidos/21_Sistemas_Digitales_para_las_Comunicaciones/workspace2/micro_2/system_wrapper_1/microblaze_0/standalone_microblaze_0/bsp/system.mss
TRACE::2022-02-12.19:55:24::SCWMssOS::DEBUG:  swdes dump  /home/pablo/Documentos/02_Maestria_en_Sistemas_Embebidos/21_Sistemas_Digitales_para_las_Comunicaciones/workspace2/micro_2/system_wrapper/microblaze_0/standalone_microblaze_0/bsp/system.mss|system||
/home/pablo/Documentos/02_Maestria_en_Sistemas_Embebidos/21_Sistemas_Digitales_para_las_Comunicaciones/workspace2/micro_2/system_wrapper_1/microblaze_0/standalone_microblaze_0/bsp/system.mss|system_0||

TRACE::2022-02-12.19:55:24::SCWMssOS::Sw design exists and opened at  /home/pablo/Documentos/02_Maestria_en_Sistemas_Embebidos/21_Sistemas_Digitales_para_las_Comunicaciones/workspace2/micro_2/system_wrapper_1/microblaze_0/standalone_microblaze_0/bsp/system.mss
TRACE::2022-02-12.19:55:24::SCWPlatform::Trying to open the hw design at /home/pablo/Documentos/02_Maestria_en_Sistemas_Embebidos/21_Sistemas_Digitales_para_las_Comunicaciones/workspace2/micro_2/system_wrapper_1/hw/system_wrapper.xsa
TRACE::2022-02-12.19:55:24::SCWPlatform::DSA given /home/pablo/Documentos/02_Maestria_en_Sistemas_Embebidos/21_Sistemas_Digitales_para_las_Comunicaciones/workspace2/micro_2/system_wrapper_1/hw/system_wrapper.xsa
TRACE::2022-02-12.19:55:24::SCWPlatform::DSA absoulate path /home/pablo/Documentos/02_Maestria_en_Sistemas_Embebidos/21_Sistemas_Digitales_para_las_Comunicaciones/workspace2/micro_2/system_wrapper_1/hw/system_wrapper.xsa
TRACE::2022-02-12.19:55:24::SCWPlatform::DSA directory /home/pablo/Documentos/02_Maestria_en_Sistemas_Embebidos/21_Sistemas_Digitales_para_las_Comunicaciones/workspace2/micro_2/system_wrapper_1/hw
TRACE::2022-02-12.19:55:24::SCWPlatform:: Platform Path /home/pablo/Documentos/02_Maestria_en_Sistemas_Embebidos/21_Sistemas_Digitales_para_las_Comunicaciones/workspace2/micro_2/system_wrapper_1/hw/system_wrapper.xsa
TRACE::2022-02-12.19:55:24::SCWPlatform:: Unique name xilinx:arty-a7-35::0.0
TRACE::2022-02-12.19:55:24::SCWPlatform::Trying to set the existing hwdb with name system_wrapper_11
TRACE::2022-02-12.19:55:24::SCWPlatform::Opened existing hwdb system_wrapper_11
TRACE::2022-02-12.19:55:24::SCWPlatform::Found the Hw Db part of the input DSA
TRACE::2022-02-12.19:55:24::SCWMssOS::Checking the sw design at  /home/pablo/Documentos/02_Maestria_en_Sistemas_Embebidos/21_Sistemas_Digitales_para_las_Comunicaciones/workspace2/micro_2/system_wrapper_1/microblaze_0/standalone_microblaze_0/bsp/system.mss
TRACE::2022-02-12.19:55:24::SCWMssOS::DEBUG:  swdes dump  /home/pablo/Documentos/02_Maestria_en_Sistemas_Embebidos/21_Sistemas_Digitales_para_las_Comunicaciones/workspace2/micro_2/system_wrapper/microblaze_0/standalone_microblaze_0/bsp/system.mss|system||
/home/pablo/Documentos/02_Maestria_en_Sistemas_Embebidos/21_Sistemas_Digitales_para_las_Comunicaciones/workspace2/micro_2/system_wrapper_1/microblaze_0/standalone_microblaze_0/bsp/system.mss|system_0||

TRACE::2022-02-12.19:55:24::SCWMssOS::Sw design exists and opened at  /home/pablo/Documentos/02_Maestria_en_Sistemas_Embebidos/21_Sistemas_Digitales_para_las_Comunicaciones/workspace2/micro_2/system_wrapper_1/microblaze_0/standalone_microblaze_0/bsp/system.mss
TRACE::2022-02-12.19:55:24::SCWPlatform::Trying to open the hw design at /home/pablo/Documentos/02_Maestria_en_Sistemas_Embebidos/21_Sistemas_Digitales_para_las_Comunicaciones/workspace2/micro_2/system_wrapper_1/hw/system_wrapper.xsa
TRACE::2022-02-12.19:55:24::SCWPlatform::DSA given /home/pablo/Documentos/02_Maestria_en_Sistemas_Embebidos/21_Sistemas_Digitales_para_las_Comunicaciones/workspace2/micro_2/system_wrapper_1/hw/system_wrapper.xsa
TRACE::2022-02-12.19:55:24::SCWPlatform::DSA absoulate path /home/pablo/Documentos/02_Maestria_en_Sistemas_Embebidos/21_Sistemas_Digitales_para_las_Comunicaciones/workspace2/micro_2/system_wrapper_1/hw/system_wrapper.xsa
TRACE::2022-02-12.19:55:24::SCWPlatform::DSA directory /home/pablo/Documentos/02_Maestria_en_Sistemas_Embebidos/21_Sistemas_Digitales_para_las_Comunicaciones/workspace2/micro_2/system_wrapper_1/hw
TRACE::2022-02-12.19:55:24::SCWPlatform:: Platform Path /home/pablo/Documentos/02_Maestria_en_Sistemas_Embebidos/21_Sistemas_Digitales_para_las_Comunicaciones/workspace2/micro_2/system_wrapper_1/hw/system_wrapper.xsa
TRACE::2022-02-12.19:55:24::SCWPlatform:: Unique name xilinx:arty-a7-35::0.0
TRACE::2022-02-12.19:55:24::SCWPlatform::Trying to set the existing hwdb with name system_wrapper_11
TRACE::2022-02-12.19:55:24::SCWPlatform::Opened existing hwdb system_wrapper_11
TRACE::2022-02-12.19:55:24::SCWPlatform::Found the Hw Db part of the input DSA
TRACE::2022-02-12.19:55:24::SCWMssOS::Checking the sw design at  /home/pablo/Documentos/02_Maestria_en_Sistemas_Embebidos/21_Sistemas_Digitales_para_las_Comunicaciones/workspace2/micro_2/system_wrapper_1/microblaze_0/standalone_microblaze_0/bsp/system.mss
TRACE::2022-02-12.19:55:24::SCWMssOS::DEBUG:  swdes dump  /home/pablo/Documentos/02_Maestria_en_Sistemas_Embebidos/21_Sistemas_Digitales_para_las_Comunicaciones/workspace2/micro_2/system_wrapper/microblaze_0/standalone_microblaze_0/bsp/system.mss|system||
/home/pablo/Documentos/02_Maestria_en_Sistemas_Embebidos/21_Sistemas_Digitales_para_las_Comunicaciones/workspace2/micro_2/system_wrapper_1/microblaze_0/standalone_microblaze_0/bsp/system.mss|system_0||

TRACE::2022-02-12.19:55:24::SCWMssOS::Sw design exists and opened at  /home/pablo/Documentos/02_Maestria_en_Sistemas_Embebidos/21_Sistemas_Digitales_para_las_Comunicaciones/workspace2/micro_2/system_wrapper_1/microblaze_0/standalone_microblaze_0/bsp/system.mss
TRACE::2022-02-12.19:55:24::SCWWriter::formatted JSON is {
	"platformName":	"system_wrapper_1",
	"sprVersion":	"2.0",
	"mode":	"gui",
	"dsaType":	"Fixed",
	"platformDesc":	"system_wrapper_1",
	"platHandOff":	"/home/pablo/Documentos/02_Maestria_en_Sistemas_Embebidos/21_Sistemas_Digitales_para_las_Comunicaciones/workspace2/micro_3/system_wrapper.xsa",
	"platIntHandOff":	"<platformDir>/hw/system_wrapper.xsa",
	"deviceType":	"FPGA",
	"platIsPrebuiltAutogen":	"false",
	"platIsNoBootBsp":	"false",
	"hasFsblMakeHasChanges":	"false",
	"hasPmufwMakeHasChanges":	"false",
	"platPreBuiltFlag":	false,
	"platformSamplesDir":	"",
	"platActiveSys":	"system_wrapper_1",
	"systems":	[{
			"systemName":	"system_wrapper_1",
			"systemDesc":	"system_wrapper_1",
			"sysIsBootAutoGen":	"true",
			"systemDispName":	"system_wrapper_1",
			"sysActiveDom":	"standalone_microblaze_0",
			"sysDefaultDom":	"standalone_microblaze_0",
			"domains":	[{
					"domainName":	"standalone_microblaze_0",
					"domainDispName":	"standalone_microblaze_0",
					"domainDesc":	"standalone_microblaze_0",
					"processors":	"microblaze_0",
					"os":	"standalone",
					"sdxOs":	"standalone",
					"debugEnable":	"False",
					"domRuntimes":	["cpp"],
					"swRepo":	"",
					"mssOsVer":	"7.5",
					"mssFile":	"",
					"md5Digest":	"5415c844288b929e1b40c33c7f2ae25e",
					"compatibleApp":	"hello_world",
					"domType":	"mssDomain",
					"arch":	"32-bit",
					"appSettings":	{
						"appCompilerFlags":	"",
						"appLinkerFlags":	""
					},
					"addedLibs":	[],
					"libOptions":	{
						"libsContainingOptions":	[]
					},
					"prebuiltLibs":	{
						"prebuiltIncPath":	[],
						"prebuiltLibPath":	[]
					},
					"isolation":	{
					}
				}]
		}]
}
LOG::2022-02-12.19:55:24::SCWPlatform::Started generating the artifacts platform system_wrapper_1
TRACE::2022-02-12.19:55:24::SCWPlatform::Sanity checking of platform is completed
LOG::2022-02-12.19:55:24::SCWPlatform::Started generating the artifacts for system configuration system_wrapper_1
LOG::2022-02-12.19:55:24::SCWSystem::Checking the domain standalone_microblaze_0
LOG::2022-02-12.19:55:24::SCWSystem::Not a boot domain 
LOG::2022-02-12.19:55:24::SCWSystem::Started Processing the domain standalone_microblaze_0
TRACE::2022-02-12.19:55:24::SCWDomain::Generating domain artifcats
TRACE::2022-02-12.19:55:24::SCWMssOS::Generating standalone artifcats
TRACE::2022-02-12.19:55:24::SCWMssOS:: Copying the user libraries. 
TRACE::2022-02-12.19:55:24::SCWPlatform::Trying to open the hw design at /home/pablo/Documentos/02_Maestria_en_Sistemas_Embebidos/21_Sistemas_Digitales_para_las_Comunicaciones/workspace2/micro_2/system_wrapper_1/hw/system_wrapper.xsa
TRACE::2022-02-12.19:55:24::SCWPlatform::DSA given /home/pablo/Documentos/02_Maestria_en_Sistemas_Embebidos/21_Sistemas_Digitales_para_las_Comunicaciones/workspace2/micro_2/system_wrapper_1/hw/system_wrapper.xsa
TRACE::2022-02-12.19:55:24::SCWPlatform::DSA absoulate path /home/pablo/Documentos/02_Maestria_en_Sistemas_Embebidos/21_Sistemas_Digitales_para_las_Comunicaciones/workspace2/micro_2/system_wrapper_1/hw/system_wrapper.xsa
TRACE::2022-02-12.19:55:24::SCWPlatform::DSA directory /home/pablo/Documentos/02_Maestria_en_Sistemas_Embebidos/21_Sistemas_Digitales_para_las_Comunicaciones/workspace2/micro_2/system_wrapper_1/hw
TRACE::2022-02-12.19:55:24::SCWPlatform:: Platform Path /home/pablo/Documentos/02_Maestria_en_Sistemas_Embebidos/21_Sistemas_Digitales_para_las_Comunicaciones/workspace2/micro_2/system_wrapper_1/hw/system_wrapper.xsa
TRACE::2022-02-12.19:55:24::SCWPlatform:: Unique name xilinx:arty-a7-35::0.0
TRACE::2022-02-12.19:55:24::SCWPlatform::Trying to set the existing hwdb with name system_wrapper_11
TRACE::2022-02-12.19:55:24::SCWPlatform::Opened existing hwdb system_wrapper_11
TRACE::2022-02-12.19:55:24::SCWPlatform::Found the Hw Db part of the input DSA
TRACE::2022-02-12.19:55:24::SCWMssOS::Checking the sw design at  /home/pablo/Documentos/02_Maestria_en_Sistemas_Embebidos/21_Sistemas_Digitales_para_las_Comunicaciones/workspace2/micro_2/system_wrapper_1/microblaze_0/standalone_microblaze_0/bsp/system.mss
TRACE::2022-02-12.19:55:24::SCWMssOS::DEBUG:  swdes dump  /home/pablo/Documentos/02_Maestria_en_Sistemas_Embebidos/21_Sistemas_Digitales_para_las_Comunicaciones/workspace2/micro_2/system_wrapper/microblaze_0/standalone_microblaze_0/bsp/system.mss|system||
/home/pablo/Documentos/02_Maestria_en_Sistemas_Embebidos/21_Sistemas_Digitales_para_las_Comunicaciones/workspace2/micro_2/system_wrapper_1/microblaze_0/standalone_microblaze_0/bsp/system.mss|system_0||

TRACE::2022-02-12.19:55:24::SCWMssOS::Sw design exists and opened at  /home/pablo/Documentos/02_Maestria_en_Sistemas_Embebidos/21_Sistemas_Digitales_para_las_Comunicaciones/workspace2/micro_2/system_wrapper_1/microblaze_0/standalone_microblaze_0/bsp/system.mss
TRACE::2022-02-12.19:55:24::SCWMssOS::Completed writing the mss file at /home/pablo/Documentos/02_Maestria_en_Sistemas_Embebidos/21_Sistemas_Digitales_para_las_Comunicaciones/workspace2/micro_2/system_wrapper_1/microblaze_0/standalone_microblaze_0/bsp
TRACE::2022-02-12.19:55:24::SCWMssOS::Mss edits present, copying mssfile into export location /home/pablo/Documentos/02_Maestria_en_Sistemas_Embebidos/21_Sistemas_Digitales_para_las_Comunicaciones/workspace2/micro_2/system_wrapper_1/microblaze_0/standalone_microblaze_0/bsp/system.mss
TRACE::2022-02-12.19:55:24::SCWMssOS::bsp generated is upto date with the mss file. Skipping bsp generation.
TRACE::2022-02-12.19:55:24::SCWMssOS::BSP is already built. skipping the bsp build ... 
TRACE::2022-02-12.19:55:24::SCWDomain::Skipping the build for domain :  standalone_microblaze_0
TRACE::2022-02-12.19:55:24::SCWMssOS::skipping the bsp build ... 
TRACE::2022-02-12.19:55:24::SCWMssOS::Copying to export directory.
TRACE::2022-02-12.19:55:24::SCWMssOS:: Checking if to create the Supporting Applications
TRACE::2022-02-12.19:55:24::SCWMssOS:: No Linux domain exists, trying to generate FSBL 
LOG::2022-02-12.19:55:24::SCWSystem::Completed Processing the domain standalone_microblaze_0
LOG::2022-02-12.19:55:24::SCWSystem::Completed Processing the sysconfig system_wrapper_1
LOG::2022-02-12.19:55:24::SCWPlatform::Completed generating the artifacts for system configuration system_wrapper_1
TRACE::2022-02-12.19:55:24::SCWPlatform::Started preparing the platform 
TRACE::2022-02-12.19:55:24::SCWSystem::Writing the bif file for system config system_wrapper_1
TRACE::2022-02-12.19:55:24::SCWSystem::dir created 
TRACE::2022-02-12.19:55:24::SCWSystem::Writing the bif 
TRACE::2022-02-12.19:55:24::SCWPlatform::Started writing the spfm file 
TRACE::2022-02-12.19:55:24::SCWPlatform::Started writing the xpfm file 
TRACE::2022-02-12.19:55:24::SCWPlatform::Completed generating the platform
TRACE::2022-02-12.19:55:24::SCWMssOS::Saving the mss changes /home/pablo/Documentos/02_Maestria_en_Sistemas_Embebidos/21_Sistemas_Digitales_para_las_Comunicaciones/workspace2/micro_2/system_wrapper_1/microblaze_0/standalone_microblaze_0/bsp/system.mss
TRACE::2022-02-12.19:55:24::SCWMssOS::Found a swdesign opened with the mssfile.
TRACE::2022-02-12.19:55:24::SCWMssOS::Completed writemss as part of save.
TRACE::2022-02-12.19:55:24::SCWMssOS::Commit changes completed.
TRACE::2022-02-12.19:55:24::SCWPlatform::Trying to open the hw design at /home/pablo/Documentos/02_Maestria_en_Sistemas_Embebidos/21_Sistemas_Digitales_para_las_Comunicaciones/workspace2/micro_2/system_wrapper_1/hw/system_wrapper.xsa
TRACE::2022-02-12.19:55:24::SCWPlatform::DSA given /home/pablo/Documentos/02_Maestria_en_Sistemas_Embebidos/21_Sistemas_Digitales_para_las_Comunicaciones/workspace2/micro_2/system_wrapper_1/hw/system_wrapper.xsa
TRACE::2022-02-12.19:55:24::SCWPlatform::DSA absoulate path /home/pablo/Documentos/02_Maestria_en_Sistemas_Embebidos/21_Sistemas_Digitales_para_las_Comunicaciones/workspace2/micro_2/system_wrapper_1/hw/system_wrapper.xsa
TRACE::2022-02-12.19:55:24::SCWPlatform::DSA directory /home/pablo/Documentos/02_Maestria_en_Sistemas_Embebidos/21_Sistemas_Digitales_para_las_Comunicaciones/workspace2/micro_2/system_wrapper_1/hw
TRACE::2022-02-12.19:55:24::SCWPlatform:: Platform Path /home/pablo/Documentos/02_Maestria_en_Sistemas_Embebidos/21_Sistemas_Digitales_para_las_Comunicaciones/workspace2/micro_2/system_wrapper_1/hw/system_wrapper.xsa
TRACE::2022-02-12.19:55:24::SCWPlatform:: Unique name xilinx:arty-a7-35::0.0
TRACE::2022-02-12.19:55:24::SCWPlatform::Trying to set the existing hwdb with name system_wrapper_11
TRACE::2022-02-12.19:55:24::SCWPlatform::Opened existing hwdb system_wrapper_11
TRACE::2022-02-12.19:55:24::SCWPlatform::Found the Hw Db part of the input DSA
TRACE::2022-02-12.19:55:24::SCWMssOS::Checking the sw design at  /home/pablo/Documentos/02_Maestria_en_Sistemas_Embebidos/21_Sistemas_Digitales_para_las_Comunicaciones/workspace2/micro_2/system_wrapper_1/microblaze_0/standalone_microblaze_0/bsp/system.mss
TRACE::2022-02-12.19:55:24::SCWMssOS::DEBUG:  swdes dump  /home/pablo/Documentos/02_Maestria_en_Sistemas_Embebidos/21_Sistemas_Digitales_para_las_Comunicaciones/workspace2/micro_2/system_wrapper/microblaze_0/standalone_microblaze_0/bsp/system.mss|system||
/home/pablo/Documentos/02_Maestria_en_Sistemas_Embebidos/21_Sistemas_Digitales_para_las_Comunicaciones/workspace2/micro_2/system_wrapper_1/microblaze_0/standalone_microblaze_0/bsp/system.mss|system_0||

TRACE::2022-02-12.19:55:24::SCWMssOS::Sw design exists and opened at  /home/pablo/Documentos/02_Maestria_en_Sistemas_Embebidos/21_Sistemas_Digitales_para_las_Comunicaciones/workspace2/micro_2/system_wrapper_1/microblaze_0/standalone_microblaze_0/bsp/system.mss
TRACE::2022-02-12.19:55:24::SCWPlatform::Trying to open the hw design at /home/pablo/Documentos/02_Maestria_en_Sistemas_Embebidos/21_Sistemas_Digitales_para_las_Comunicaciones/workspace2/micro_2/system_wrapper_1/hw/system_wrapper.xsa
TRACE::2022-02-12.19:55:24::SCWPlatform::DSA given /home/pablo/Documentos/02_Maestria_en_Sistemas_Embebidos/21_Sistemas_Digitales_para_las_Comunicaciones/workspace2/micro_2/system_wrapper_1/hw/system_wrapper.xsa
TRACE::2022-02-12.19:55:24::SCWPlatform::DSA absoulate path /home/pablo/Documentos/02_Maestria_en_Sistemas_Embebidos/21_Sistemas_Digitales_para_las_Comunicaciones/workspace2/micro_2/system_wrapper_1/hw/system_wrapper.xsa
TRACE::2022-02-12.19:55:24::SCWPlatform::DSA directory /home/pablo/Documentos/02_Maestria_en_Sistemas_Embebidos/21_Sistemas_Digitales_para_las_Comunicaciones/workspace2/micro_2/system_wrapper_1/hw
TRACE::2022-02-12.19:55:24::SCWPlatform:: Platform Path /home/pablo/Documentos/02_Maestria_en_Sistemas_Embebidos/21_Sistemas_Digitales_para_las_Comunicaciones/workspace2/micro_2/system_wrapper_1/hw/system_wrapper.xsa
TRACE::2022-02-12.19:55:24::SCWPlatform:: Unique name xilinx:arty-a7-35::0.0
TRACE::2022-02-12.19:55:24::SCWPlatform::Trying to set the existing hwdb with name system_wrapper_11
TRACE::2022-02-12.19:55:24::SCWPlatform::Opened existing hwdb system_wrapper_11
TRACE::2022-02-12.19:55:24::SCWPlatform::Found the Hw Db part of the input DSA
TRACE::2022-02-12.19:55:24::SCWMssOS::Checking the sw design at  /home/pablo/Documentos/02_Maestria_en_Sistemas_Embebidos/21_Sistemas_Digitales_para_las_Comunicaciones/workspace2/micro_2/system_wrapper_1/microblaze_0/standalone_microblaze_0/bsp/system.mss
TRACE::2022-02-12.19:55:24::SCWMssOS::DEBUG:  swdes dump  /home/pablo/Documentos/02_Maestria_en_Sistemas_Embebidos/21_Sistemas_Digitales_para_las_Comunicaciones/workspace2/micro_2/system_wrapper/microblaze_0/standalone_microblaze_0/bsp/system.mss|system||
/home/pablo/Documentos/02_Maestria_en_Sistemas_Embebidos/21_Sistemas_Digitales_para_las_Comunicaciones/workspace2/micro_2/system_wrapper_1/microblaze_0/standalone_microblaze_0/bsp/system.mss|system_0||

TRACE::2022-02-12.19:55:24::SCWMssOS::Sw design exists and opened at  /home/pablo/Documentos/02_Maestria_en_Sistemas_Embebidos/21_Sistemas_Digitales_para_las_Comunicaciones/workspace2/micro_2/system_wrapper_1/microblaze_0/standalone_microblaze_0/bsp/system.mss
TRACE::2022-02-12.19:55:24::SCWPlatform::Trying to open the hw design at /home/pablo/Documentos/02_Maestria_en_Sistemas_Embebidos/21_Sistemas_Digitales_para_las_Comunicaciones/workspace2/micro_2/system_wrapper_1/hw/system_wrapper.xsa
TRACE::2022-02-12.19:55:24::SCWPlatform::DSA given /home/pablo/Documentos/02_Maestria_en_Sistemas_Embebidos/21_Sistemas_Digitales_para_las_Comunicaciones/workspace2/micro_2/system_wrapper_1/hw/system_wrapper.xsa
TRACE::2022-02-12.19:55:24::SCWPlatform::DSA absoulate path /home/pablo/Documentos/02_Maestria_en_Sistemas_Embebidos/21_Sistemas_Digitales_para_las_Comunicaciones/workspace2/micro_2/system_wrapper_1/hw/system_wrapper.xsa
TRACE::2022-02-12.19:55:24::SCWPlatform::DSA directory /home/pablo/Documentos/02_Maestria_en_Sistemas_Embebidos/21_Sistemas_Digitales_para_las_Comunicaciones/workspace2/micro_2/system_wrapper_1/hw
TRACE::2022-02-12.19:55:24::SCWPlatform:: Platform Path /home/pablo/Documentos/02_Maestria_en_Sistemas_Embebidos/21_Sistemas_Digitales_para_las_Comunicaciones/workspace2/micro_2/system_wrapper_1/hw/system_wrapper.xsa
TRACE::2022-02-12.19:55:24::SCWPlatform:: Unique name xilinx:arty-a7-35::0.0
TRACE::2022-02-12.19:55:24::SCWPlatform::Trying to set the existing hwdb with name system_wrapper_11
TRACE::2022-02-12.19:55:24::SCWPlatform::Opened existing hwdb system_wrapper_11
TRACE::2022-02-12.19:55:24::SCWPlatform::Found the Hw Db part of the input DSA
TRACE::2022-02-12.19:55:24::SCWMssOS::Checking the sw design at  /home/pablo/Documentos/02_Maestria_en_Sistemas_Embebidos/21_Sistemas_Digitales_para_las_Comunicaciones/workspace2/micro_2/system_wrapper_1/microblaze_0/standalone_microblaze_0/bsp/system.mss
TRACE::2022-02-12.19:55:24::SCWMssOS::DEBUG:  swdes dump  /home/pablo/Documentos/02_Maestria_en_Sistemas_Embebidos/21_Sistemas_Digitales_para_las_Comunicaciones/workspace2/micro_2/system_wrapper/microblaze_0/standalone_microblaze_0/bsp/system.mss|system||
/home/pablo/Documentos/02_Maestria_en_Sistemas_Embebidos/21_Sistemas_Digitales_para_las_Comunicaciones/workspace2/micro_2/system_wrapper_1/microblaze_0/standalone_microblaze_0/bsp/system.mss|system_0||

TRACE::2022-02-12.19:55:24::SCWMssOS::Sw design exists and opened at  /home/pablo/Documentos/02_Maestria_en_Sistemas_Embebidos/21_Sistemas_Digitales_para_las_Comunicaciones/workspace2/micro_2/system_wrapper_1/microblaze_0/standalone_microblaze_0/bsp/system.mss
TRACE::2022-02-12.19:55:24::SCWWriter::formatted JSON is {
	"platformName":	"system_wrapper_1",
	"sprVersion":	"2.0",
	"mode":	"gui",
	"dsaType":	"Fixed",
	"platformDesc":	"system_wrapper_1",
	"platHandOff":	"/home/pablo/Documentos/02_Maestria_en_Sistemas_Embebidos/21_Sistemas_Digitales_para_las_Comunicaciones/workspace2/micro_3/system_wrapper.xsa",
	"platIntHandOff":	"<platformDir>/hw/system_wrapper.xsa",
	"deviceType":	"FPGA",
	"platIsPrebuiltAutogen":	"false",
	"platIsNoBootBsp":	"false",
	"hasFsblMakeHasChanges":	"false",
	"hasPmufwMakeHasChanges":	"false",
	"platPreBuiltFlag":	false,
	"platformSamplesDir":	"",
	"platActiveSys":	"system_wrapper_1",
	"systems":	[{
			"systemName":	"system_wrapper_1",
			"systemDesc":	"system_wrapper_1",
			"sysIsBootAutoGen":	"true",
			"systemDispName":	"system_wrapper_1",
			"sysActiveDom":	"standalone_microblaze_0",
			"sysDefaultDom":	"standalone_microblaze_0",
			"domains":	[{
					"domainName":	"standalone_microblaze_0",
					"domainDispName":	"standalone_microblaze_0",
					"domainDesc":	"standalone_microblaze_0",
					"processors":	"microblaze_0",
					"os":	"standalone",
					"sdxOs":	"standalone",
					"debugEnable":	"False",
					"domRuntimes":	["cpp"],
					"swRepo":	"",
					"mssOsVer":	"7.5",
					"mssFile":	"",
					"md5Digest":	"5415c844288b929e1b40c33c7f2ae25e",
					"compatibleApp":	"hello_world",
					"domType":	"mssDomain",
					"arch":	"32-bit",
					"appSettings":	{
						"appCompilerFlags":	"",
						"appLinkerFlags":	""
					},
					"addedLibs":	[],
					"libOptions":	{
						"libsContainingOptions":	[]
					},
					"prebuiltLibs":	{
						"prebuiltIncPath":	[],
						"prebuiltLibPath":	[]
					},
					"isolation":	{
					}
				}]
		}]
}
KEYINFO::2022-02-12.19:55:24::SCWPlatform::updated the xpfm file.
TRACE::2022-02-12.19:55:25::SCWPlatform::Trying to open the hw design at /home/pablo/Documentos/02_Maestria_en_Sistemas_Embebidos/21_Sistemas_Digitales_para_las_Comunicaciones/workspace2/micro_2/system_wrapper_1/hw/system_wrapper.xsa
TRACE::2022-02-12.19:55:25::SCWPlatform::DSA given /home/pablo/Documentos/02_Maestria_en_Sistemas_Embebidos/21_Sistemas_Digitales_para_las_Comunicaciones/workspace2/micro_2/system_wrapper_1/hw/system_wrapper.xsa
TRACE::2022-02-12.19:55:25::SCWPlatform::DSA absoulate path /home/pablo/Documentos/02_Maestria_en_Sistemas_Embebidos/21_Sistemas_Digitales_para_las_Comunicaciones/workspace2/micro_2/system_wrapper_1/hw/system_wrapper.xsa
TRACE::2022-02-12.19:55:25::SCWPlatform::DSA directory /home/pablo/Documentos/02_Maestria_en_Sistemas_Embebidos/21_Sistemas_Digitales_para_las_Comunicaciones/workspace2/micro_2/system_wrapper_1/hw
TRACE::2022-02-12.19:55:25::SCWPlatform:: Platform Path /home/pablo/Documentos/02_Maestria_en_Sistemas_Embebidos/21_Sistemas_Digitales_para_las_Comunicaciones/workspace2/micro_2/system_wrapper_1/hw/system_wrapper.xsa
TRACE::2022-02-12.19:55:25::SCWPlatform:: Unique name xilinx:arty-a7-35::0.0
TRACE::2022-02-12.19:55:25::SCWPlatform::Trying to set the existing hwdb with name system_wrapper_11
TRACE::2022-02-12.19:55:25::SCWPlatform::Opened existing hwdb system_wrapper_11
TRACE::2022-02-12.19:55:25::SCWPlatform::Found the Hw Db part of the input DSA
TRACE::2022-02-12.19:55:25::SCWMssOS::Checking the sw design at  /home/pablo/Documentos/02_Maestria_en_Sistemas_Embebidos/21_Sistemas_Digitales_para_las_Comunicaciones/workspace2/micro_2/system_wrapper_1/microblaze_0/standalone_microblaze_0/bsp/system.mss
TRACE::2022-02-12.19:55:25::SCWMssOS::DEBUG:  swdes dump  /home/pablo/Documentos/02_Maestria_en_Sistemas_Embebidos/21_Sistemas_Digitales_para_las_Comunicaciones/workspace2/micro_2/system_wrapper/microblaze_0/standalone_microblaze_0/bsp/system.mss|system||
/home/pablo/Documentos/02_Maestria_en_Sistemas_Embebidos/21_Sistemas_Digitales_para_las_Comunicaciones/workspace2/micro_2/system_wrapper_1/microblaze_0/standalone_microblaze_0/bsp/system.mss|system_0||

TRACE::2022-02-12.19:55:25::SCWMssOS::Sw design exists and opened at  /home/pablo/Documentos/02_Maestria_en_Sistemas_Embebidos/21_Sistemas_Digitales_para_las_Comunicaciones/workspace2/micro_2/system_wrapper_1/microblaze_0/standalone_microblaze_0/bsp/system.mss
TRACE::2022-02-12.19:55:25::SCWMssOS::Saving the mss changes /home/pablo/Documentos/02_Maestria_en_Sistemas_Embebidos/21_Sistemas_Digitales_para_las_Comunicaciones/workspace2/micro_2/system_wrapper_1/microblaze_0/standalone_microblaze_0/bsp/system.mss
TRACE::2022-02-12.19:55:25::SCWMssOS::Found a swdesign opened with the mssfile.
TRACE::2022-02-12.19:55:25::SCWMssOS::Completed writemss as part of save.
TRACE::2022-02-12.19:55:25::SCWMssOS::Commit changes completed.
TRACE::2022-02-12.19:55:25::SCWPlatform::Trying to open the hw design at /home/pablo/Documentos/02_Maestria_en_Sistemas_Embebidos/21_Sistemas_Digitales_para_las_Comunicaciones/workspace2/micro_2/system_wrapper_1/hw/system_wrapper.xsa
TRACE::2022-02-12.19:55:25::SCWPlatform::DSA given /home/pablo/Documentos/02_Maestria_en_Sistemas_Embebidos/21_Sistemas_Digitales_para_las_Comunicaciones/workspace2/micro_2/system_wrapper_1/hw/system_wrapper.xsa
TRACE::2022-02-12.19:55:25::SCWPlatform::DSA absoulate path /home/pablo/Documentos/02_Maestria_en_Sistemas_Embebidos/21_Sistemas_Digitales_para_las_Comunicaciones/workspace2/micro_2/system_wrapper_1/hw/system_wrapper.xsa
TRACE::2022-02-12.19:55:25::SCWPlatform::DSA directory /home/pablo/Documentos/02_Maestria_en_Sistemas_Embebidos/21_Sistemas_Digitales_para_las_Comunicaciones/workspace2/micro_2/system_wrapper_1/hw
TRACE::2022-02-12.19:55:25::SCWPlatform:: Platform Path /home/pablo/Documentos/02_Maestria_en_Sistemas_Embebidos/21_Sistemas_Digitales_para_las_Comunicaciones/workspace2/micro_2/system_wrapper_1/hw/system_wrapper.xsa
TRACE::2022-02-12.19:55:25::SCWPlatform:: Unique name xilinx:arty-a7-35::0.0
TRACE::2022-02-12.19:55:25::SCWPlatform::Trying to set the existing hwdb with name system_wrapper_11
TRACE::2022-02-12.19:55:25::SCWPlatform::Opened existing hwdb system_wrapper_11
TRACE::2022-02-12.19:55:25::SCWPlatform::Found the Hw Db part of the input DSA
TRACE::2022-02-12.19:55:25::SCWMssOS::Checking the sw design at  /home/pablo/Documentos/02_Maestria_en_Sistemas_Embebidos/21_Sistemas_Digitales_para_las_Comunicaciones/workspace2/micro_2/system_wrapper_1/microblaze_0/standalone_microblaze_0/bsp/system.mss
TRACE::2022-02-12.19:55:25::SCWMssOS::DEBUG:  swdes dump  /home/pablo/Documentos/02_Maestria_en_Sistemas_Embebidos/21_Sistemas_Digitales_para_las_Comunicaciones/workspace2/micro_2/system_wrapper/microblaze_0/standalone_microblaze_0/bsp/system.mss|system||
/home/pablo/Documentos/02_Maestria_en_Sistemas_Embebidos/21_Sistemas_Digitales_para_las_Comunicaciones/workspace2/micro_2/system_wrapper_1/microblaze_0/standalone_microblaze_0/bsp/system.mss|system_0||

TRACE::2022-02-12.19:55:25::SCWMssOS::Sw design exists and opened at  /home/pablo/Documentos/02_Maestria_en_Sistemas_Embebidos/21_Sistemas_Digitales_para_las_Comunicaciones/workspace2/micro_2/system_wrapper_1/microblaze_0/standalone_microblaze_0/bsp/system.mss
TRACE::2022-02-12.19:55:25::SCWPlatform::Trying to open the hw design at /home/pablo/Documentos/02_Maestria_en_Sistemas_Embebidos/21_Sistemas_Digitales_para_las_Comunicaciones/workspace2/micro_2/system_wrapper_1/hw/system_wrapper.xsa
TRACE::2022-02-12.19:55:25::SCWPlatform::DSA given /home/pablo/Documentos/02_Maestria_en_Sistemas_Embebidos/21_Sistemas_Digitales_para_las_Comunicaciones/workspace2/micro_2/system_wrapper_1/hw/system_wrapper.xsa
TRACE::2022-02-12.19:55:25::SCWPlatform::DSA absoulate path /home/pablo/Documentos/02_Maestria_en_Sistemas_Embebidos/21_Sistemas_Digitales_para_las_Comunicaciones/workspace2/micro_2/system_wrapper_1/hw/system_wrapper.xsa
TRACE::2022-02-12.19:55:25::SCWPlatform::DSA directory /home/pablo/Documentos/02_Maestria_en_Sistemas_Embebidos/21_Sistemas_Digitales_para_las_Comunicaciones/workspace2/micro_2/system_wrapper_1/hw
TRACE::2022-02-12.19:55:25::SCWPlatform:: Platform Path /home/pablo/Documentos/02_Maestria_en_Sistemas_Embebidos/21_Sistemas_Digitales_para_las_Comunicaciones/workspace2/micro_2/system_wrapper_1/hw/system_wrapper.xsa
TRACE::2022-02-12.19:55:25::SCWPlatform:: Unique name xilinx:arty-a7-35::0.0
TRACE::2022-02-12.19:55:25::SCWPlatform::Trying to set the existing hwdb with name system_wrapper_11
TRACE::2022-02-12.19:55:25::SCWPlatform::Opened existing hwdb system_wrapper_11
TRACE::2022-02-12.19:55:25::SCWPlatform::Found the Hw Db part of the input DSA
TRACE::2022-02-12.19:55:25::SCWMssOS::Checking the sw design at  /home/pablo/Documentos/02_Maestria_en_Sistemas_Embebidos/21_Sistemas_Digitales_para_las_Comunicaciones/workspace2/micro_2/system_wrapper_1/microblaze_0/standalone_microblaze_0/bsp/system.mss
TRACE::2022-02-12.19:55:25::SCWMssOS::DEBUG:  swdes dump  /home/pablo/Documentos/02_Maestria_en_Sistemas_Embebidos/21_Sistemas_Digitales_para_las_Comunicaciones/workspace2/micro_2/system_wrapper/microblaze_0/standalone_microblaze_0/bsp/system.mss|system||
/home/pablo/Documentos/02_Maestria_en_Sistemas_Embebidos/21_Sistemas_Digitales_para_las_Comunicaciones/workspace2/micro_2/system_wrapper_1/microblaze_0/standalone_microblaze_0/bsp/system.mss|system_0||

TRACE::2022-02-12.19:55:25::SCWMssOS::Sw design exists and opened at  /home/pablo/Documentos/02_Maestria_en_Sistemas_Embebidos/21_Sistemas_Digitales_para_las_Comunicaciones/workspace2/micro_2/system_wrapper_1/microblaze_0/standalone_microblaze_0/bsp/system.mss
TRACE::2022-02-12.19:55:25::SCWPlatform::Trying to open the hw design at /home/pablo/Documentos/02_Maestria_en_Sistemas_Embebidos/21_Sistemas_Digitales_para_las_Comunicaciones/workspace2/micro_2/system_wrapper_1/hw/system_wrapper.xsa
TRACE::2022-02-12.19:55:25::SCWPlatform::DSA given /home/pablo/Documentos/02_Maestria_en_Sistemas_Embebidos/21_Sistemas_Digitales_para_las_Comunicaciones/workspace2/micro_2/system_wrapper_1/hw/system_wrapper.xsa
TRACE::2022-02-12.19:55:25::SCWPlatform::DSA absoulate path /home/pablo/Documentos/02_Maestria_en_Sistemas_Embebidos/21_Sistemas_Digitales_para_las_Comunicaciones/workspace2/micro_2/system_wrapper_1/hw/system_wrapper.xsa
TRACE::2022-02-12.19:55:25::SCWPlatform::DSA directory /home/pablo/Documentos/02_Maestria_en_Sistemas_Embebidos/21_Sistemas_Digitales_para_las_Comunicaciones/workspace2/micro_2/system_wrapper_1/hw
TRACE::2022-02-12.19:55:25::SCWPlatform:: Platform Path /home/pablo/Documentos/02_Maestria_en_Sistemas_Embebidos/21_Sistemas_Digitales_para_las_Comunicaciones/workspace2/micro_2/system_wrapper_1/hw/system_wrapper.xsa
TRACE::2022-02-12.19:55:25::SCWPlatform:: Unique name xilinx:arty-a7-35::0.0
TRACE::2022-02-12.19:55:25::SCWPlatform::Trying to set the existing hwdb with name system_wrapper_11
TRACE::2022-02-12.19:55:25::SCWPlatform::Opened existing hwdb system_wrapper_11
TRACE::2022-02-12.19:55:25::SCWPlatform::Found the Hw Db part of the input DSA
TRACE::2022-02-12.19:55:25::SCWMssOS::Checking the sw design at  /home/pablo/Documentos/02_Maestria_en_Sistemas_Embebidos/21_Sistemas_Digitales_para_las_Comunicaciones/workspace2/micro_2/system_wrapper_1/microblaze_0/standalone_microblaze_0/bsp/system.mss
TRACE::2022-02-12.19:55:25::SCWMssOS::DEBUG:  swdes dump  /home/pablo/Documentos/02_Maestria_en_Sistemas_Embebidos/21_Sistemas_Digitales_para_las_Comunicaciones/workspace2/micro_2/system_wrapper/microblaze_0/standalone_microblaze_0/bsp/system.mss|system||
/home/pablo/Documentos/02_Maestria_en_Sistemas_Embebidos/21_Sistemas_Digitales_para_las_Comunicaciones/workspace2/micro_2/system_wrapper_1/microblaze_0/standalone_microblaze_0/bsp/system.mss|system_0||

TRACE::2022-02-12.19:55:25::SCWMssOS::Sw design exists and opened at  /home/pablo/Documentos/02_Maestria_en_Sistemas_Embebidos/21_Sistemas_Digitales_para_las_Comunicaciones/workspace2/micro_2/system_wrapper_1/microblaze_0/standalone_microblaze_0/bsp/system.mss
TRACE::2022-02-12.19:55:25::SCWWriter::formatted JSON is {
	"platformName":	"system_wrapper_1",
	"sprVersion":	"2.0",
	"mode":	"gui",
	"dsaType":	"Fixed",
	"platformDesc":	"system_wrapper_1",
	"platHandOff":	"/home/pablo/Documentos/02_Maestria_en_Sistemas_Embebidos/21_Sistemas_Digitales_para_las_Comunicaciones/workspace2/micro_3/system_wrapper.xsa",
	"platIntHandOff":	"<platformDir>/hw/system_wrapper.xsa",
	"deviceType":	"FPGA",
	"platIsPrebuiltAutogen":	"false",
	"platIsNoBootBsp":	"false",
	"hasFsblMakeHasChanges":	"false",
	"hasPmufwMakeHasChanges":	"false",
	"platPreBuiltFlag":	false,
	"platformSamplesDir":	"",
	"platActiveSys":	"system_wrapper_1",
	"systems":	[{
			"systemName":	"system_wrapper_1",
			"systemDesc":	"system_wrapper_1",
			"sysIsBootAutoGen":	"true",
			"systemDispName":	"system_wrapper_1",
			"sysActiveDom":	"standalone_microblaze_0",
			"sysDefaultDom":	"standalone_microblaze_0",
			"domains":	[{
					"domainName":	"standalone_microblaze_0",
					"domainDispName":	"standalone_microblaze_0",
					"domainDesc":	"standalone_microblaze_0",
					"processors":	"microblaze_0",
					"os":	"standalone",
					"sdxOs":	"standalone",
					"debugEnable":	"False",
					"domRuntimes":	["cpp"],
					"swRepo":	"",
					"mssOsVer":	"7.5",
					"mssFile":	"",
					"md5Digest":	"5415c844288b929e1b40c33c7f2ae25e",
					"compatibleApp":	"hello_world",
					"domType":	"mssDomain",
					"arch":	"32-bit",
					"appSettings":	{
						"appCompilerFlags":	"",
						"appLinkerFlags":	""
					},
					"addedLibs":	[],
					"libOptions":	{
						"libsContainingOptions":	[]
					},
					"prebuiltLibs":	{
						"prebuiltIncPath":	[],
						"prebuiltLibPath":	[]
					},
					"isolation":	{
					}
				}]
		}]
}
TRACE::2022-02-12.19:55:25::SCWPlatform::Trying to open the hw design at /home/pablo/Documentos/02_Maestria_en_Sistemas_Embebidos/21_Sistemas_Digitales_para_las_Comunicaciones/workspace2/micro_2/system_wrapper_1/hw/system_wrapper.xsa
TRACE::2022-02-12.19:55:25::SCWPlatform::DSA given /home/pablo/Documentos/02_Maestria_en_Sistemas_Embebidos/21_Sistemas_Digitales_para_las_Comunicaciones/workspace2/micro_2/system_wrapper_1/hw/system_wrapper.xsa
TRACE::2022-02-12.19:55:25::SCWPlatform::DSA absoulate path /home/pablo/Documentos/02_Maestria_en_Sistemas_Embebidos/21_Sistemas_Digitales_para_las_Comunicaciones/workspace2/micro_2/system_wrapper_1/hw/system_wrapper.xsa
TRACE::2022-02-12.19:55:25::SCWPlatform::DSA directory /home/pablo/Documentos/02_Maestria_en_Sistemas_Embebidos/21_Sistemas_Digitales_para_las_Comunicaciones/workspace2/micro_2/system_wrapper_1/hw
TRACE::2022-02-12.19:55:25::SCWPlatform:: Platform Path /home/pablo/Documentos/02_Maestria_en_Sistemas_Embebidos/21_Sistemas_Digitales_para_las_Comunicaciones/workspace2/micro_2/system_wrapper_1/hw/system_wrapper.xsa
TRACE::2022-02-12.19:55:25::SCWPlatform:: Unique name xilinx:arty-a7-35::0.0
TRACE::2022-02-12.19:55:25::SCWPlatform::Trying to set the existing hwdb with name system_wrapper_11
TRACE::2022-02-12.19:55:25::SCWPlatform::Opened existing hwdb system_wrapper_11
TRACE::2022-02-12.19:55:25::SCWPlatform::Found the Hw Db part of the input DSA
TRACE::2022-02-12.19:55:25::SCWMssOS::Checking the sw design at  /home/pablo/Documentos/02_Maestria_en_Sistemas_Embebidos/21_Sistemas_Digitales_para_las_Comunicaciones/workspace2/micro_2/system_wrapper_1/microblaze_0/standalone_microblaze_0/bsp/system.mss
TRACE::2022-02-12.19:55:25::SCWMssOS::DEBUG:  swdes dump  /home/pablo/Documentos/02_Maestria_en_Sistemas_Embebidos/21_Sistemas_Digitales_para_las_Comunicaciones/workspace2/micro_2/system_wrapper/microblaze_0/standalone_microblaze_0/bsp/system.mss|system||
/home/pablo/Documentos/02_Maestria_en_Sistemas_Embebidos/21_Sistemas_Digitales_para_las_Comunicaciones/workspace2/micro_2/system_wrapper_1/microblaze_0/standalone_microblaze_0/bsp/system.mss|system_0||

TRACE::2022-02-12.19:55:25::SCWMssOS::Sw design exists and opened at  /home/pablo/Documentos/02_Maestria_en_Sistemas_Embebidos/21_Sistemas_Digitales_para_las_Comunicaciones/workspace2/micro_2/system_wrapper_1/microblaze_0/standalone_microblaze_0/bsp/system.mss
TRACE::2022-02-12.19:55:25::SCWPlatform::Trying to open the hw design at /home/pablo/Documentos/02_Maestria_en_Sistemas_Embebidos/21_Sistemas_Digitales_para_las_Comunicaciones/workspace2/micro_2/system_wrapper_1/hw/system_wrapper.xsa
TRACE::2022-02-12.19:55:25::SCWPlatform::DSA given /home/pablo/Documentos/02_Maestria_en_Sistemas_Embebidos/21_Sistemas_Digitales_para_las_Comunicaciones/workspace2/micro_2/system_wrapper_1/hw/system_wrapper.xsa
TRACE::2022-02-12.19:55:25::SCWPlatform::DSA absoulate path /home/pablo/Documentos/02_Maestria_en_Sistemas_Embebidos/21_Sistemas_Digitales_para_las_Comunicaciones/workspace2/micro_2/system_wrapper_1/hw/system_wrapper.xsa
TRACE::2022-02-12.19:55:25::SCWPlatform::DSA directory /home/pablo/Documentos/02_Maestria_en_Sistemas_Embebidos/21_Sistemas_Digitales_para_las_Comunicaciones/workspace2/micro_2/system_wrapper_1/hw
TRACE::2022-02-12.19:55:25::SCWPlatform:: Platform Path /home/pablo/Documentos/02_Maestria_en_Sistemas_Embebidos/21_Sistemas_Digitales_para_las_Comunicaciones/workspace2/micro_2/system_wrapper_1/hw/system_wrapper.xsa
TRACE::2022-02-12.19:55:25::SCWPlatform:: Unique name xilinx:arty-a7-35::0.0
TRACE::2022-02-12.19:55:25::SCWPlatform::Trying to set the existing hwdb with name system_wrapper_11
TRACE::2022-02-12.19:55:25::SCWPlatform::Opened existing hwdb system_wrapper_11
TRACE::2022-02-12.19:55:25::SCWPlatform::Found the Hw Db part of the input DSA
TRACE::2022-02-12.19:55:25::SCWMssOS::Checking the sw design at  /home/pablo/Documentos/02_Maestria_en_Sistemas_Embebidos/21_Sistemas_Digitales_para_las_Comunicaciones/workspace2/micro_2/system_wrapper_1/microblaze_0/standalone_microblaze_0/bsp/system.mss
TRACE::2022-02-12.19:55:25::SCWMssOS::DEBUG:  swdes dump  /home/pablo/Documentos/02_Maestria_en_Sistemas_Embebidos/21_Sistemas_Digitales_para_las_Comunicaciones/workspace2/micro_2/system_wrapper/microblaze_0/standalone_microblaze_0/bsp/system.mss|system||
/home/pablo/Documentos/02_Maestria_en_Sistemas_Embebidos/21_Sistemas_Digitales_para_las_Comunicaciones/workspace2/micro_2/system_wrapper_1/microblaze_0/standalone_microblaze_0/bsp/system.mss|system_0||

TRACE::2022-02-12.19:55:25::SCWMssOS::Sw design exists and opened at  /home/pablo/Documentos/02_Maestria_en_Sistemas_Embebidos/21_Sistemas_Digitales_para_las_Comunicaciones/workspace2/micro_2/system_wrapper_1/microblaze_0/standalone_microblaze_0/bsp/system.mss
TRACE::2022-02-12.19:55:25::SCWMssOS::Saving the mss changes /home/pablo/Documentos/02_Maestria_en_Sistemas_Embebidos/21_Sistemas_Digitales_para_las_Comunicaciones/workspace2/micro_2/system_wrapper_1/microblaze_0/standalone_microblaze_0/bsp/system.mss
TRACE::2022-02-12.19:55:25::SCWMssOS::Found a swdesign opened with the mssfile.
TRACE::2022-02-12.19:55:25::SCWMssOS::Completed writemss as part of save.
TRACE::2022-02-12.19:55:25::SCWMssOS::Commit changes completed.
TRACE::2022-02-12.19:55:25::SCWPlatform::Trying to open the hw design at /home/pablo/Documentos/02_Maestria_en_Sistemas_Embebidos/21_Sistemas_Digitales_para_las_Comunicaciones/workspace2/micro_2/system_wrapper_1/hw/system_wrapper.xsa
TRACE::2022-02-12.19:55:25::SCWPlatform::DSA given /home/pablo/Documentos/02_Maestria_en_Sistemas_Embebidos/21_Sistemas_Digitales_para_las_Comunicaciones/workspace2/micro_2/system_wrapper_1/hw/system_wrapper.xsa
TRACE::2022-02-12.19:55:25::SCWPlatform::DSA absoulate path /home/pablo/Documentos/02_Maestria_en_Sistemas_Embebidos/21_Sistemas_Digitales_para_las_Comunicaciones/workspace2/micro_2/system_wrapper_1/hw/system_wrapper.xsa
TRACE::2022-02-12.19:55:25::SCWPlatform::DSA directory /home/pablo/Documentos/02_Maestria_en_Sistemas_Embebidos/21_Sistemas_Digitales_para_las_Comunicaciones/workspace2/micro_2/system_wrapper_1/hw
TRACE::2022-02-12.19:55:25::SCWPlatform:: Platform Path /home/pablo/Documentos/02_Maestria_en_Sistemas_Embebidos/21_Sistemas_Digitales_para_las_Comunicaciones/workspace2/micro_2/system_wrapper_1/hw/system_wrapper.xsa
TRACE::2022-02-12.19:55:25::SCWPlatform:: Unique name xilinx:arty-a7-35::0.0
TRACE::2022-02-12.19:55:25::SCWPlatform::Trying to set the existing hwdb with name system_wrapper_11
TRACE::2022-02-12.19:55:25::SCWPlatform::Opened existing hwdb system_wrapper_11
TRACE::2022-02-12.19:55:25::SCWPlatform::Found the Hw Db part of the input DSA
TRACE::2022-02-12.19:55:25::SCWMssOS::Checking the sw design at  /home/pablo/Documentos/02_Maestria_en_Sistemas_Embebidos/21_Sistemas_Digitales_para_las_Comunicaciones/workspace2/micro_2/system_wrapper_1/microblaze_0/standalone_microblaze_0/bsp/system.mss
TRACE::2022-02-12.19:55:25::SCWMssOS::DEBUG:  swdes dump  /home/pablo/Documentos/02_Maestria_en_Sistemas_Embebidos/21_Sistemas_Digitales_para_las_Comunicaciones/workspace2/micro_2/system_wrapper/microblaze_0/standalone_microblaze_0/bsp/system.mss|system||
/home/pablo/Documentos/02_Maestria_en_Sistemas_Embebidos/21_Sistemas_Digitales_para_las_Comunicaciones/workspace2/micro_2/system_wrapper_1/microblaze_0/standalone_microblaze_0/bsp/system.mss|system_0||

TRACE::2022-02-12.19:55:25::SCWMssOS::Sw design exists and opened at  /home/pablo/Documentos/02_Maestria_en_Sistemas_Embebidos/21_Sistemas_Digitales_para_las_Comunicaciones/workspace2/micro_2/system_wrapper_1/microblaze_0/standalone_microblaze_0/bsp/system.mss
TRACE::2022-02-12.19:55:25::SCWPlatform::Trying to open the hw design at /home/pablo/Documentos/02_Maestria_en_Sistemas_Embebidos/21_Sistemas_Digitales_para_las_Comunicaciones/workspace2/micro_2/system_wrapper_1/hw/system_wrapper.xsa
TRACE::2022-02-12.19:55:25::SCWPlatform::DSA given /home/pablo/Documentos/02_Maestria_en_Sistemas_Embebidos/21_Sistemas_Digitales_para_las_Comunicaciones/workspace2/micro_2/system_wrapper_1/hw/system_wrapper.xsa
TRACE::2022-02-12.19:55:25::SCWPlatform::DSA absoulate path /home/pablo/Documentos/02_Maestria_en_Sistemas_Embebidos/21_Sistemas_Digitales_para_las_Comunicaciones/workspace2/micro_2/system_wrapper_1/hw/system_wrapper.xsa
TRACE::2022-02-12.19:55:25::SCWPlatform::DSA directory /home/pablo/Documentos/02_Maestria_en_Sistemas_Embebidos/21_Sistemas_Digitales_para_las_Comunicaciones/workspace2/micro_2/system_wrapper_1/hw
TRACE::2022-02-12.19:55:25::SCWPlatform:: Platform Path /home/pablo/Documentos/02_Maestria_en_Sistemas_Embebidos/21_Sistemas_Digitales_para_las_Comunicaciones/workspace2/micro_2/system_wrapper_1/hw/system_wrapper.xsa
TRACE::2022-02-12.19:55:25::SCWPlatform:: Unique name xilinx:arty-a7-35::0.0
TRACE::2022-02-12.19:55:25::SCWPlatform::Trying to set the existing hwdb with name system_wrapper_11
TRACE::2022-02-12.19:55:25::SCWPlatform::Opened existing hwdb system_wrapper_11
TRACE::2022-02-12.19:55:25::SCWPlatform::Found the Hw Db part of the input DSA
TRACE::2022-02-12.19:55:25::SCWMssOS::Checking the sw design at  /home/pablo/Documentos/02_Maestria_en_Sistemas_Embebidos/21_Sistemas_Digitales_para_las_Comunicaciones/workspace2/micro_2/system_wrapper_1/microblaze_0/standalone_microblaze_0/bsp/system.mss
TRACE::2022-02-12.19:55:25::SCWMssOS::DEBUG:  swdes dump  /home/pablo/Documentos/02_Maestria_en_Sistemas_Embebidos/21_Sistemas_Digitales_para_las_Comunicaciones/workspace2/micro_2/system_wrapper/microblaze_0/standalone_microblaze_0/bsp/system.mss|system||
/home/pablo/Documentos/02_Maestria_en_Sistemas_Embebidos/21_Sistemas_Digitales_para_las_Comunicaciones/workspace2/micro_2/system_wrapper_1/microblaze_0/standalone_microblaze_0/bsp/system.mss|system_0||

TRACE::2022-02-12.19:55:25::SCWMssOS::Sw design exists and opened at  /home/pablo/Documentos/02_Maestria_en_Sistemas_Embebidos/21_Sistemas_Digitales_para_las_Comunicaciones/workspace2/micro_2/system_wrapper_1/microblaze_0/standalone_microblaze_0/bsp/system.mss
TRACE::2022-02-12.19:55:25::SCWPlatform::Trying to open the hw design at /home/pablo/Documentos/02_Maestria_en_Sistemas_Embebidos/21_Sistemas_Digitales_para_las_Comunicaciones/workspace2/micro_2/system_wrapper_1/hw/system_wrapper.xsa
TRACE::2022-02-12.19:55:25::SCWPlatform::DSA given /home/pablo/Documentos/02_Maestria_en_Sistemas_Embebidos/21_Sistemas_Digitales_para_las_Comunicaciones/workspace2/micro_2/system_wrapper_1/hw/system_wrapper.xsa
TRACE::2022-02-12.19:55:25::SCWPlatform::DSA absoulate path /home/pablo/Documentos/02_Maestria_en_Sistemas_Embebidos/21_Sistemas_Digitales_para_las_Comunicaciones/workspace2/micro_2/system_wrapper_1/hw/system_wrapper.xsa
TRACE::2022-02-12.19:55:25::SCWPlatform::DSA directory /home/pablo/Documentos/02_Maestria_en_Sistemas_Embebidos/21_Sistemas_Digitales_para_las_Comunicaciones/workspace2/micro_2/system_wrapper_1/hw
TRACE::2022-02-12.19:55:25::SCWPlatform:: Platform Path /home/pablo/Documentos/02_Maestria_en_Sistemas_Embebidos/21_Sistemas_Digitales_para_las_Comunicaciones/workspace2/micro_2/system_wrapper_1/hw/system_wrapper.xsa
TRACE::2022-02-12.19:55:25::SCWPlatform:: Unique name xilinx:arty-a7-35::0.0
TRACE::2022-02-12.19:55:25::SCWPlatform::Trying to set the existing hwdb with name system_wrapper_11
TRACE::2022-02-12.19:55:25::SCWPlatform::Opened existing hwdb system_wrapper_11
TRACE::2022-02-12.19:55:25::SCWPlatform::Found the Hw Db part of the input DSA
TRACE::2022-02-12.19:55:25::SCWMssOS::Checking the sw design at  /home/pablo/Documentos/02_Maestria_en_Sistemas_Embebidos/21_Sistemas_Digitales_para_las_Comunicaciones/workspace2/micro_2/system_wrapper_1/microblaze_0/standalone_microblaze_0/bsp/system.mss
TRACE::2022-02-12.19:55:25::SCWMssOS::DEBUG:  swdes dump  /home/pablo/Documentos/02_Maestria_en_Sistemas_Embebidos/21_Sistemas_Digitales_para_las_Comunicaciones/workspace2/micro_2/system_wrapper/microblaze_0/standalone_microblaze_0/bsp/system.mss|system||
/home/pablo/Documentos/02_Maestria_en_Sistemas_Embebidos/21_Sistemas_Digitales_para_las_Comunicaciones/workspace2/micro_2/system_wrapper_1/microblaze_0/standalone_microblaze_0/bsp/system.mss|system_0||

TRACE::2022-02-12.19:55:25::SCWMssOS::Sw design exists and opened at  /home/pablo/Documentos/02_Maestria_en_Sistemas_Embebidos/21_Sistemas_Digitales_para_las_Comunicaciones/workspace2/micro_2/system_wrapper_1/microblaze_0/standalone_microblaze_0/bsp/system.mss
TRACE::2022-02-12.19:55:25::SCWWriter::formatted JSON is {
	"platformName":	"system_wrapper_1",
	"sprVersion":	"2.0",
	"mode":	"gui",
	"dsaType":	"Fixed",
	"platformDesc":	"system_wrapper_1",
	"platHandOff":	"/home/pablo/Documentos/02_Maestria_en_Sistemas_Embebidos/21_Sistemas_Digitales_para_las_Comunicaciones/workspace2/micro_3/system_wrapper.xsa",
	"platIntHandOff":	"<platformDir>/hw/system_wrapper.xsa",
	"deviceType":	"FPGA",
	"platIsPrebuiltAutogen":	"false",
	"platIsNoBootBsp":	"false",
	"hasFsblMakeHasChanges":	"false",
	"hasPmufwMakeHasChanges":	"false",
	"platPreBuiltFlag":	false,
	"platformSamplesDir":	"",
	"platActiveSys":	"system_wrapper_1",
	"systems":	[{
			"systemName":	"system_wrapper_1",
			"systemDesc":	"system_wrapper_1",
			"sysIsBootAutoGen":	"true",
			"systemDispName":	"system_wrapper_1",
			"sysActiveDom":	"standalone_microblaze_0",
			"sysDefaultDom":	"standalone_microblaze_0",
			"domains":	[{
					"domainName":	"standalone_microblaze_0",
					"domainDispName":	"standalone_microblaze_0",
					"domainDesc":	"standalone_microblaze_0",
					"processors":	"microblaze_0",
					"os":	"standalone",
					"sdxOs":	"standalone",
					"debugEnable":	"False",
					"domRuntimes":	["cpp"],
					"swRepo":	"",
					"mssOsVer":	"7.5",
					"mssFile":	"",
					"md5Digest":	"5415c844288b929e1b40c33c7f2ae25e",
					"compatibleApp":	"hello_world",
					"domType":	"mssDomain",
					"arch":	"32-bit",
					"appSettings":	{
						"appCompilerFlags":	"",
						"appLinkerFlags":	""
					},
					"addedLibs":	[],
					"libOptions":	{
						"libsContainingOptions":	[]
					},
					"prebuiltLibs":	{
						"prebuiltIncPath":	[],
						"prebuiltLibPath":	[]
					},
					"isolation":	{
					}
				}]
		}]
}
LOG::2022-02-12.19:55:25::SCWPlatform::Started generating the artifacts platform system_wrapper_1
TRACE::2022-02-12.19:55:25::SCWPlatform::Sanity checking of platform is completed
LOG::2022-02-12.19:55:25::SCWPlatform::Started generating the artifacts for system configuration system_wrapper_1
LOG::2022-02-12.19:55:25::SCWSystem::Started Processing the domain standalone_microblaze_0
TRACE::2022-02-12.19:55:25::SCWDomain::Generating domain artifcats
TRACE::2022-02-12.19:55:25::SCWMssOS::Generating standalone artifcats
TRACE::2022-02-12.19:55:25::SCWMssOS:: Copying the user libraries. 
TRACE::2022-02-12.19:55:25::SCWPlatform::Trying to open the hw design at /home/pablo/Documentos/02_Maestria_en_Sistemas_Embebidos/21_Sistemas_Digitales_para_las_Comunicaciones/workspace2/micro_2/system_wrapper_1/hw/system_wrapper.xsa
TRACE::2022-02-12.19:55:25::SCWPlatform::DSA given /home/pablo/Documentos/02_Maestria_en_Sistemas_Embebidos/21_Sistemas_Digitales_para_las_Comunicaciones/workspace2/micro_2/system_wrapper_1/hw/system_wrapper.xsa
TRACE::2022-02-12.19:55:25::SCWPlatform::DSA absoulate path /home/pablo/Documentos/02_Maestria_en_Sistemas_Embebidos/21_Sistemas_Digitales_para_las_Comunicaciones/workspace2/micro_2/system_wrapper_1/hw/system_wrapper.xsa
TRACE::2022-02-12.19:55:25::SCWPlatform::DSA directory /home/pablo/Documentos/02_Maestria_en_Sistemas_Embebidos/21_Sistemas_Digitales_para_las_Comunicaciones/workspace2/micro_2/system_wrapper_1/hw
TRACE::2022-02-12.19:55:25::SCWPlatform:: Platform Path /home/pablo/Documentos/02_Maestria_en_Sistemas_Embebidos/21_Sistemas_Digitales_para_las_Comunicaciones/workspace2/micro_2/system_wrapper_1/hw/system_wrapper.xsa
TRACE::2022-02-12.19:55:25::SCWPlatform:: Unique name xilinx:arty-a7-35::0.0
TRACE::2022-02-12.19:55:25::SCWPlatform::Trying to set the existing hwdb with name system_wrapper_11
TRACE::2022-02-12.19:55:25::SCWPlatform::Opened existing hwdb system_wrapper_11
TRACE::2022-02-12.19:55:25::SCWPlatform::Found the Hw Db part of the input DSA
TRACE::2022-02-12.19:55:25::SCWMssOS::Checking the sw design at  /home/pablo/Documentos/02_Maestria_en_Sistemas_Embebidos/21_Sistemas_Digitales_para_las_Comunicaciones/workspace2/micro_2/system_wrapper_1/microblaze_0/standalone_microblaze_0/bsp/system.mss
TRACE::2022-02-12.19:55:25::SCWMssOS::DEBUG:  swdes dump  /home/pablo/Documentos/02_Maestria_en_Sistemas_Embebidos/21_Sistemas_Digitales_para_las_Comunicaciones/workspace2/micro_2/system_wrapper/microblaze_0/standalone_microblaze_0/bsp/system.mss|system||
/home/pablo/Documentos/02_Maestria_en_Sistemas_Embebidos/21_Sistemas_Digitales_para_las_Comunicaciones/workspace2/micro_2/system_wrapper_1/microblaze_0/standalone_microblaze_0/bsp/system.mss|system_0||

TRACE::2022-02-12.19:55:25::SCWMssOS::Sw design exists and opened at  /home/pablo/Documentos/02_Maestria_en_Sistemas_Embebidos/21_Sistemas_Digitales_para_las_Comunicaciones/workspace2/micro_2/system_wrapper_1/microblaze_0/standalone_microblaze_0/bsp/system.mss
TRACE::2022-02-12.19:55:25::SCWMssOS::Completed writing the mss file at /home/pablo/Documentos/02_Maestria_en_Sistemas_Embebidos/21_Sistemas_Digitales_para_las_Comunicaciones/workspace2/micro_2/system_wrapper_1/microblaze_0/standalone_microblaze_0/bsp
TRACE::2022-02-12.19:55:25::SCWMssOS::Mss edits present, copying mssfile into export location /home/pablo/Documentos/02_Maestria_en_Sistemas_Embebidos/21_Sistemas_Digitales_para_las_Comunicaciones/workspace2/micro_2/system_wrapper_1/microblaze_0/standalone_microblaze_0/bsp/system.mss
TRACE::2022-02-12.19:55:25::SCWMssOS::bsp generated is upto date with the mss file. Skipping bsp generation.
TRACE::2022-02-12.19:55:25::SCWMssOS::BSP is already built. skipping the bsp build ... 
TRACE::2022-02-12.19:55:25::SCWDomain::Building the domain as part of full build :  standalone_microblaze_0
TRACE::2022-02-12.19:55:25::SCWMssOS::skipping the bsp build ... 
TRACE::2022-02-12.19:55:25::SCWMssOS::Copying to export directory.
TRACE::2022-02-12.19:55:25::SCWMssOS:: Checking if to create the Supporting Applications
TRACE::2022-02-12.19:55:25::SCWMssOS:: No Linux domain exists, trying to generate FSBL 
LOG::2022-02-12.19:55:25::SCWSystem::Completed Processing the domain standalone_microblaze_0
LOG::2022-02-12.19:55:25::SCWSystem::Completed Processing the sysconfig system_wrapper_1
LOG::2022-02-12.19:55:25::SCWPlatform::Completed generating the artifacts for system configuration system_wrapper_1
TRACE::2022-02-12.19:55:25::SCWPlatform::Started preparing the platform 
TRACE::2022-02-12.19:55:25::SCWSystem::Writing the bif file for system config system_wrapper_1
TRACE::2022-02-12.19:55:25::SCWSystem::dir created 
TRACE::2022-02-12.19:55:25::SCWSystem::Writing the bif 
TRACE::2022-02-12.19:55:25::SCWPlatform::Started writing the spfm file 
TRACE::2022-02-12.19:55:25::SCWPlatform::Started writing the xpfm file 
TRACE::2022-02-12.19:55:25::SCWPlatform::Completed generating the platform
TRACE::2022-02-12.19:55:25::SCWMssOS::Saving the mss changes /home/pablo/Documentos/02_Maestria_en_Sistemas_Embebidos/21_Sistemas_Digitales_para_las_Comunicaciones/workspace2/micro_2/system_wrapper_1/microblaze_0/standalone_microblaze_0/bsp/system.mss
TRACE::2022-02-12.19:55:25::SCWMssOS::Found a swdesign opened with the mssfile.
TRACE::2022-02-12.19:55:25::SCWMssOS::Completed writemss as part of save.
TRACE::2022-02-12.19:55:25::SCWMssOS::Commit changes completed.
TRACE::2022-02-12.19:55:25::SCWPlatform::Trying to open the hw design at /home/pablo/Documentos/02_Maestria_en_Sistemas_Embebidos/21_Sistemas_Digitales_para_las_Comunicaciones/workspace2/micro_2/system_wrapper_1/hw/system_wrapper.xsa
TRACE::2022-02-12.19:55:25::SCWPlatform::DSA given /home/pablo/Documentos/02_Maestria_en_Sistemas_Embebidos/21_Sistemas_Digitales_para_las_Comunicaciones/workspace2/micro_2/system_wrapper_1/hw/system_wrapper.xsa
TRACE::2022-02-12.19:55:25::SCWPlatform::DSA absoulate path /home/pablo/Documentos/02_Maestria_en_Sistemas_Embebidos/21_Sistemas_Digitales_para_las_Comunicaciones/workspace2/micro_2/system_wrapper_1/hw/system_wrapper.xsa
TRACE::2022-02-12.19:55:25::SCWPlatform::DSA directory /home/pablo/Documentos/02_Maestria_en_Sistemas_Embebidos/21_Sistemas_Digitales_para_las_Comunicaciones/workspace2/micro_2/system_wrapper_1/hw
TRACE::2022-02-12.19:55:25::SCWPlatform:: Platform Path /home/pablo/Documentos/02_Maestria_en_Sistemas_Embebidos/21_Sistemas_Digitales_para_las_Comunicaciones/workspace2/micro_2/system_wrapper_1/hw/system_wrapper.xsa
TRACE::2022-02-12.19:55:25::SCWPlatform:: Unique name xilinx:arty-a7-35::0.0
TRACE::2022-02-12.19:55:25::SCWPlatform::Trying to set the existing hwdb with name system_wrapper_11
TRACE::2022-02-12.19:55:25::SCWPlatform::Opened existing hwdb system_wrapper_11
TRACE::2022-02-12.19:55:25::SCWPlatform::Found the Hw Db part of the input DSA
TRACE::2022-02-12.19:55:25::SCWMssOS::Checking the sw design at  /home/pablo/Documentos/02_Maestria_en_Sistemas_Embebidos/21_Sistemas_Digitales_para_las_Comunicaciones/workspace2/micro_2/system_wrapper_1/microblaze_0/standalone_microblaze_0/bsp/system.mss
TRACE::2022-02-12.19:55:25::SCWMssOS::DEBUG:  swdes dump  /home/pablo/Documentos/02_Maestria_en_Sistemas_Embebidos/21_Sistemas_Digitales_para_las_Comunicaciones/workspace2/micro_2/system_wrapper/microblaze_0/standalone_microblaze_0/bsp/system.mss|system||
/home/pablo/Documentos/02_Maestria_en_Sistemas_Embebidos/21_Sistemas_Digitales_para_las_Comunicaciones/workspace2/micro_2/system_wrapper_1/microblaze_0/standalone_microblaze_0/bsp/system.mss|system_0||

TRACE::2022-02-12.19:55:25::SCWMssOS::Sw design exists and opened at  /home/pablo/Documentos/02_Maestria_en_Sistemas_Embebidos/21_Sistemas_Digitales_para_las_Comunicaciones/workspace2/micro_2/system_wrapper_1/microblaze_0/standalone_microblaze_0/bsp/system.mss
TRACE::2022-02-12.19:55:25::SCWPlatform::Trying to open the hw design at /home/pablo/Documentos/02_Maestria_en_Sistemas_Embebidos/21_Sistemas_Digitales_para_las_Comunicaciones/workspace2/micro_2/system_wrapper_1/hw/system_wrapper.xsa
TRACE::2022-02-12.19:55:25::SCWPlatform::DSA given /home/pablo/Documentos/02_Maestria_en_Sistemas_Embebidos/21_Sistemas_Digitales_para_las_Comunicaciones/workspace2/micro_2/system_wrapper_1/hw/system_wrapper.xsa
TRACE::2022-02-12.19:55:25::SCWPlatform::DSA absoulate path /home/pablo/Documentos/02_Maestria_en_Sistemas_Embebidos/21_Sistemas_Digitales_para_las_Comunicaciones/workspace2/micro_2/system_wrapper_1/hw/system_wrapper.xsa
TRACE::2022-02-12.19:55:25::SCWPlatform::DSA directory /home/pablo/Documentos/02_Maestria_en_Sistemas_Embebidos/21_Sistemas_Digitales_para_las_Comunicaciones/workspace2/micro_2/system_wrapper_1/hw
TRACE::2022-02-12.19:55:25::SCWPlatform:: Platform Path /home/pablo/Documentos/02_Maestria_en_Sistemas_Embebidos/21_Sistemas_Digitales_para_las_Comunicaciones/workspace2/micro_2/system_wrapper_1/hw/system_wrapper.xsa
TRACE::2022-02-12.19:55:25::SCWPlatform:: Unique name xilinx:arty-a7-35::0.0
TRACE::2022-02-12.19:55:25::SCWPlatform::Trying to set the existing hwdb with name system_wrapper_11
TRACE::2022-02-12.19:55:25::SCWPlatform::Opened existing hwdb system_wrapper_11
TRACE::2022-02-12.19:55:25::SCWPlatform::Found the Hw Db part of the input DSA
TRACE::2022-02-12.19:55:25::SCWMssOS::Checking the sw design at  /home/pablo/Documentos/02_Maestria_en_Sistemas_Embebidos/21_Sistemas_Digitales_para_las_Comunicaciones/workspace2/micro_2/system_wrapper_1/microblaze_0/standalone_microblaze_0/bsp/system.mss
TRACE::2022-02-12.19:55:25::SCWMssOS::DEBUG:  swdes dump  /home/pablo/Documentos/02_Maestria_en_Sistemas_Embebidos/21_Sistemas_Digitales_para_las_Comunicaciones/workspace2/micro_2/system_wrapper/microblaze_0/standalone_microblaze_0/bsp/system.mss|system||
/home/pablo/Documentos/02_Maestria_en_Sistemas_Embebidos/21_Sistemas_Digitales_para_las_Comunicaciones/workspace2/micro_2/system_wrapper_1/microblaze_0/standalone_microblaze_0/bsp/system.mss|system_0||

TRACE::2022-02-12.19:55:25::SCWMssOS::Sw design exists and opened at  /home/pablo/Documentos/02_Maestria_en_Sistemas_Embebidos/21_Sistemas_Digitales_para_las_Comunicaciones/workspace2/micro_2/system_wrapper_1/microblaze_0/standalone_microblaze_0/bsp/system.mss
TRACE::2022-02-12.19:55:25::SCWPlatform::Trying to open the hw design at /home/pablo/Documentos/02_Maestria_en_Sistemas_Embebidos/21_Sistemas_Digitales_para_las_Comunicaciones/workspace2/micro_2/system_wrapper_1/hw/system_wrapper.xsa
TRACE::2022-02-12.19:55:25::SCWPlatform::DSA given /home/pablo/Documentos/02_Maestria_en_Sistemas_Embebidos/21_Sistemas_Digitales_para_las_Comunicaciones/workspace2/micro_2/system_wrapper_1/hw/system_wrapper.xsa
TRACE::2022-02-12.19:55:25::SCWPlatform::DSA absoulate path /home/pablo/Documentos/02_Maestria_en_Sistemas_Embebidos/21_Sistemas_Digitales_para_las_Comunicaciones/workspace2/micro_2/system_wrapper_1/hw/system_wrapper.xsa
TRACE::2022-02-12.19:55:25::SCWPlatform::DSA directory /home/pablo/Documentos/02_Maestria_en_Sistemas_Embebidos/21_Sistemas_Digitales_para_las_Comunicaciones/workspace2/micro_2/system_wrapper_1/hw
TRACE::2022-02-12.19:55:25::SCWPlatform:: Platform Path /home/pablo/Documentos/02_Maestria_en_Sistemas_Embebidos/21_Sistemas_Digitales_para_las_Comunicaciones/workspace2/micro_2/system_wrapper_1/hw/system_wrapper.xsa
TRACE::2022-02-12.19:55:25::SCWPlatform:: Unique name xilinx:arty-a7-35::0.0
TRACE::2022-02-12.19:55:25::SCWPlatform::Trying to set the existing hwdb with name system_wrapper_11
TRACE::2022-02-12.19:55:25::SCWPlatform::Opened existing hwdb system_wrapper_11
TRACE::2022-02-12.19:55:25::SCWPlatform::Found the Hw Db part of the input DSA
TRACE::2022-02-12.19:55:25::SCWMssOS::Checking the sw design at  /home/pablo/Documentos/02_Maestria_en_Sistemas_Embebidos/21_Sistemas_Digitales_para_las_Comunicaciones/workspace2/micro_2/system_wrapper_1/microblaze_0/standalone_microblaze_0/bsp/system.mss
TRACE::2022-02-12.19:55:25::SCWMssOS::DEBUG:  swdes dump  /home/pablo/Documentos/02_Maestria_en_Sistemas_Embebidos/21_Sistemas_Digitales_para_las_Comunicaciones/workspace2/micro_2/system_wrapper/microblaze_0/standalone_microblaze_0/bsp/system.mss|system||
/home/pablo/Documentos/02_Maestria_en_Sistemas_Embebidos/21_Sistemas_Digitales_para_las_Comunicaciones/workspace2/micro_2/system_wrapper_1/microblaze_0/standalone_microblaze_0/bsp/system.mss|system_0||

TRACE::2022-02-12.19:55:25::SCWMssOS::Sw design exists and opened at  /home/pablo/Documentos/02_Maestria_en_Sistemas_Embebidos/21_Sistemas_Digitales_para_las_Comunicaciones/workspace2/micro_2/system_wrapper_1/microblaze_0/standalone_microblaze_0/bsp/system.mss
TRACE::2022-02-12.19:55:25::SCWWriter::formatted JSON is {
	"platformName":	"system_wrapper_1",
	"sprVersion":	"2.0",
	"mode":	"gui",
	"dsaType":	"Fixed",
	"platformDesc":	"system_wrapper_1",
	"platHandOff":	"/home/pablo/Documentos/02_Maestria_en_Sistemas_Embebidos/21_Sistemas_Digitales_para_las_Comunicaciones/workspace2/micro_3/system_wrapper.xsa",
	"platIntHandOff":	"<platformDir>/hw/system_wrapper.xsa",
	"deviceType":	"FPGA",
	"platIsPrebuiltAutogen":	"false",
	"platIsNoBootBsp":	"false",
	"hasFsblMakeHasChanges":	"false",
	"hasPmufwMakeHasChanges":	"false",
	"platPreBuiltFlag":	false,
	"platformSamplesDir":	"",
	"platActiveSys":	"system_wrapper_1",
	"systems":	[{
			"systemName":	"system_wrapper_1",
			"systemDesc":	"system_wrapper_1",
			"sysIsBootAutoGen":	"true",
			"systemDispName":	"system_wrapper_1",
			"sysActiveDom":	"standalone_microblaze_0",
			"sysDefaultDom":	"standalone_microblaze_0",
			"domains":	[{
					"domainName":	"standalone_microblaze_0",
					"domainDispName":	"standalone_microblaze_0",
					"domainDesc":	"standalone_microblaze_0",
					"processors":	"microblaze_0",
					"os":	"standalone",
					"sdxOs":	"standalone",
					"debugEnable":	"False",
					"domRuntimes":	["cpp"],
					"swRepo":	"",
					"mssOsVer":	"7.5",
					"mssFile":	"",
					"md5Digest":	"5415c844288b929e1b40c33c7f2ae25e",
					"compatibleApp":	"hello_world",
					"domType":	"mssDomain",
					"arch":	"32-bit",
					"appSettings":	{
						"appCompilerFlags":	"",
						"appLinkerFlags":	""
					},
					"addedLibs":	[],
					"libOptions":	{
						"libsContainingOptions":	[]
					},
					"prebuiltLibs":	{
						"prebuiltIncPath":	[],
						"prebuiltLibPath":	[]
					},
					"isolation":	{
					}
				}]
		}]
}
KEYINFO::2022-02-12.19:55:25::SCWPlatform::updated the xpfm file.
