TRACE::2022-02-12.19:33:10::SCWPlatform::Trying to open the hw design at /home/pablo/Documentos/02_Maestria_en_Sistemas_Embebidos/21_Sistemas_Digitales_para_las_Comunicaciones/workspace2/micro_2/system_wrapper/hw/system_wrapper.xsa
TRACE::2022-02-12.19:33:10::SCWPlatform::DSA given /home/pablo/Documentos/02_Maestria_en_Sistemas_Embebidos/21_Sistemas_Digitales_para_las_Comunicaciones/workspace2/micro_2/system_wrapper/hw/system_wrapper.xsa
TRACE::2022-02-12.19:33:10::SCWPlatform::DSA absoulate path /home/pablo/Documentos/02_Maestria_en_Sistemas_Embebidos/21_Sistemas_Digitales_para_las_Comunicaciones/workspace2/micro_2/system_wrapper/hw/system_wrapper.xsa
TRACE::2022-02-12.19:33:10::SCWPlatform::DSA directory /home/pablo/Documentos/02_Maestria_en_Sistemas_Embebidos/21_Sistemas_Digitales_para_las_Comunicaciones/workspace2/micro_2/system_wrapper/hw
TRACE::2022-02-12.19:33:10::SCWPlatform:: Platform Path /home/pablo/Documentos/02_Maestria_en_Sistemas_Embebidos/21_Sistemas_Digitales_para_las_Comunicaciones/workspace2/micro_2/system_wrapper/hw/system_wrapper.xsa
TRACE::2022-02-12.19:33:10::SCWPlatform:: Unique name xilinx:arty-a7-35::0.0
TRACE::2022-02-12.19:33:10::SCWPlatform::Do not have an existing db opened. 
TRACE::2022-02-12.19:33:10::SCWPlatform::Opened new HwDB with name system_wrapper_7
TRACE::2022-02-12.19:33:10::SCWWriter::formatted JSON is {
	"platformName":	"system_wrapper",
	"sprVersion":	"2.0",
	"mode":	"gui",
	"dsaType":	"Fixed",
	"platformDesc":	"system_wrapper",
	"platHandOff":	"<platformDir>.xsa",
	"platIntHandOff":	"<platformDir>/hw/system_wrapper.xsa",
	"deviceType":	"FPGA",
	"platIsPrebuiltAutogen":	"false",
	"platIsNoBootBsp":	"false",
	"hasFsblMakeHasChanges":	"false",
	"hasPmufwMakeHasChanges":	"false",
	"platPreBuiltFlag":	false,
	"platformSamplesDir":	""
}
TRACE::2022-02-12.19:33:10::SCWWriter::formatted JSON is {
	"platformName":	"system_wrapper",
	"sprVersion":	"2.0",
	"mode":	"gui",
	"dsaType":	"Fixed",
	"platformDesc":	"system_wrapper",
	"platHandOff":	"<platformDir>.xsa",
	"platIntHandOff":	"<platformDir>/hw/system_wrapper.xsa",
	"deviceType":	"FPGA",
	"platIsPrebuiltAutogen":	"false",
	"platIsNoBootBsp":	"false",
	"hasFsblMakeHasChanges":	"false",
	"hasPmufwMakeHasChanges":	"false",
	"platPreBuiltFlag":	false,
	"platformSamplesDir":	"",
	"platActiveSys":	"system_wrapper",
	"systems":	[{
			"systemName":	"system_wrapper",
			"systemDesc":	"system_wrapper",
			"sysIsBootAutoGen":	"true",
			"systemDispName":	"system_wrapper"
		}]
}
TRACE::2022-02-12.19:33:10::SCWPlatform::Boot application domains not present, creating them
TRACE::2022-02-12.19:33:10::SCWPlatform::Pure FPGA device, no boot application will be created.
TRACE::2022-02-12.19:33:10::SCWWriter::formatted JSON is {
	"platformName":	"system_wrapper",
	"sprVersion":	"2.0",
	"mode":	"gui",
	"dsaType":	"Fixed",
	"platformDesc":	"system_wrapper",
	"platHandOff":	"<platformDir>.xsa",
	"platIntHandOff":	"<platformDir>/hw/system_wrapper.xsa",
	"deviceType":	"FPGA",
	"platIsPrebuiltAutogen":	"false",
	"platIsNoBootBsp":	"false",
	"hasFsblMakeHasChanges":	"false",
	"hasPmufwMakeHasChanges":	"false",
	"platPreBuiltFlag":	false,
	"platformSamplesDir":	"",
	"platActiveSys":	"system_wrapper",
	"systems":	[{
			"systemName":	"system_wrapper",
			"systemDesc":	"system_wrapper",
			"sysIsBootAutoGen":	"true",
			"systemDispName":	"system_wrapper"
		}]
}
TRACE::2022-02-12.19:33:10::SCWWriter::formatted JSON is {
	"platformName":	"system_wrapper",
	"sprVersion":	"2.0",
	"mode":	"gui",
	"dsaType":	"Fixed",
	"platformDesc":	"system_wrapper",
	"platHandOff":	"<platformDir>.xsa",
	"platIntHandOff":	"<platformDir>/hw/system_wrapper.xsa",
	"deviceType":	"FPGA",
	"platIsPrebuiltAutogen":	"false",
	"platIsNoBootBsp":	"false",
	"hasFsblMakeHasChanges":	"false",
	"hasPmufwMakeHasChanges":	"false",
	"platPreBuiltFlag":	false,
	"platformSamplesDir":	"",
	"platActiveSys":	"system_wrapper",
	"systems":	[{
			"systemName":	"system_wrapper",
			"systemDesc":	"system_wrapper",
			"sysIsBootAutoGen":	"true",
			"systemDispName":	"system_wrapper"
		}]
}
TRACE::2022-02-12.19:33:10::SCWPlatform::Trying to open the hw design at /home/pablo/Documentos/02_Maestria_en_Sistemas_Embebidos/21_Sistemas_Digitales_para_las_Comunicaciones/workspace2/micro_2/system_wrapper/hw/system_wrapper.xsa
TRACE::2022-02-12.19:33:10::SCWPlatform::DSA given /home/pablo/Documentos/02_Maestria_en_Sistemas_Embebidos/21_Sistemas_Digitales_para_las_Comunicaciones/workspace2/micro_2/system_wrapper/hw/system_wrapper.xsa
TRACE::2022-02-12.19:33:10::SCWPlatform::DSA absoulate path /home/pablo/Documentos/02_Maestria_en_Sistemas_Embebidos/21_Sistemas_Digitales_para_las_Comunicaciones/workspace2/micro_2/system_wrapper/hw/system_wrapper.xsa
TRACE::2022-02-12.19:33:10::SCWPlatform::DSA directory /home/pablo/Documentos/02_Maestria_en_Sistemas_Embebidos/21_Sistemas_Digitales_para_las_Comunicaciones/workspace2/micro_2/system_wrapper/hw
TRACE::2022-02-12.19:33:10::SCWPlatform:: Platform Path /home/pablo/Documentos/02_Maestria_en_Sistemas_Embebidos/21_Sistemas_Digitales_para_las_Comunicaciones/workspace2/micro_2/system_wrapper/hw/system_wrapper.xsa
TRACE::2022-02-12.19:33:10::SCWPlatform:: Unique name xilinx:arty-a7-35::0.0
TRACE::2022-02-12.19:33:10::SCWPlatform::Trying to set the existing hwdb with name system_wrapper_7
TRACE::2022-02-12.19:33:10::SCWPlatform::Opened existing hwdb system_wrapper_7
TRACE::2022-02-12.19:33:10::SCWPlatform::Found the Hw Db part of the input DSA
TRACE::2022-02-12.19:33:10::SCWPlatform::Trying to open the hw design at /home/pablo/Documentos/02_Maestria_en_Sistemas_Embebidos/21_Sistemas_Digitales_para_las_Comunicaciones/workspace2/micro_2/system_wrapper/hw/system_wrapper.xsa
TRACE::2022-02-12.19:33:10::SCWPlatform::DSA given /home/pablo/Documentos/02_Maestria_en_Sistemas_Embebidos/21_Sistemas_Digitales_para_las_Comunicaciones/workspace2/micro_2/system_wrapper/hw/system_wrapper.xsa
TRACE::2022-02-12.19:33:10::SCWPlatform::DSA absoulate path /home/pablo/Documentos/02_Maestria_en_Sistemas_Embebidos/21_Sistemas_Digitales_para_las_Comunicaciones/workspace2/micro_2/system_wrapper/hw/system_wrapper.xsa
TRACE::2022-02-12.19:33:10::SCWPlatform::DSA directory /home/pablo/Documentos/02_Maestria_en_Sistemas_Embebidos/21_Sistemas_Digitales_para_las_Comunicaciones/workspace2/micro_2/system_wrapper/hw
TRACE::2022-02-12.19:33:10::SCWPlatform:: Platform Path /home/pablo/Documentos/02_Maestria_en_Sistemas_Embebidos/21_Sistemas_Digitales_para_las_Comunicaciones/workspace2/micro_2/system_wrapper/hw/system_wrapper.xsa
TRACE::2022-02-12.19:33:10::SCWPlatform:: Unique name xilinx:arty-a7-35::0.0
TRACE::2022-02-12.19:33:10::SCWPlatform::Trying to set the existing hwdb with name system_wrapper_7
TRACE::2022-02-12.19:33:10::SCWPlatform::Opened existing hwdb system_wrapper_7
TRACE::2022-02-12.19:33:10::SCWPlatform::Found the Hw Db part of the input DSA
TRACE::2022-02-12.19:33:10::SCWDomain::checking for install qemu data   : 
TRACE::2022-02-12.19:33:10::SCWPlatform::Trying to open the hw design at /home/pablo/Documentos/02_Maestria_en_Sistemas_Embebidos/21_Sistemas_Digitales_para_las_Comunicaciones/workspace2/micro_2/system_wrapper/hw/system_wrapper.xsa
TRACE::2022-02-12.19:33:10::SCWPlatform::DSA given /home/pablo/Documentos/02_Maestria_en_Sistemas_Embebidos/21_Sistemas_Digitales_para_las_Comunicaciones/workspace2/micro_2/system_wrapper/hw/system_wrapper.xsa
TRACE::2022-02-12.19:33:10::SCWPlatform::DSA absoulate path /home/pablo/Documentos/02_Maestria_en_Sistemas_Embebidos/21_Sistemas_Digitales_para_las_Comunicaciones/workspace2/micro_2/system_wrapper/hw/system_wrapper.xsa
TRACE::2022-02-12.19:33:10::SCWPlatform::DSA directory /home/pablo/Documentos/02_Maestria_en_Sistemas_Embebidos/21_Sistemas_Digitales_para_las_Comunicaciones/workspace2/micro_2/system_wrapper/hw
TRACE::2022-02-12.19:33:10::SCWPlatform:: Platform Path /home/pablo/Documentos/02_Maestria_en_Sistemas_Embebidos/21_Sistemas_Digitales_para_las_Comunicaciones/workspace2/micro_2/system_wrapper/hw/system_wrapper.xsa
TRACE::2022-02-12.19:33:10::SCWPlatform:: Unique name xilinx:arty-a7-35::0.0
TRACE::2022-02-12.19:33:10::SCWPlatform::Trying to set the existing hwdb with name system_wrapper_7
TRACE::2022-02-12.19:33:10::SCWPlatform::Opened existing hwdb system_wrapper_7
TRACE::2022-02-12.19:33:10::SCWPlatform::Found the Hw Db part of the input DSA
TRACE::2022-02-12.19:33:10::SCWPlatform::Trying to open the hw design at /home/pablo/Documentos/02_Maestria_en_Sistemas_Embebidos/21_Sistemas_Digitales_para_las_Comunicaciones/workspace2/micro_2/system_wrapper/hw/system_wrapper.xsa
TRACE::2022-02-12.19:33:10::SCWPlatform::DSA given /home/pablo/Documentos/02_Maestria_en_Sistemas_Embebidos/21_Sistemas_Digitales_para_las_Comunicaciones/workspace2/micro_2/system_wrapper/hw/system_wrapper.xsa
TRACE::2022-02-12.19:33:10::SCWPlatform::DSA absoulate path /home/pablo/Documentos/02_Maestria_en_Sistemas_Embebidos/21_Sistemas_Digitales_para_las_Comunicaciones/workspace2/micro_2/system_wrapper/hw/system_wrapper.xsa
TRACE::2022-02-12.19:33:10::SCWPlatform::DSA directory /home/pablo/Documentos/02_Maestria_en_Sistemas_Embebidos/21_Sistemas_Digitales_para_las_Comunicaciones/workspace2/micro_2/system_wrapper/hw
TRACE::2022-02-12.19:33:10::SCWPlatform:: Platform Path /home/pablo/Documentos/02_Maestria_en_Sistemas_Embebidos/21_Sistemas_Digitales_para_las_Comunicaciones/workspace2/micro_2/system_wrapper/hw/system_wrapper.xsa
TRACE::2022-02-12.19:33:10::SCWPlatform:: Unique name xilinx:arty-a7-35::0.0
TRACE::2022-02-12.19:33:10::SCWPlatform::Trying to set the existing hwdb with name system_wrapper_7
TRACE::2022-02-12.19:33:10::SCWPlatform::Opened existing hwdb system_wrapper_7
TRACE::2022-02-12.19:33:10::SCWPlatform::Found the Hw Db part of the input DSA
TRACE::2022-02-12.19:33:10::SCWPlatform::Trying to open the hw design at /home/pablo/Documentos/02_Maestria_en_Sistemas_Embebidos/21_Sistemas_Digitales_para_las_Comunicaciones/workspace2/micro_2/system_wrapper/hw/system_wrapper.xsa
TRACE::2022-02-12.19:33:10::SCWPlatform::DSA given /home/pablo/Documentos/02_Maestria_en_Sistemas_Embebidos/21_Sistemas_Digitales_para_las_Comunicaciones/workspace2/micro_2/system_wrapper/hw/system_wrapper.xsa
TRACE::2022-02-12.19:33:10::SCWPlatform::DSA absoulate path /home/pablo/Documentos/02_Maestria_en_Sistemas_Embebidos/21_Sistemas_Digitales_para_las_Comunicaciones/workspace2/micro_2/system_wrapper/hw/system_wrapper.xsa
TRACE::2022-02-12.19:33:10::SCWPlatform::DSA directory /home/pablo/Documentos/02_Maestria_en_Sistemas_Embebidos/21_Sistemas_Digitales_para_las_Comunicaciones/workspace2/micro_2/system_wrapper/hw
TRACE::2022-02-12.19:33:10::SCWPlatform:: Platform Path /home/pablo/Documentos/02_Maestria_en_Sistemas_Embebidos/21_Sistemas_Digitales_para_las_Comunicaciones/workspace2/micro_2/system_wrapper/hw/system_wrapper.xsa
TRACE::2022-02-12.19:33:10::SCWPlatform:: Unique name xilinx:arty-a7-35::0.0
TRACE::2022-02-12.19:33:10::SCWPlatform::Trying to set the existing hwdb with name system_wrapper_7
TRACE::2022-02-12.19:33:10::SCWPlatform::Opened existing hwdb system_wrapper_7
TRACE::2022-02-12.19:33:10::SCWPlatform::Found the Hw Db part of the input DSA
TRACE::2022-02-12.19:33:10::SCWMssOS::Checking the sw design at  /home/pablo/Documentos/02_Maestria_en_Sistemas_Embebidos/21_Sistemas_Digitales_para_las_Comunicaciones/workspace2/micro_2/system_wrapper/microblaze_0/standalone_microblaze_0/bsp/system.mss
TRACE::2022-02-12.19:33:10::SCWMssOS::DEBUG:  swdes dump  
TRACE::2022-02-12.19:33:10::SCWMssOS::No sw design opened at  /home/pablo/Documentos/02_Maestria_en_Sistemas_Embebidos/21_Sistemas_Digitales_para_las_Comunicaciones/workspace2/micro_2/system_wrapper/microblaze_0/standalone_microblaze_0/bsp/system.mss
TRACE::2022-02-12.19:33:10::SCWMssOS::mss does not exists at /home/pablo/Documentos/02_Maestria_en_Sistemas_Embebidos/21_Sistemas_Digitales_para_las_Comunicaciones/workspace2/micro_2/system_wrapper/microblaze_0/standalone_microblaze_0/bsp/system.mss
TRACE::2022-02-12.19:33:10::SCWMssOS::Creating sw design at  /home/pablo/Documentos/02_Maestria_en_Sistemas_Embebidos/21_Sistemas_Digitales_para_las_Comunicaciones/workspace2/micro_2/system_wrapper/microblaze_0/standalone_microblaze_0/bsp/system.mss
TRACE::2022-02-12.19:33:10::SCWMssOS::Adding the swdes entry, created swdb /home/pablo/Documentos/02_Maestria_en_Sistemas_Embebidos/21_Sistemas_Digitales_para_las_Comunicaciones/workspace2/micro_2/system_wrapper/microblaze_0/standalone_microblaze_0/bsp/system.mss with des name /home/pablo/Documentos/02_Maestria_en_Sistemas_Embebidos/21_Sistemas_Digitales_para_las_Comunicaciones/workspace2/micro_2/system_wrapper/microblaze_0/standalone_microblaze_0/bsp/system.mss
TRACE::2022-02-12.19:33:10::SCWMssOS::updating the scw layer changes to swdes at   /home/pablo/Documentos/02_Maestria_en_Sistemas_Embebidos/21_Sistemas_Digitales_para_las_Comunicaciones/workspace2/micro_2/system_wrapper/microblaze_0/standalone_microblaze_0/bsp/system.mss
TRACE::2022-02-12.19:33:10::SCWMssOS::Writing mss at /home/pablo/Documentos/02_Maestria_en_Sistemas_Embebidos/21_Sistemas_Digitales_para_las_Comunicaciones/workspace2/micro_2/system_wrapper/microblaze_0/standalone_microblaze_0/bsp/system.mss
TRACE::2022-02-12.19:33:10::SCWMssOS::Completed writing the mss file at /home/pablo/Documentos/02_Maestria_en_Sistemas_Embebidos/21_Sistemas_Digitales_para_las_Comunicaciones/workspace2/micro_2/system_wrapper/microblaze_0/standalone_microblaze_0/bsp
TRACE::2022-02-12.19:33:10::SCWMssOS::Picking up changes from newly written mss file into SCW Layer. 
TRACE::2022-02-12.19:33:10::SCWMssOS::Updated the changes from newly written mss file into SCW Layer. 
TRACE::2022-02-12.19:33:10::SCWMssOS::Completed writing the mss file at /home/pablo/Documentos/02_Maestria_en_Sistemas_Embebidos/21_Sistemas_Digitales_para_las_Comunicaciones/workspace2/micro_2/system_wrapper/microblaze_0/standalone_microblaze_0/bsp
TRACE::2022-02-12.19:33:10::SCWMssOS::Forcing BSP Sources regeneration.
TRACE::2022-02-12.19:33:10::SCWMssOS::Saving the mss changes /home/pablo/Documentos/02_Maestria_en_Sistemas_Embebidos/21_Sistemas_Digitales_para_las_Comunicaciones/workspace2/micro_2/system_wrapper/microblaze_0/standalone_microblaze_0/bsp/system.mss
TRACE::2022-02-12.19:33:10::SCWMssOS::Adding the swdes entry, mss present, able to open swdb /home/pablo/Documentos/02_Maestria_en_Sistemas_Embebidos/21_Sistemas_Digitales_para_las_Comunicaciones/workspace2/micro_2/system_wrapper/microblaze_0/standalone_microblaze_0/bsp/system.mss with des name system
TRACE::2022-02-12.19:33:10::SCWMssOS::Writing the mss file completed /home/pablo/Documentos/02_Maestria_en_Sistemas_Embebidos/21_Sistemas_Digitales_para_las_Comunicaciones/workspace2/micro_2/system_wrapper/microblaze_0/standalone_microblaze_0/bsp/system.mss
TRACE::2022-02-12.19:33:10::SCWMssOS::Commit changes completed.
TRACE::2022-02-12.19:33:10::SCWPlatform::Trying to open the hw design at /home/pablo/Documentos/02_Maestria_en_Sistemas_Embebidos/21_Sistemas_Digitales_para_las_Comunicaciones/workspace2/micro_2/system_wrapper/hw/system_wrapper.xsa
TRACE::2022-02-12.19:33:10::SCWPlatform::DSA given /home/pablo/Documentos/02_Maestria_en_Sistemas_Embebidos/21_Sistemas_Digitales_para_las_Comunicaciones/workspace2/micro_2/system_wrapper/hw/system_wrapper.xsa
TRACE::2022-02-12.19:33:10::SCWPlatform::DSA absoulate path /home/pablo/Documentos/02_Maestria_en_Sistemas_Embebidos/21_Sistemas_Digitales_para_las_Comunicaciones/workspace2/micro_2/system_wrapper/hw/system_wrapper.xsa
TRACE::2022-02-12.19:33:10::SCWPlatform::DSA directory /home/pablo/Documentos/02_Maestria_en_Sistemas_Embebidos/21_Sistemas_Digitales_para_las_Comunicaciones/workspace2/micro_2/system_wrapper/hw
TRACE::2022-02-12.19:33:10::SCWPlatform:: Platform Path /home/pablo/Documentos/02_Maestria_en_Sistemas_Embebidos/21_Sistemas_Digitales_para_las_Comunicaciones/workspace2/micro_2/system_wrapper/hw/system_wrapper.xsa
TRACE::2022-02-12.19:33:10::SCWPlatform:: Unique name xilinx:arty-a7-35::0.0
TRACE::2022-02-12.19:33:10::SCWPlatform::Trying to set the existing hwdb with name system_wrapper_7
TRACE::2022-02-12.19:33:10::SCWPlatform::Opened existing hwdb system_wrapper_7
TRACE::2022-02-12.19:33:10::SCWPlatform::Found the Hw Db part of the input DSA
TRACE::2022-02-12.19:33:10::SCWMssOS::Checking the sw design at  /home/pablo/Documentos/02_Maestria_en_Sistemas_Embebidos/21_Sistemas_Digitales_para_las_Comunicaciones/workspace2/micro_2/system_wrapper/microblaze_0/standalone_microblaze_0/bsp/system.mss
TRACE::2022-02-12.19:33:10::SCWMssOS::DEBUG:  swdes dump  /home/pablo/Documentos/02_Maestria_en_Sistemas_Embebidos/21_Sistemas_Digitales_para_las_Comunicaciones/workspace2/micro_2/system_wrapper/microblaze_0/standalone_microblaze_0/bsp/system.mss|system||

TRACE::2022-02-12.19:33:10::SCWMssOS::Sw design exists and opened at  /home/pablo/Documentos/02_Maestria_en_Sistemas_Embebidos/21_Sistemas_Digitales_para_las_Comunicaciones/workspace2/micro_2/system_wrapper/microblaze_0/standalone_microblaze_0/bsp/system.mss
TRACE::2022-02-12.19:33:10::SCWPlatform::Trying to open the hw design at /home/pablo/Documentos/02_Maestria_en_Sistemas_Embebidos/21_Sistemas_Digitales_para_las_Comunicaciones/workspace2/micro_2/system_wrapper/hw/system_wrapper.xsa
TRACE::2022-02-12.19:33:10::SCWPlatform::DSA given /home/pablo/Documentos/02_Maestria_en_Sistemas_Embebidos/21_Sistemas_Digitales_para_las_Comunicaciones/workspace2/micro_2/system_wrapper/hw/system_wrapper.xsa
TRACE::2022-02-12.19:33:10::SCWPlatform::DSA absoulate path /home/pablo/Documentos/02_Maestria_en_Sistemas_Embebidos/21_Sistemas_Digitales_para_las_Comunicaciones/workspace2/micro_2/system_wrapper/hw/system_wrapper.xsa
TRACE::2022-02-12.19:33:10::SCWPlatform::DSA directory /home/pablo/Documentos/02_Maestria_en_Sistemas_Embebidos/21_Sistemas_Digitales_para_las_Comunicaciones/workspace2/micro_2/system_wrapper/hw
TRACE::2022-02-12.19:33:10::SCWPlatform:: Platform Path /home/pablo/Documentos/02_Maestria_en_Sistemas_Embebidos/21_Sistemas_Digitales_para_las_Comunicaciones/workspace2/micro_2/system_wrapper/hw/system_wrapper.xsa
TRACE::2022-02-12.19:33:10::SCWPlatform:: Unique name xilinx:arty-a7-35::0.0
TRACE::2022-02-12.19:33:10::SCWPlatform::Trying to set the existing hwdb with name system_wrapper_7
TRACE::2022-02-12.19:33:10::SCWPlatform::Opened existing hwdb system_wrapper_7
TRACE::2022-02-12.19:33:10::SCWPlatform::Found the Hw Db part of the input DSA
TRACE::2022-02-12.19:33:10::SCWMssOS::Checking the sw design at  /home/pablo/Documentos/02_Maestria_en_Sistemas_Embebidos/21_Sistemas_Digitales_para_las_Comunicaciones/workspace2/micro_2/system_wrapper/microblaze_0/standalone_microblaze_0/bsp/system.mss
TRACE::2022-02-12.19:33:10::SCWMssOS::DEBUG:  swdes dump  /home/pablo/Documentos/02_Maestria_en_Sistemas_Embebidos/21_Sistemas_Digitales_para_las_Comunicaciones/workspace2/micro_2/system_wrapper/microblaze_0/standalone_microblaze_0/bsp/system.mss|system||

TRACE::2022-02-12.19:33:10::SCWMssOS::Sw design exists and opened at  /home/pablo/Documentos/02_Maestria_en_Sistemas_Embebidos/21_Sistemas_Digitales_para_las_Comunicaciones/workspace2/micro_2/system_wrapper/microblaze_0/standalone_microblaze_0/bsp/system.mss
TRACE::2022-02-12.19:33:10::SCWPlatform::Trying to open the hw design at /home/pablo/Documentos/02_Maestria_en_Sistemas_Embebidos/21_Sistemas_Digitales_para_las_Comunicaciones/workspace2/micro_2/system_wrapper/hw/system_wrapper.xsa
TRACE::2022-02-12.19:33:10::SCWPlatform::DSA given /home/pablo/Documentos/02_Maestria_en_Sistemas_Embebidos/21_Sistemas_Digitales_para_las_Comunicaciones/workspace2/micro_2/system_wrapper/hw/system_wrapper.xsa
TRACE::2022-02-12.19:33:10::SCWPlatform::DSA absoulate path /home/pablo/Documentos/02_Maestria_en_Sistemas_Embebidos/21_Sistemas_Digitales_para_las_Comunicaciones/workspace2/micro_2/system_wrapper/hw/system_wrapper.xsa
TRACE::2022-02-12.19:33:10::SCWPlatform::DSA directory /home/pablo/Documentos/02_Maestria_en_Sistemas_Embebidos/21_Sistemas_Digitales_para_las_Comunicaciones/workspace2/micro_2/system_wrapper/hw
TRACE::2022-02-12.19:33:10::SCWPlatform:: Platform Path /home/pablo/Documentos/02_Maestria_en_Sistemas_Embebidos/21_Sistemas_Digitales_para_las_Comunicaciones/workspace2/micro_2/system_wrapper/hw/system_wrapper.xsa
TRACE::2022-02-12.19:33:10::SCWPlatform:: Unique name xilinx:arty-a7-35::0.0
TRACE::2022-02-12.19:33:10::SCWPlatform::Trying to set the existing hwdb with name system_wrapper_7
TRACE::2022-02-12.19:33:10::SCWPlatform::Opened existing hwdb system_wrapper_7
TRACE::2022-02-12.19:33:10::SCWPlatform::Found the Hw Db part of the input DSA
TRACE::2022-02-12.19:33:10::SCWMssOS::Checking the sw design at  /home/pablo/Documentos/02_Maestria_en_Sistemas_Embebidos/21_Sistemas_Digitales_para_las_Comunicaciones/workspace2/micro_2/system_wrapper/microblaze_0/standalone_microblaze_0/bsp/system.mss
TRACE::2022-02-12.19:33:10::SCWMssOS::DEBUG:  swdes dump  /home/pablo/Documentos/02_Maestria_en_Sistemas_Embebidos/21_Sistemas_Digitales_para_las_Comunicaciones/workspace2/micro_2/system_wrapper/microblaze_0/standalone_microblaze_0/bsp/system.mss|system||

TRACE::2022-02-12.19:33:10::SCWMssOS::Sw design exists and opened at  /home/pablo/Documentos/02_Maestria_en_Sistemas_Embebidos/21_Sistemas_Digitales_para_las_Comunicaciones/workspace2/micro_2/system_wrapper/microblaze_0/standalone_microblaze_0/bsp/system.mss
TRACE::2022-02-12.19:33:10::SCWWriter::formatted JSON is {
	"platformName":	"system_wrapper",
	"sprVersion":	"2.0",
	"mode":	"gui",
	"dsaType":	"Fixed",
	"platformDesc":	"system_wrapper",
	"platHandOff":	"<platformDir>.xsa",
	"platIntHandOff":	"<platformDir>/hw/system_wrapper.xsa",
	"deviceType":	"FPGA",
	"platIsPrebuiltAutogen":	"false",
	"platIsNoBootBsp":	"false",
	"hasFsblMakeHasChanges":	"false",
	"hasPmufwMakeHasChanges":	"false",
	"platPreBuiltFlag":	false,
	"platformSamplesDir":	"",
	"platActiveSys":	"system_wrapper",
	"systems":	[{
			"systemName":	"system_wrapper",
			"systemDesc":	"system_wrapper",
			"sysIsBootAutoGen":	"true",
			"systemDispName":	"system_wrapper",
			"sysActiveDom":	"standalone_microblaze_0",
			"sysDefaultDom":	"standalone_microblaze_0",
			"domains":	[{
					"domainName":	"standalone_microblaze_0",
					"domainDispName":	"standalone_microblaze_0",
					"domainDesc":	"standalone_microblaze_0",
					"processors":	"microblaze_0",
					"os":	"standalone",
					"sdxOs":	"standalone",
					"debugEnable":	"False",
					"domRuntimes":	["cpp"],
					"swRepo":	"",
					"mssOsVer":	"7.5",
					"mssFile":	"",
					"md5Digest":	"5415c844288b929e1b40c33c7f2ae25e",
					"compatibleApp":	"hello_world",
					"domType":	"mssDomain",
					"arch":	"32-bit",
					"appSettings":	{
						"appCompilerFlags":	"",
						"appLinkerFlags":	""
					},
					"addedLibs":	[],
					"libOptions":	{
						"libsContainingOptions":	[]
					},
					"prebuiltLibs":	{
						"prebuiltIncPath":	[],
						"prebuiltLibPath":	[]
					},
					"isolation":	{
					}
				}]
		}]
}
LOG::2022-02-12.19:33:10::SCWPlatform::Started generating the artifacts platform system_wrapper
TRACE::2022-02-12.19:33:10::SCWPlatform::Sanity checking of platform is completed
LOG::2022-02-12.19:33:10::SCWPlatform::Started generating the artifacts for system configuration system_wrapper
LOG::2022-02-12.19:33:10::SCWSystem::Checking the domain standalone_microblaze_0
LOG::2022-02-12.19:33:10::SCWSystem::Not a boot domain 
LOG::2022-02-12.19:33:10::SCWSystem::Started Processing the domain standalone_microblaze_0
TRACE::2022-02-12.19:33:10::SCWDomain::Generating domain artifcats
TRACE::2022-02-12.19:33:10::SCWMssOS::Generating standalone artifcats
TRACE::2022-02-12.19:33:10::SCWMssOS:: Copying the user libraries. 
TRACE::2022-02-12.19:33:10::SCWPlatform::Trying to open the hw design at /home/pablo/Documentos/02_Maestria_en_Sistemas_Embebidos/21_Sistemas_Digitales_para_las_Comunicaciones/workspace2/micro_2/system_wrapper/hw/system_wrapper.xsa
TRACE::2022-02-12.19:33:10::SCWPlatform::DSA given /home/pablo/Documentos/02_Maestria_en_Sistemas_Embebidos/21_Sistemas_Digitales_para_las_Comunicaciones/workspace2/micro_2/system_wrapper/hw/system_wrapper.xsa
TRACE::2022-02-12.19:33:10::SCWPlatform::DSA absoulate path /home/pablo/Documentos/02_Maestria_en_Sistemas_Embebidos/21_Sistemas_Digitales_para_las_Comunicaciones/workspace2/micro_2/system_wrapper/hw/system_wrapper.xsa
TRACE::2022-02-12.19:33:10::SCWPlatform::DSA directory /home/pablo/Documentos/02_Maestria_en_Sistemas_Embebidos/21_Sistemas_Digitales_para_las_Comunicaciones/workspace2/micro_2/system_wrapper/hw
TRACE::2022-02-12.19:33:10::SCWPlatform:: Platform Path /home/pablo/Documentos/02_Maestria_en_Sistemas_Embebidos/21_Sistemas_Digitales_para_las_Comunicaciones/workspace2/micro_2/system_wrapper/hw/system_wrapper.xsa
TRACE::2022-02-12.19:33:10::SCWPlatform:: Unique name xilinx:arty-a7-35::0.0
TRACE::2022-02-12.19:33:10::SCWPlatform::Trying to set the existing hwdb with name system_wrapper_7
TRACE::2022-02-12.19:33:10::SCWPlatform::Opened existing hwdb system_wrapper_7
TRACE::2022-02-12.19:33:10::SCWPlatform::Found the Hw Db part of the input DSA
TRACE::2022-02-12.19:33:10::SCWMssOS::Checking the sw design at  /home/pablo/Documentos/02_Maestria_en_Sistemas_Embebidos/21_Sistemas_Digitales_para_las_Comunicaciones/workspace2/micro_2/system_wrapper/microblaze_0/standalone_microblaze_0/bsp/system.mss
TRACE::2022-02-12.19:33:10::SCWMssOS::DEBUG:  swdes dump  /home/pablo/Documentos/02_Maestria_en_Sistemas_Embebidos/21_Sistemas_Digitales_para_las_Comunicaciones/workspace2/micro_2/system_wrapper/microblaze_0/standalone_microblaze_0/bsp/system.mss|system||

TRACE::2022-02-12.19:33:10::SCWMssOS::Sw design exists and opened at  /home/pablo/Documentos/02_Maestria_en_Sistemas_Embebidos/21_Sistemas_Digitales_para_las_Comunicaciones/workspace2/micro_2/system_wrapper/microblaze_0/standalone_microblaze_0/bsp/system.mss
TRACE::2022-02-12.19:33:10::SCWMssOS::Completed writing the mss file at /home/pablo/Documentos/02_Maestria_en_Sistemas_Embebidos/21_Sistemas_Digitales_para_las_Comunicaciones/workspace2/micro_2/system_wrapper/microblaze_0/standalone_microblaze_0/bsp
TRACE::2022-02-12.19:33:10::SCWMssOS::Mss edits present, copying mssfile into export location /home/pablo/Documentos/02_Maestria_en_Sistemas_Embebidos/21_Sistemas_Digitales_para_las_Comunicaciones/workspace2/micro_2/system_wrapper/microblaze_0/standalone_microblaze_0/bsp/system.mss
TRACE::2022-02-12.19:33:10::SCWMssOS::bsp generated is upto date with the mss file. Skipping bsp generation.
TRACE::2022-02-12.19:33:10::SCWMssOS::BSP is already built. skipping the bsp build ... 
TRACE::2022-02-12.19:33:10::SCWDomain::Skipping the build for domain :  standalone_microblaze_0
TRACE::2022-02-12.19:33:10::SCWMssOS::skipping the bsp build ... 
TRACE::2022-02-12.19:33:10::SCWMssOS::Copying to export directory.
TRACE::2022-02-12.19:33:10::SCWMssOS:: Checking if to create the Supporting Applications
TRACE::2022-02-12.19:33:10::SCWMssOS:: No Linux domain exists, trying to generate FSBL 
LOG::2022-02-12.19:33:10::SCWSystem::Completed Processing the domain standalone_microblaze_0
LOG::2022-02-12.19:33:10::SCWSystem::Completed Processing the sysconfig system_wrapper
LOG::2022-02-12.19:33:10::SCWPlatform::Completed generating the artifacts for system configuration system_wrapper
TRACE::2022-02-12.19:33:10::SCWPlatform::Started preparing the platform 
TRACE::2022-02-12.19:33:10::SCWSystem::Writing the bif file for system config system_wrapper
TRACE::2022-02-12.19:33:10::SCWSystem::dir created 
TRACE::2022-02-12.19:33:10::SCWSystem::Writing the bif 
TRACE::2022-02-12.19:33:10::SCWPlatform::Started writing the spfm file 
TRACE::2022-02-12.19:33:10::SCWPlatform::Started writing the xpfm file 
TRACE::2022-02-12.19:33:10::SCWPlatform::Completed generating the platform
TRACE::2022-02-12.19:33:10::SCWMssOS::Saving the mss changes /home/pablo/Documentos/02_Maestria_en_Sistemas_Embebidos/21_Sistemas_Digitales_para_las_Comunicaciones/workspace2/micro_2/system_wrapper/microblaze_0/standalone_microblaze_0/bsp/system.mss
TRACE::2022-02-12.19:33:10::SCWMssOS::Found a swdesign opened with the mssfile.
TRACE::2022-02-12.19:33:10::SCWMssOS::Completed writemss as part of save.
TRACE::2022-02-12.19:33:10::SCWMssOS::Commit changes completed.
TRACE::2022-02-12.19:33:10::SCWPlatform::Trying to open the hw design at /home/pablo/Documentos/02_Maestria_en_Sistemas_Embebidos/21_Sistemas_Digitales_para_las_Comunicaciones/workspace2/micro_2/system_wrapper/hw/system_wrapper.xsa
TRACE::2022-02-12.19:33:10::SCWPlatform::DSA given /home/pablo/Documentos/02_Maestria_en_Sistemas_Embebidos/21_Sistemas_Digitales_para_las_Comunicaciones/workspace2/micro_2/system_wrapper/hw/system_wrapper.xsa
TRACE::2022-02-12.19:33:10::SCWPlatform::DSA absoulate path /home/pablo/Documentos/02_Maestria_en_Sistemas_Embebidos/21_Sistemas_Digitales_para_las_Comunicaciones/workspace2/micro_2/system_wrapper/hw/system_wrapper.xsa
TRACE::2022-02-12.19:33:10::SCWPlatform::DSA directory /home/pablo/Documentos/02_Maestria_en_Sistemas_Embebidos/21_Sistemas_Digitales_para_las_Comunicaciones/workspace2/micro_2/system_wrapper/hw
TRACE::2022-02-12.19:33:10::SCWPlatform:: Platform Path /home/pablo/Documentos/02_Maestria_en_Sistemas_Embebidos/21_Sistemas_Digitales_para_las_Comunicaciones/workspace2/micro_2/system_wrapper/hw/system_wrapper.xsa
TRACE::2022-02-12.19:33:10::SCWPlatform:: Unique name xilinx:arty-a7-35::0.0
TRACE::2022-02-12.19:33:10::SCWPlatform::Trying to set the existing hwdb with name system_wrapper_7
TRACE::2022-02-12.19:33:10::SCWPlatform::Opened existing hwdb system_wrapper_7
TRACE::2022-02-12.19:33:10::SCWPlatform::Found the Hw Db part of the input DSA
TRACE::2022-02-12.19:33:10::SCWMssOS::Checking the sw design at  /home/pablo/Documentos/02_Maestria_en_Sistemas_Embebidos/21_Sistemas_Digitales_para_las_Comunicaciones/workspace2/micro_2/system_wrapper/microblaze_0/standalone_microblaze_0/bsp/system.mss
TRACE::2022-02-12.19:33:10::SCWMssOS::DEBUG:  swdes dump  /home/pablo/Documentos/02_Maestria_en_Sistemas_Embebidos/21_Sistemas_Digitales_para_las_Comunicaciones/workspace2/micro_2/system_wrapper/microblaze_0/standalone_microblaze_0/bsp/system.mss|system||

TRACE::2022-02-12.19:33:10::SCWMssOS::Sw design exists and opened at  /home/pablo/Documentos/02_Maestria_en_Sistemas_Embebidos/21_Sistemas_Digitales_para_las_Comunicaciones/workspace2/micro_2/system_wrapper/microblaze_0/standalone_microblaze_0/bsp/system.mss
TRACE::2022-02-12.19:33:10::SCWPlatform::Trying to open the hw design at /home/pablo/Documentos/02_Maestria_en_Sistemas_Embebidos/21_Sistemas_Digitales_para_las_Comunicaciones/workspace2/micro_2/system_wrapper/hw/system_wrapper.xsa
TRACE::2022-02-12.19:33:10::SCWPlatform::DSA given /home/pablo/Documentos/02_Maestria_en_Sistemas_Embebidos/21_Sistemas_Digitales_para_las_Comunicaciones/workspace2/micro_2/system_wrapper/hw/system_wrapper.xsa
TRACE::2022-02-12.19:33:10::SCWPlatform::DSA absoulate path /home/pablo/Documentos/02_Maestria_en_Sistemas_Embebidos/21_Sistemas_Digitales_para_las_Comunicaciones/workspace2/micro_2/system_wrapper/hw/system_wrapper.xsa
TRACE::2022-02-12.19:33:10::SCWPlatform::DSA directory /home/pablo/Documentos/02_Maestria_en_Sistemas_Embebidos/21_Sistemas_Digitales_para_las_Comunicaciones/workspace2/micro_2/system_wrapper/hw
TRACE::2022-02-12.19:33:10::SCWPlatform:: Platform Path /home/pablo/Documentos/02_Maestria_en_Sistemas_Embebidos/21_Sistemas_Digitales_para_las_Comunicaciones/workspace2/micro_2/system_wrapper/hw/system_wrapper.xsa
TRACE::2022-02-12.19:33:10::SCWPlatform:: Unique name xilinx:arty-a7-35::0.0
TRACE::2022-02-12.19:33:10::SCWPlatform::Trying to set the existing hwdb with name system_wrapper_7
TRACE::2022-02-12.19:33:10::SCWPlatform::Opened existing hwdb system_wrapper_7
TRACE::2022-02-12.19:33:10::SCWPlatform::Found the Hw Db part of the input DSA
TRACE::2022-02-12.19:33:10::SCWMssOS::Checking the sw design at  /home/pablo/Documentos/02_Maestria_en_Sistemas_Embebidos/21_Sistemas_Digitales_para_las_Comunicaciones/workspace2/micro_2/system_wrapper/microblaze_0/standalone_microblaze_0/bsp/system.mss
TRACE::2022-02-12.19:33:10::SCWMssOS::DEBUG:  swdes dump  /home/pablo/Documentos/02_Maestria_en_Sistemas_Embebidos/21_Sistemas_Digitales_para_las_Comunicaciones/workspace2/micro_2/system_wrapper/microblaze_0/standalone_microblaze_0/bsp/system.mss|system||

TRACE::2022-02-12.19:33:10::SCWMssOS::Sw design exists and opened at  /home/pablo/Documentos/02_Maestria_en_Sistemas_Embebidos/21_Sistemas_Digitales_para_las_Comunicaciones/workspace2/micro_2/system_wrapper/microblaze_0/standalone_microblaze_0/bsp/system.mss
TRACE::2022-02-12.19:33:10::SCWPlatform::Trying to open the hw design at /home/pablo/Documentos/02_Maestria_en_Sistemas_Embebidos/21_Sistemas_Digitales_para_las_Comunicaciones/workspace2/micro_2/system_wrapper/hw/system_wrapper.xsa
TRACE::2022-02-12.19:33:10::SCWPlatform::DSA given /home/pablo/Documentos/02_Maestria_en_Sistemas_Embebidos/21_Sistemas_Digitales_para_las_Comunicaciones/workspace2/micro_2/system_wrapper/hw/system_wrapper.xsa
TRACE::2022-02-12.19:33:10::SCWPlatform::DSA absoulate path /home/pablo/Documentos/02_Maestria_en_Sistemas_Embebidos/21_Sistemas_Digitales_para_las_Comunicaciones/workspace2/micro_2/system_wrapper/hw/system_wrapper.xsa
TRACE::2022-02-12.19:33:10::SCWPlatform::DSA directory /home/pablo/Documentos/02_Maestria_en_Sistemas_Embebidos/21_Sistemas_Digitales_para_las_Comunicaciones/workspace2/micro_2/system_wrapper/hw
TRACE::2022-02-12.19:33:10::SCWPlatform:: Platform Path /home/pablo/Documentos/02_Maestria_en_Sistemas_Embebidos/21_Sistemas_Digitales_para_las_Comunicaciones/workspace2/micro_2/system_wrapper/hw/system_wrapper.xsa
TRACE::2022-02-12.19:33:10::SCWPlatform:: Unique name xilinx:arty-a7-35::0.0
TRACE::2022-02-12.19:33:10::SCWPlatform::Trying to set the existing hwdb with name system_wrapper_7
TRACE::2022-02-12.19:33:10::SCWPlatform::Opened existing hwdb system_wrapper_7
TRACE::2022-02-12.19:33:10::SCWPlatform::Found the Hw Db part of the input DSA
TRACE::2022-02-12.19:33:10::SCWMssOS::Checking the sw design at  /home/pablo/Documentos/02_Maestria_en_Sistemas_Embebidos/21_Sistemas_Digitales_para_las_Comunicaciones/workspace2/micro_2/system_wrapper/microblaze_0/standalone_microblaze_0/bsp/system.mss
TRACE::2022-02-12.19:33:10::SCWMssOS::DEBUG:  swdes dump  /home/pablo/Documentos/02_Maestria_en_Sistemas_Embebidos/21_Sistemas_Digitales_para_las_Comunicaciones/workspace2/micro_2/system_wrapper/microblaze_0/standalone_microblaze_0/bsp/system.mss|system||

TRACE::2022-02-12.19:33:10::SCWMssOS::Sw design exists and opened at  /home/pablo/Documentos/02_Maestria_en_Sistemas_Embebidos/21_Sistemas_Digitales_para_las_Comunicaciones/workspace2/micro_2/system_wrapper/microblaze_0/standalone_microblaze_0/bsp/system.mss
TRACE::2022-02-12.19:33:10::SCWWriter::formatted JSON is {
	"platformName":	"system_wrapper",
	"sprVersion":	"2.0",
	"mode":	"gui",
	"dsaType":	"Fixed",
	"platformDesc":	"system_wrapper",
	"platHandOff":	"<platformDir>.xsa",
	"platIntHandOff":	"<platformDir>/hw/system_wrapper.xsa",
	"deviceType":	"FPGA",
	"platIsPrebuiltAutogen":	"false",
	"platIsNoBootBsp":	"false",
	"hasFsblMakeHasChanges":	"false",
	"hasPmufwMakeHasChanges":	"false",
	"platPreBuiltFlag":	false,
	"platformSamplesDir":	"",
	"platActiveSys":	"system_wrapper",
	"systems":	[{
			"systemName":	"system_wrapper",
			"systemDesc":	"system_wrapper",
			"sysIsBootAutoGen":	"true",
			"systemDispName":	"system_wrapper",
			"sysActiveDom":	"standalone_microblaze_0",
			"sysDefaultDom":	"standalone_microblaze_0",
			"domains":	[{
					"domainName":	"standalone_microblaze_0",
					"domainDispName":	"standalone_microblaze_0",
					"domainDesc":	"standalone_microblaze_0",
					"processors":	"microblaze_0",
					"os":	"standalone",
					"sdxOs":	"standalone",
					"debugEnable":	"False",
					"domRuntimes":	["cpp"],
					"swRepo":	"",
					"mssOsVer":	"7.5",
					"mssFile":	"",
					"md5Digest":	"5415c844288b929e1b40c33c7f2ae25e",
					"compatibleApp":	"hello_world",
					"domType":	"mssDomain",
					"arch":	"32-bit",
					"appSettings":	{
						"appCompilerFlags":	"",
						"appLinkerFlags":	""
					},
					"addedLibs":	[],
					"libOptions":	{
						"libsContainingOptions":	[]
					},
					"prebuiltLibs":	{
						"prebuiltIncPath":	[],
						"prebuiltLibPath":	[]
					},
					"isolation":	{
					}
				}]
		}]
}
KEYINFO::2022-02-12.19:33:10::SCWPlatform::updated the xpfm file.
TRACE::2022-02-12.19:33:10::SCWPlatform::Trying to open the hw design at /home/pablo/Documentos/02_Maestria_en_Sistemas_Embebidos/21_Sistemas_Digitales_para_las_Comunicaciones/workspace2/micro_2/system_wrapper/hw/system_wrapper.xsa
TRACE::2022-02-12.19:33:10::SCWPlatform::DSA given /home/pablo/Documentos/02_Maestria_en_Sistemas_Embebidos/21_Sistemas_Digitales_para_las_Comunicaciones/workspace2/micro_2/system_wrapper/hw/system_wrapper.xsa
TRACE::2022-02-12.19:33:10::SCWPlatform::DSA absoulate path /home/pablo/Documentos/02_Maestria_en_Sistemas_Embebidos/21_Sistemas_Digitales_para_las_Comunicaciones/workspace2/micro_2/system_wrapper/hw/system_wrapper.xsa
TRACE::2022-02-12.19:33:10::SCWPlatform::DSA directory /home/pablo/Documentos/02_Maestria_en_Sistemas_Embebidos/21_Sistemas_Digitales_para_las_Comunicaciones/workspace2/micro_2/system_wrapper/hw
TRACE::2022-02-12.19:33:10::SCWPlatform:: Platform Path /home/pablo/Documentos/02_Maestria_en_Sistemas_Embebidos/21_Sistemas_Digitales_para_las_Comunicaciones/workspace2/micro_2/system_wrapper/hw/system_wrapper.xsa
TRACE::2022-02-12.19:33:10::SCWPlatform:: Unique name xilinx:arty-a7-35::0.0
TRACE::2022-02-12.19:33:10::SCWPlatform::Trying to set the existing hwdb with name system_wrapper_7
TRACE::2022-02-12.19:33:10::SCWPlatform::Opened existing hwdb system_wrapper_7
TRACE::2022-02-12.19:33:10::SCWPlatform::Found the Hw Db part of the input DSA
TRACE::2022-02-12.19:33:10::SCWMssOS::Checking the sw design at  /home/pablo/Documentos/02_Maestria_en_Sistemas_Embebidos/21_Sistemas_Digitales_para_las_Comunicaciones/workspace2/micro_2/system_wrapper/microblaze_0/standalone_microblaze_0/bsp/system.mss
TRACE::2022-02-12.19:33:10::SCWMssOS::DEBUG:  swdes dump  /home/pablo/Documentos/02_Maestria_en_Sistemas_Embebidos/21_Sistemas_Digitales_para_las_Comunicaciones/workspace2/micro_2/system_wrapper/microblaze_0/standalone_microblaze_0/bsp/system.mss|system||

TRACE::2022-02-12.19:33:10::SCWMssOS::Sw design exists and opened at  /home/pablo/Documentos/02_Maestria_en_Sistemas_Embebidos/21_Sistemas_Digitales_para_las_Comunicaciones/workspace2/micro_2/system_wrapper/microblaze_0/standalone_microblaze_0/bsp/system.mss
TRACE::2022-02-12.19:33:10::SCWMssOS::Saving the mss changes /home/pablo/Documentos/02_Maestria_en_Sistemas_Embebidos/21_Sistemas_Digitales_para_las_Comunicaciones/workspace2/micro_2/system_wrapper/microblaze_0/standalone_microblaze_0/bsp/system.mss
TRACE::2022-02-12.19:33:10::SCWMssOS::Found a swdesign opened with the mssfile.
TRACE::2022-02-12.19:33:10::SCWMssOS::Completed writemss as part of save.
TRACE::2022-02-12.19:33:10::SCWMssOS::Commit changes completed.
TRACE::2022-02-12.19:33:10::SCWPlatform::Trying to open the hw design at /home/pablo/Documentos/02_Maestria_en_Sistemas_Embebidos/21_Sistemas_Digitales_para_las_Comunicaciones/workspace2/micro_2/system_wrapper/hw/system_wrapper.xsa
TRACE::2022-02-12.19:33:10::SCWPlatform::DSA given /home/pablo/Documentos/02_Maestria_en_Sistemas_Embebidos/21_Sistemas_Digitales_para_las_Comunicaciones/workspace2/micro_2/system_wrapper/hw/system_wrapper.xsa
TRACE::2022-02-12.19:33:10::SCWPlatform::DSA absoulate path /home/pablo/Documentos/02_Maestria_en_Sistemas_Embebidos/21_Sistemas_Digitales_para_las_Comunicaciones/workspace2/micro_2/system_wrapper/hw/system_wrapper.xsa
TRACE::2022-02-12.19:33:10::SCWPlatform::DSA directory /home/pablo/Documentos/02_Maestria_en_Sistemas_Embebidos/21_Sistemas_Digitales_para_las_Comunicaciones/workspace2/micro_2/system_wrapper/hw
TRACE::2022-02-12.19:33:10::SCWPlatform:: Platform Path /home/pablo/Documentos/02_Maestria_en_Sistemas_Embebidos/21_Sistemas_Digitales_para_las_Comunicaciones/workspace2/micro_2/system_wrapper/hw/system_wrapper.xsa
TRACE::2022-02-12.19:33:10::SCWPlatform:: Unique name xilinx:arty-a7-35::0.0
TRACE::2022-02-12.19:33:10::SCWPlatform::Trying to set the existing hwdb with name system_wrapper_7
TRACE::2022-02-12.19:33:10::SCWPlatform::Opened existing hwdb system_wrapper_7
TRACE::2022-02-12.19:33:10::SCWPlatform::Found the Hw Db part of the input DSA
TRACE::2022-02-12.19:33:10::SCWMssOS::Checking the sw design at  /home/pablo/Documentos/02_Maestria_en_Sistemas_Embebidos/21_Sistemas_Digitales_para_las_Comunicaciones/workspace2/micro_2/system_wrapper/microblaze_0/standalone_microblaze_0/bsp/system.mss
TRACE::2022-02-12.19:33:10::SCWMssOS::DEBUG:  swdes dump  /home/pablo/Documentos/02_Maestria_en_Sistemas_Embebidos/21_Sistemas_Digitales_para_las_Comunicaciones/workspace2/micro_2/system_wrapper/microblaze_0/standalone_microblaze_0/bsp/system.mss|system||

TRACE::2022-02-12.19:33:10::SCWMssOS::Sw design exists and opened at  /home/pablo/Documentos/02_Maestria_en_Sistemas_Embebidos/21_Sistemas_Digitales_para_las_Comunicaciones/workspace2/micro_2/system_wrapper/microblaze_0/standalone_microblaze_0/bsp/system.mss
TRACE::2022-02-12.19:33:10::SCWPlatform::Trying to open the hw design at /home/pablo/Documentos/02_Maestria_en_Sistemas_Embebidos/21_Sistemas_Digitales_para_las_Comunicaciones/workspace2/micro_2/system_wrapper/hw/system_wrapper.xsa
TRACE::2022-02-12.19:33:10::SCWPlatform::DSA given /home/pablo/Documentos/02_Maestria_en_Sistemas_Embebidos/21_Sistemas_Digitales_para_las_Comunicaciones/workspace2/micro_2/system_wrapper/hw/system_wrapper.xsa
TRACE::2022-02-12.19:33:10::SCWPlatform::DSA absoulate path /home/pablo/Documentos/02_Maestria_en_Sistemas_Embebidos/21_Sistemas_Digitales_para_las_Comunicaciones/workspace2/micro_2/system_wrapper/hw/system_wrapper.xsa
TRACE::2022-02-12.19:33:10::SCWPlatform::DSA directory /home/pablo/Documentos/02_Maestria_en_Sistemas_Embebidos/21_Sistemas_Digitales_para_las_Comunicaciones/workspace2/micro_2/system_wrapper/hw
TRACE::2022-02-12.19:33:10::SCWPlatform:: Platform Path /home/pablo/Documentos/02_Maestria_en_Sistemas_Embebidos/21_Sistemas_Digitales_para_las_Comunicaciones/workspace2/micro_2/system_wrapper/hw/system_wrapper.xsa
TRACE::2022-02-12.19:33:10::SCWPlatform:: Unique name xilinx:arty-a7-35::0.0
TRACE::2022-02-12.19:33:10::SCWPlatform::Trying to set the existing hwdb with name system_wrapper_7
TRACE::2022-02-12.19:33:10::SCWPlatform::Opened existing hwdb system_wrapper_7
TRACE::2022-02-12.19:33:10::SCWPlatform::Found the Hw Db part of the input DSA
TRACE::2022-02-12.19:33:10::SCWMssOS::Checking the sw design at  /home/pablo/Documentos/02_Maestria_en_Sistemas_Embebidos/21_Sistemas_Digitales_para_las_Comunicaciones/workspace2/micro_2/system_wrapper/microblaze_0/standalone_microblaze_0/bsp/system.mss
TRACE::2022-02-12.19:33:10::SCWMssOS::DEBUG:  swdes dump  /home/pablo/Documentos/02_Maestria_en_Sistemas_Embebidos/21_Sistemas_Digitales_para_las_Comunicaciones/workspace2/micro_2/system_wrapper/microblaze_0/standalone_microblaze_0/bsp/system.mss|system||

TRACE::2022-02-12.19:33:10::SCWMssOS::Sw design exists and opened at  /home/pablo/Documentos/02_Maestria_en_Sistemas_Embebidos/21_Sistemas_Digitales_para_las_Comunicaciones/workspace2/micro_2/system_wrapper/microblaze_0/standalone_microblaze_0/bsp/system.mss
TRACE::2022-02-12.19:33:10::SCWPlatform::Trying to open the hw design at /home/pablo/Documentos/02_Maestria_en_Sistemas_Embebidos/21_Sistemas_Digitales_para_las_Comunicaciones/workspace2/micro_2/system_wrapper/hw/system_wrapper.xsa
TRACE::2022-02-12.19:33:10::SCWPlatform::DSA given /home/pablo/Documentos/02_Maestria_en_Sistemas_Embebidos/21_Sistemas_Digitales_para_las_Comunicaciones/workspace2/micro_2/system_wrapper/hw/system_wrapper.xsa
TRACE::2022-02-12.19:33:10::SCWPlatform::DSA absoulate path /home/pablo/Documentos/02_Maestria_en_Sistemas_Embebidos/21_Sistemas_Digitales_para_las_Comunicaciones/workspace2/micro_2/system_wrapper/hw/system_wrapper.xsa
TRACE::2022-02-12.19:33:10::SCWPlatform::DSA directory /home/pablo/Documentos/02_Maestria_en_Sistemas_Embebidos/21_Sistemas_Digitales_para_las_Comunicaciones/workspace2/micro_2/system_wrapper/hw
TRACE::2022-02-12.19:33:10::SCWPlatform:: Platform Path /home/pablo/Documentos/02_Maestria_en_Sistemas_Embebidos/21_Sistemas_Digitales_para_las_Comunicaciones/workspace2/micro_2/system_wrapper/hw/system_wrapper.xsa
TRACE::2022-02-12.19:33:10::SCWPlatform:: Unique name xilinx:arty-a7-35::0.0
TRACE::2022-02-12.19:33:10::SCWPlatform::Trying to set the existing hwdb with name system_wrapper_7
TRACE::2022-02-12.19:33:10::SCWPlatform::Opened existing hwdb system_wrapper_7
TRACE::2022-02-12.19:33:10::SCWPlatform::Found the Hw Db part of the input DSA
TRACE::2022-02-12.19:33:10::SCWMssOS::Checking the sw design at  /home/pablo/Documentos/02_Maestria_en_Sistemas_Embebidos/21_Sistemas_Digitales_para_las_Comunicaciones/workspace2/micro_2/system_wrapper/microblaze_0/standalone_microblaze_0/bsp/system.mss
TRACE::2022-02-12.19:33:10::SCWMssOS::DEBUG:  swdes dump  /home/pablo/Documentos/02_Maestria_en_Sistemas_Embebidos/21_Sistemas_Digitales_para_las_Comunicaciones/workspace2/micro_2/system_wrapper/microblaze_0/standalone_microblaze_0/bsp/system.mss|system||

TRACE::2022-02-12.19:33:10::SCWMssOS::Sw design exists and opened at  /home/pablo/Documentos/02_Maestria_en_Sistemas_Embebidos/21_Sistemas_Digitales_para_las_Comunicaciones/workspace2/micro_2/system_wrapper/microblaze_0/standalone_microblaze_0/bsp/system.mss
TRACE::2022-02-12.19:33:10::SCWWriter::formatted JSON is {
	"platformName":	"system_wrapper",
	"sprVersion":	"2.0",
	"mode":	"gui",
	"dsaType":	"Fixed",
	"platformDesc":	"system_wrapper",
	"platHandOff":	"<platformDir>.xsa",
	"platIntHandOff":	"<platformDir>/hw/system_wrapper.xsa",
	"deviceType":	"FPGA",
	"platIsPrebuiltAutogen":	"false",
	"platIsNoBootBsp":	"false",
	"hasFsblMakeHasChanges":	"false",
	"hasPmufwMakeHasChanges":	"false",
	"platPreBuiltFlag":	false,
	"platformSamplesDir":	"",
	"platActiveSys":	"system_wrapper",
	"systems":	[{
			"systemName":	"system_wrapper",
			"systemDesc":	"system_wrapper",
			"sysIsBootAutoGen":	"true",
			"systemDispName":	"system_wrapper",
			"sysActiveDom":	"standalone_microblaze_0",
			"sysDefaultDom":	"standalone_microblaze_0",
			"domains":	[{
					"domainName":	"standalone_microblaze_0",
					"domainDispName":	"standalone_microblaze_0",
					"domainDesc":	"standalone_microblaze_0",
					"processors":	"microblaze_0",
					"os":	"standalone",
					"sdxOs":	"standalone",
					"debugEnable":	"False",
					"domRuntimes":	["cpp"],
					"swRepo":	"",
					"mssOsVer":	"7.5",
					"mssFile":	"",
					"md5Digest":	"5415c844288b929e1b40c33c7f2ae25e",
					"compatibleApp":	"hello_world",
					"domType":	"mssDomain",
					"arch":	"32-bit",
					"appSettings":	{
						"appCompilerFlags":	"",
						"appLinkerFlags":	""
					},
					"addedLibs":	[],
					"libOptions":	{
						"libsContainingOptions":	[]
					},
					"prebuiltLibs":	{
						"prebuiltIncPath":	[],
						"prebuiltLibPath":	[]
					},
					"isolation":	{
					}
				}]
		}]
}
TRACE::2022-02-12.19:33:10::SCWPlatform::Trying to open the hw design at /home/pablo/Documentos/02_Maestria_en_Sistemas_Embebidos/21_Sistemas_Digitales_para_las_Comunicaciones/workspace2/micro_2/system_wrapper/hw/system_wrapper.xsa
TRACE::2022-02-12.19:33:10::SCWPlatform::DSA given /home/pablo/Documentos/02_Maestria_en_Sistemas_Embebidos/21_Sistemas_Digitales_para_las_Comunicaciones/workspace2/micro_2/system_wrapper/hw/system_wrapper.xsa
TRACE::2022-02-12.19:33:10::SCWPlatform::DSA absoulate path /home/pablo/Documentos/02_Maestria_en_Sistemas_Embebidos/21_Sistemas_Digitales_para_las_Comunicaciones/workspace2/micro_2/system_wrapper/hw/system_wrapper.xsa
TRACE::2022-02-12.19:33:10::SCWPlatform::DSA directory /home/pablo/Documentos/02_Maestria_en_Sistemas_Embebidos/21_Sistemas_Digitales_para_las_Comunicaciones/workspace2/micro_2/system_wrapper/hw
TRACE::2022-02-12.19:33:10::SCWPlatform:: Platform Path /home/pablo/Documentos/02_Maestria_en_Sistemas_Embebidos/21_Sistemas_Digitales_para_las_Comunicaciones/workspace2/micro_2/system_wrapper/hw/system_wrapper.xsa
TRACE::2022-02-12.19:33:10::SCWPlatform:: Unique name xilinx:arty-a7-35::0.0
TRACE::2022-02-12.19:33:10::SCWPlatform::Trying to set the existing hwdb with name system_wrapper_7
TRACE::2022-02-12.19:33:10::SCWPlatform::Opened existing hwdb system_wrapper_7
TRACE::2022-02-12.19:33:10::SCWPlatform::Found the Hw Db part of the input DSA
TRACE::2022-02-12.19:33:10::SCWMssOS::Checking the sw design at  /home/pablo/Documentos/02_Maestria_en_Sistemas_Embebidos/21_Sistemas_Digitales_para_las_Comunicaciones/workspace2/micro_2/system_wrapper/microblaze_0/standalone_microblaze_0/bsp/system.mss
TRACE::2022-02-12.19:33:10::SCWMssOS::DEBUG:  swdes dump  /home/pablo/Documentos/02_Maestria_en_Sistemas_Embebidos/21_Sistemas_Digitales_para_las_Comunicaciones/workspace2/micro_2/system_wrapper/microblaze_0/standalone_microblaze_0/bsp/system.mss|system||

TRACE::2022-02-12.19:33:10::SCWMssOS::Sw design exists and opened at  /home/pablo/Documentos/02_Maestria_en_Sistemas_Embebidos/21_Sistemas_Digitales_para_las_Comunicaciones/workspace2/micro_2/system_wrapper/microblaze_0/standalone_microblaze_0/bsp/system.mss
TRACE::2022-02-12.19:33:10::SCWPlatform::Trying to open the hw design at /home/pablo/Documentos/02_Maestria_en_Sistemas_Embebidos/21_Sistemas_Digitales_para_las_Comunicaciones/workspace2/micro_2/system_wrapper/hw/system_wrapper.xsa
TRACE::2022-02-12.19:33:10::SCWPlatform::DSA given /home/pablo/Documentos/02_Maestria_en_Sistemas_Embebidos/21_Sistemas_Digitales_para_las_Comunicaciones/workspace2/micro_2/system_wrapper/hw/system_wrapper.xsa
TRACE::2022-02-12.19:33:10::SCWPlatform::DSA absoulate path /home/pablo/Documentos/02_Maestria_en_Sistemas_Embebidos/21_Sistemas_Digitales_para_las_Comunicaciones/workspace2/micro_2/system_wrapper/hw/system_wrapper.xsa
TRACE::2022-02-12.19:33:10::SCWPlatform::DSA directory /home/pablo/Documentos/02_Maestria_en_Sistemas_Embebidos/21_Sistemas_Digitales_para_las_Comunicaciones/workspace2/micro_2/system_wrapper/hw
TRACE::2022-02-12.19:33:10::SCWPlatform:: Platform Path /home/pablo/Documentos/02_Maestria_en_Sistemas_Embebidos/21_Sistemas_Digitales_para_las_Comunicaciones/workspace2/micro_2/system_wrapper/hw/system_wrapper.xsa
TRACE::2022-02-12.19:33:10::SCWPlatform:: Unique name xilinx:arty-a7-35::0.0
TRACE::2022-02-12.19:33:10::SCWPlatform::Trying to set the existing hwdb with name system_wrapper_7
TRACE::2022-02-12.19:33:10::SCWPlatform::Opened existing hwdb system_wrapper_7
TRACE::2022-02-12.19:33:10::SCWPlatform::Found the Hw Db part of the input DSA
TRACE::2022-02-12.19:33:10::SCWMssOS::Checking the sw design at  /home/pablo/Documentos/02_Maestria_en_Sistemas_Embebidos/21_Sistemas_Digitales_para_las_Comunicaciones/workspace2/micro_2/system_wrapper/microblaze_0/standalone_microblaze_0/bsp/system.mss
TRACE::2022-02-12.19:33:10::SCWMssOS::DEBUG:  swdes dump  /home/pablo/Documentos/02_Maestria_en_Sistemas_Embebidos/21_Sistemas_Digitales_para_las_Comunicaciones/workspace2/micro_2/system_wrapper/microblaze_0/standalone_microblaze_0/bsp/system.mss|system||

TRACE::2022-02-12.19:33:10::SCWMssOS::Sw design exists and opened at  /home/pablo/Documentos/02_Maestria_en_Sistemas_Embebidos/21_Sistemas_Digitales_para_las_Comunicaciones/workspace2/micro_2/system_wrapper/microblaze_0/standalone_microblaze_0/bsp/system.mss
TRACE::2022-02-12.19:33:10::SCWMssOS::Saving the mss changes /home/pablo/Documentos/02_Maestria_en_Sistemas_Embebidos/21_Sistemas_Digitales_para_las_Comunicaciones/workspace2/micro_2/system_wrapper/microblaze_0/standalone_microblaze_0/bsp/system.mss
TRACE::2022-02-12.19:33:10::SCWMssOS::Found a swdesign opened with the mssfile.
TRACE::2022-02-12.19:33:10::SCWMssOS::Completed writemss as part of save.
TRACE::2022-02-12.19:33:10::SCWMssOS::Commit changes completed.
TRACE::2022-02-12.19:33:10::SCWPlatform::Trying to open the hw design at /home/pablo/Documentos/02_Maestria_en_Sistemas_Embebidos/21_Sistemas_Digitales_para_las_Comunicaciones/workspace2/micro_2/system_wrapper/hw/system_wrapper.xsa
TRACE::2022-02-12.19:33:10::SCWPlatform::DSA given /home/pablo/Documentos/02_Maestria_en_Sistemas_Embebidos/21_Sistemas_Digitales_para_las_Comunicaciones/workspace2/micro_2/system_wrapper/hw/system_wrapper.xsa
TRACE::2022-02-12.19:33:10::SCWPlatform::DSA absoulate path /home/pablo/Documentos/02_Maestria_en_Sistemas_Embebidos/21_Sistemas_Digitales_para_las_Comunicaciones/workspace2/micro_2/system_wrapper/hw/system_wrapper.xsa
TRACE::2022-02-12.19:33:10::SCWPlatform::DSA directory /home/pablo/Documentos/02_Maestria_en_Sistemas_Embebidos/21_Sistemas_Digitales_para_las_Comunicaciones/workspace2/micro_2/system_wrapper/hw
TRACE::2022-02-12.19:33:10::SCWPlatform:: Platform Path /home/pablo/Documentos/02_Maestria_en_Sistemas_Embebidos/21_Sistemas_Digitales_para_las_Comunicaciones/workspace2/micro_2/system_wrapper/hw/system_wrapper.xsa
TRACE::2022-02-12.19:33:10::SCWPlatform:: Unique name xilinx:arty-a7-35::0.0
TRACE::2022-02-12.19:33:10::SCWPlatform::Trying to set the existing hwdb with name system_wrapper_7
TRACE::2022-02-12.19:33:10::SCWPlatform::Opened existing hwdb system_wrapper_7
TRACE::2022-02-12.19:33:10::SCWPlatform::Found the Hw Db part of the input DSA
TRACE::2022-02-12.19:33:10::SCWMssOS::Checking the sw design at  /home/pablo/Documentos/02_Maestria_en_Sistemas_Embebidos/21_Sistemas_Digitales_para_las_Comunicaciones/workspace2/micro_2/system_wrapper/microblaze_0/standalone_microblaze_0/bsp/system.mss
TRACE::2022-02-12.19:33:10::SCWMssOS::DEBUG:  swdes dump  /home/pablo/Documentos/02_Maestria_en_Sistemas_Embebidos/21_Sistemas_Digitales_para_las_Comunicaciones/workspace2/micro_2/system_wrapper/microblaze_0/standalone_microblaze_0/bsp/system.mss|system||

TRACE::2022-02-12.19:33:10::SCWMssOS::Sw design exists and opened at  /home/pablo/Documentos/02_Maestria_en_Sistemas_Embebidos/21_Sistemas_Digitales_para_las_Comunicaciones/workspace2/micro_2/system_wrapper/microblaze_0/standalone_microblaze_0/bsp/system.mss
TRACE::2022-02-12.19:33:10::SCWPlatform::Trying to open the hw design at /home/pablo/Documentos/02_Maestria_en_Sistemas_Embebidos/21_Sistemas_Digitales_para_las_Comunicaciones/workspace2/micro_2/system_wrapper/hw/system_wrapper.xsa
TRACE::2022-02-12.19:33:10::SCWPlatform::DSA given /home/pablo/Documentos/02_Maestria_en_Sistemas_Embebidos/21_Sistemas_Digitales_para_las_Comunicaciones/workspace2/micro_2/system_wrapper/hw/system_wrapper.xsa
TRACE::2022-02-12.19:33:10::SCWPlatform::DSA absoulate path /home/pablo/Documentos/02_Maestria_en_Sistemas_Embebidos/21_Sistemas_Digitales_para_las_Comunicaciones/workspace2/micro_2/system_wrapper/hw/system_wrapper.xsa
TRACE::2022-02-12.19:33:10::SCWPlatform::DSA directory /home/pablo/Documentos/02_Maestria_en_Sistemas_Embebidos/21_Sistemas_Digitales_para_las_Comunicaciones/workspace2/micro_2/system_wrapper/hw
TRACE::2022-02-12.19:33:10::SCWPlatform:: Platform Path /home/pablo/Documentos/02_Maestria_en_Sistemas_Embebidos/21_Sistemas_Digitales_para_las_Comunicaciones/workspace2/micro_2/system_wrapper/hw/system_wrapper.xsa
TRACE::2022-02-12.19:33:10::SCWPlatform:: Unique name xilinx:arty-a7-35::0.0
TRACE::2022-02-12.19:33:10::SCWPlatform::Trying to set the existing hwdb with name system_wrapper_7
TRACE::2022-02-12.19:33:10::SCWPlatform::Opened existing hwdb system_wrapper_7
TRACE::2022-02-12.19:33:10::SCWPlatform::Found the Hw Db part of the input DSA
TRACE::2022-02-12.19:33:10::SCWMssOS::Checking the sw design at  /home/pablo/Documentos/02_Maestria_en_Sistemas_Embebidos/21_Sistemas_Digitales_para_las_Comunicaciones/workspace2/micro_2/system_wrapper/microblaze_0/standalone_microblaze_0/bsp/system.mss
TRACE::2022-02-12.19:33:10::SCWMssOS::DEBUG:  swdes dump  /home/pablo/Documentos/02_Maestria_en_Sistemas_Embebidos/21_Sistemas_Digitales_para_las_Comunicaciones/workspace2/micro_2/system_wrapper/microblaze_0/standalone_microblaze_0/bsp/system.mss|system||

TRACE::2022-02-12.19:33:10::SCWMssOS::Sw design exists and opened at  /home/pablo/Documentos/02_Maestria_en_Sistemas_Embebidos/21_Sistemas_Digitales_para_las_Comunicaciones/workspace2/micro_2/system_wrapper/microblaze_0/standalone_microblaze_0/bsp/system.mss
TRACE::2022-02-12.19:33:10::SCWPlatform::Trying to open the hw design at /home/pablo/Documentos/02_Maestria_en_Sistemas_Embebidos/21_Sistemas_Digitales_para_las_Comunicaciones/workspace2/micro_2/system_wrapper/hw/system_wrapper.xsa
TRACE::2022-02-12.19:33:10::SCWPlatform::DSA given /home/pablo/Documentos/02_Maestria_en_Sistemas_Embebidos/21_Sistemas_Digitales_para_las_Comunicaciones/workspace2/micro_2/system_wrapper/hw/system_wrapper.xsa
TRACE::2022-02-12.19:33:10::SCWPlatform::DSA absoulate path /home/pablo/Documentos/02_Maestria_en_Sistemas_Embebidos/21_Sistemas_Digitales_para_las_Comunicaciones/workspace2/micro_2/system_wrapper/hw/system_wrapper.xsa
TRACE::2022-02-12.19:33:10::SCWPlatform::DSA directory /home/pablo/Documentos/02_Maestria_en_Sistemas_Embebidos/21_Sistemas_Digitales_para_las_Comunicaciones/workspace2/micro_2/system_wrapper/hw
TRACE::2022-02-12.19:33:10::SCWPlatform:: Platform Path /home/pablo/Documentos/02_Maestria_en_Sistemas_Embebidos/21_Sistemas_Digitales_para_las_Comunicaciones/workspace2/micro_2/system_wrapper/hw/system_wrapper.xsa
TRACE::2022-02-12.19:33:10::SCWPlatform:: Unique name xilinx:arty-a7-35::0.0
TRACE::2022-02-12.19:33:10::SCWPlatform::Trying to set the existing hwdb with name system_wrapper_7
TRACE::2022-02-12.19:33:10::SCWPlatform::Opened existing hwdb system_wrapper_7
TRACE::2022-02-12.19:33:10::SCWPlatform::Found the Hw Db part of the input DSA
TRACE::2022-02-12.19:33:10::SCWMssOS::Checking the sw design at  /home/pablo/Documentos/02_Maestria_en_Sistemas_Embebidos/21_Sistemas_Digitales_para_las_Comunicaciones/workspace2/micro_2/system_wrapper/microblaze_0/standalone_microblaze_0/bsp/system.mss
TRACE::2022-02-12.19:33:10::SCWMssOS::DEBUG:  swdes dump  /home/pablo/Documentos/02_Maestria_en_Sistemas_Embebidos/21_Sistemas_Digitales_para_las_Comunicaciones/workspace2/micro_2/system_wrapper/microblaze_0/standalone_microblaze_0/bsp/system.mss|system||

TRACE::2022-02-12.19:33:10::SCWMssOS::Sw design exists and opened at  /home/pablo/Documentos/02_Maestria_en_Sistemas_Embebidos/21_Sistemas_Digitales_para_las_Comunicaciones/workspace2/micro_2/system_wrapper/microblaze_0/standalone_microblaze_0/bsp/system.mss
TRACE::2022-02-12.19:33:10::SCWWriter::formatted JSON is {
	"platformName":	"system_wrapper",
	"sprVersion":	"2.0",
	"mode":	"gui",
	"dsaType":	"Fixed",
	"platformDesc":	"system_wrapper",
	"platHandOff":	"<platformDir>.xsa",
	"platIntHandOff":	"<platformDir>/hw/system_wrapper.xsa",
	"deviceType":	"FPGA",
	"platIsPrebuiltAutogen":	"false",
	"platIsNoBootBsp":	"false",
	"hasFsblMakeHasChanges":	"false",
	"hasPmufwMakeHasChanges":	"false",
	"platPreBuiltFlag":	false,
	"platformSamplesDir":	"",
	"platActiveSys":	"system_wrapper",
	"systems":	[{
			"systemName":	"system_wrapper",
			"systemDesc":	"system_wrapper",
			"sysIsBootAutoGen":	"true",
			"systemDispName":	"system_wrapper",
			"sysActiveDom":	"standalone_microblaze_0",
			"sysDefaultDom":	"standalone_microblaze_0",
			"domains":	[{
					"domainName":	"standalone_microblaze_0",
					"domainDispName":	"standalone_microblaze_0",
					"domainDesc":	"standalone_microblaze_0",
					"processors":	"microblaze_0",
					"os":	"standalone",
					"sdxOs":	"standalone",
					"debugEnable":	"False",
					"domRuntimes":	["cpp"],
					"swRepo":	"",
					"mssOsVer":	"7.5",
					"mssFile":	"",
					"md5Digest":	"5415c844288b929e1b40c33c7f2ae25e",
					"compatibleApp":	"hello_world",
					"domType":	"mssDomain",
					"arch":	"32-bit",
					"appSettings":	{
						"appCompilerFlags":	"",
						"appLinkerFlags":	""
					},
					"addedLibs":	[],
					"libOptions":	{
						"libsContainingOptions":	[]
					},
					"prebuiltLibs":	{
						"prebuiltIncPath":	[],
						"prebuiltLibPath":	[]
					},
					"isolation":	{
					}
				}]
		}]
}
LOG::2022-02-12.19:33:10::SCWPlatform::Started generating the artifacts platform system_wrapper
TRACE::2022-02-12.19:33:10::SCWPlatform::Sanity checking of platform is completed
LOG::2022-02-12.19:33:10::SCWPlatform::Started generating the artifacts for system configuration system_wrapper
LOG::2022-02-12.19:33:10::SCWSystem::Started Processing the domain standalone_microblaze_0
TRACE::2022-02-12.19:33:10::SCWDomain::Generating domain artifcats
TRACE::2022-02-12.19:33:10::SCWMssOS::Generating standalone artifcats
TRACE::2022-02-12.19:33:10::SCWMssOS:: Copying the user libraries. 
TRACE::2022-02-12.19:33:10::SCWPlatform::Trying to open the hw design at /home/pablo/Documentos/02_Maestria_en_Sistemas_Embebidos/21_Sistemas_Digitales_para_las_Comunicaciones/workspace2/micro_2/system_wrapper/hw/system_wrapper.xsa
TRACE::2022-02-12.19:33:10::SCWPlatform::DSA given /home/pablo/Documentos/02_Maestria_en_Sistemas_Embebidos/21_Sistemas_Digitales_para_las_Comunicaciones/workspace2/micro_2/system_wrapper/hw/system_wrapper.xsa
TRACE::2022-02-12.19:33:10::SCWPlatform::DSA absoulate path /home/pablo/Documentos/02_Maestria_en_Sistemas_Embebidos/21_Sistemas_Digitales_para_las_Comunicaciones/workspace2/micro_2/system_wrapper/hw/system_wrapper.xsa
TRACE::2022-02-12.19:33:10::SCWPlatform::DSA directory /home/pablo/Documentos/02_Maestria_en_Sistemas_Embebidos/21_Sistemas_Digitales_para_las_Comunicaciones/workspace2/micro_2/system_wrapper/hw
TRACE::2022-02-12.19:33:10::SCWPlatform:: Platform Path /home/pablo/Documentos/02_Maestria_en_Sistemas_Embebidos/21_Sistemas_Digitales_para_las_Comunicaciones/workspace2/micro_2/system_wrapper/hw/system_wrapper.xsa
TRACE::2022-02-12.19:33:10::SCWPlatform:: Unique name xilinx:arty-a7-35::0.0
TRACE::2022-02-12.19:33:10::SCWPlatform::Trying to set the existing hwdb with name system_wrapper_7
TRACE::2022-02-12.19:33:10::SCWPlatform::Opened existing hwdb system_wrapper_7
TRACE::2022-02-12.19:33:10::SCWPlatform::Found the Hw Db part of the input DSA
TRACE::2022-02-12.19:33:10::SCWMssOS::Checking the sw design at  /home/pablo/Documentos/02_Maestria_en_Sistemas_Embebidos/21_Sistemas_Digitales_para_las_Comunicaciones/workspace2/micro_2/system_wrapper/microblaze_0/standalone_microblaze_0/bsp/system.mss
TRACE::2022-02-12.19:33:10::SCWMssOS::DEBUG:  swdes dump  /home/pablo/Documentos/02_Maestria_en_Sistemas_Embebidos/21_Sistemas_Digitales_para_las_Comunicaciones/workspace2/micro_2/system_wrapper/microblaze_0/standalone_microblaze_0/bsp/system.mss|system||

TRACE::2022-02-12.19:33:10::SCWMssOS::Sw design exists and opened at  /home/pablo/Documentos/02_Maestria_en_Sistemas_Embebidos/21_Sistemas_Digitales_para_las_Comunicaciones/workspace2/micro_2/system_wrapper/microblaze_0/standalone_microblaze_0/bsp/system.mss
TRACE::2022-02-12.19:33:10::SCWMssOS::Completed writing the mss file at /home/pablo/Documentos/02_Maestria_en_Sistemas_Embebidos/21_Sistemas_Digitales_para_las_Comunicaciones/workspace2/micro_2/system_wrapper/microblaze_0/standalone_microblaze_0/bsp
TRACE::2022-02-12.19:33:10::SCWMssOS::Mss edits present, copying mssfile into export location /home/pablo/Documentos/02_Maestria_en_Sistemas_Embebidos/21_Sistemas_Digitales_para_las_Comunicaciones/workspace2/micro_2/system_wrapper/microblaze_0/standalone_microblaze_0/bsp/system.mss
TRACE::2022-02-12.19:33:10::SCWMssOS::bsp generated is upto date with the mss file. Skipping bsp generation.
TRACE::2022-02-12.19:33:10::SCWMssOS::BSP is already built. skipping the bsp build ... 
TRACE::2022-02-12.19:33:10::SCWDomain::Building the domain as part of full build :  standalone_microblaze_0
TRACE::2022-02-12.19:33:10::SCWMssOS::skipping the bsp build ... 
TRACE::2022-02-12.19:33:10::SCWMssOS::Copying to export directory.
TRACE::2022-02-12.19:33:10::SCWMssOS:: Checking if to create the Supporting Applications
TRACE::2022-02-12.19:33:10::SCWMssOS:: No Linux domain exists, trying to generate FSBL 
LOG::2022-02-12.19:33:10::SCWSystem::Completed Processing the domain standalone_microblaze_0
LOG::2022-02-12.19:33:10::SCWSystem::Completed Processing the sysconfig system_wrapper
LOG::2022-02-12.19:33:10::SCWPlatform::Completed generating the artifacts for system configuration system_wrapper
TRACE::2022-02-12.19:33:10::SCWPlatform::Started preparing the platform 
TRACE::2022-02-12.19:33:10::SCWSystem::Writing the bif file for system config system_wrapper
TRACE::2022-02-12.19:33:10::SCWSystem::dir created 
TRACE::2022-02-12.19:33:10::SCWSystem::Writing the bif 
TRACE::2022-02-12.19:33:10::SCWPlatform::Started writing the spfm file 
TRACE::2022-02-12.19:33:10::SCWPlatform::Started writing the xpfm file 
TRACE::2022-02-12.19:33:10::SCWPlatform::Completed generating the platform
TRACE::2022-02-12.19:33:10::SCWMssOS::Saving the mss changes /home/pablo/Documentos/02_Maestria_en_Sistemas_Embebidos/21_Sistemas_Digitales_para_las_Comunicaciones/workspace2/micro_2/system_wrapper/microblaze_0/standalone_microblaze_0/bsp/system.mss
TRACE::2022-02-12.19:33:10::SCWMssOS::Found a swdesign opened with the mssfile.
TRACE::2022-02-12.19:33:10::SCWMssOS::Completed writemss as part of save.
TRACE::2022-02-12.19:33:10::SCWMssOS::Commit changes completed.
TRACE::2022-02-12.19:33:10::SCWPlatform::Trying to open the hw design at /home/pablo/Documentos/02_Maestria_en_Sistemas_Embebidos/21_Sistemas_Digitales_para_las_Comunicaciones/workspace2/micro_2/system_wrapper/hw/system_wrapper.xsa
TRACE::2022-02-12.19:33:10::SCWPlatform::DSA given /home/pablo/Documentos/02_Maestria_en_Sistemas_Embebidos/21_Sistemas_Digitales_para_las_Comunicaciones/workspace2/micro_2/system_wrapper/hw/system_wrapper.xsa
TRACE::2022-02-12.19:33:10::SCWPlatform::DSA absoulate path /home/pablo/Documentos/02_Maestria_en_Sistemas_Embebidos/21_Sistemas_Digitales_para_las_Comunicaciones/workspace2/micro_2/system_wrapper/hw/system_wrapper.xsa
TRACE::2022-02-12.19:33:10::SCWPlatform::DSA directory /home/pablo/Documentos/02_Maestria_en_Sistemas_Embebidos/21_Sistemas_Digitales_para_las_Comunicaciones/workspace2/micro_2/system_wrapper/hw
TRACE::2022-02-12.19:33:10::SCWPlatform:: Platform Path /home/pablo/Documentos/02_Maestria_en_Sistemas_Embebidos/21_Sistemas_Digitales_para_las_Comunicaciones/workspace2/micro_2/system_wrapper/hw/system_wrapper.xsa
TRACE::2022-02-12.19:33:10::SCWPlatform:: Unique name xilinx:arty-a7-35::0.0
TRACE::2022-02-12.19:33:10::SCWPlatform::Trying to set the existing hwdb with name system_wrapper_7
TRACE::2022-02-12.19:33:10::SCWPlatform::Opened existing hwdb system_wrapper_7
TRACE::2022-02-12.19:33:10::SCWPlatform::Found the Hw Db part of the input DSA
TRACE::2022-02-12.19:33:10::SCWMssOS::Checking the sw design at  /home/pablo/Documentos/02_Maestria_en_Sistemas_Embebidos/21_Sistemas_Digitales_para_las_Comunicaciones/workspace2/micro_2/system_wrapper/microblaze_0/standalone_microblaze_0/bsp/system.mss
TRACE::2022-02-12.19:33:10::SCWMssOS::DEBUG:  swdes dump  /home/pablo/Documentos/02_Maestria_en_Sistemas_Embebidos/21_Sistemas_Digitales_para_las_Comunicaciones/workspace2/micro_2/system_wrapper/microblaze_0/standalone_microblaze_0/bsp/system.mss|system||

TRACE::2022-02-12.19:33:10::SCWMssOS::Sw design exists and opened at  /home/pablo/Documentos/02_Maestria_en_Sistemas_Embebidos/21_Sistemas_Digitales_para_las_Comunicaciones/workspace2/micro_2/system_wrapper/microblaze_0/standalone_microblaze_0/bsp/system.mss
TRACE::2022-02-12.19:33:10::SCWPlatform::Trying to open the hw design at /home/pablo/Documentos/02_Maestria_en_Sistemas_Embebidos/21_Sistemas_Digitales_para_las_Comunicaciones/workspace2/micro_2/system_wrapper/hw/system_wrapper.xsa
TRACE::2022-02-12.19:33:10::SCWPlatform::DSA given /home/pablo/Documentos/02_Maestria_en_Sistemas_Embebidos/21_Sistemas_Digitales_para_las_Comunicaciones/workspace2/micro_2/system_wrapper/hw/system_wrapper.xsa
TRACE::2022-02-12.19:33:10::SCWPlatform::DSA absoulate path /home/pablo/Documentos/02_Maestria_en_Sistemas_Embebidos/21_Sistemas_Digitales_para_las_Comunicaciones/workspace2/micro_2/system_wrapper/hw/system_wrapper.xsa
TRACE::2022-02-12.19:33:10::SCWPlatform::DSA directory /home/pablo/Documentos/02_Maestria_en_Sistemas_Embebidos/21_Sistemas_Digitales_para_las_Comunicaciones/workspace2/micro_2/system_wrapper/hw
TRACE::2022-02-12.19:33:10::SCWPlatform:: Platform Path /home/pablo/Documentos/02_Maestria_en_Sistemas_Embebidos/21_Sistemas_Digitales_para_las_Comunicaciones/workspace2/micro_2/system_wrapper/hw/system_wrapper.xsa
TRACE::2022-02-12.19:33:10::SCWPlatform:: Unique name xilinx:arty-a7-35::0.0
TRACE::2022-02-12.19:33:10::SCWPlatform::Trying to set the existing hwdb with name system_wrapper_7
TRACE::2022-02-12.19:33:10::SCWPlatform::Opened existing hwdb system_wrapper_7
TRACE::2022-02-12.19:33:10::SCWPlatform::Found the Hw Db part of the input DSA
TRACE::2022-02-12.19:33:10::SCWMssOS::Checking the sw design at  /home/pablo/Documentos/02_Maestria_en_Sistemas_Embebidos/21_Sistemas_Digitales_para_las_Comunicaciones/workspace2/micro_2/system_wrapper/microblaze_0/standalone_microblaze_0/bsp/system.mss
TRACE::2022-02-12.19:33:10::SCWMssOS::DEBUG:  swdes dump  /home/pablo/Documentos/02_Maestria_en_Sistemas_Embebidos/21_Sistemas_Digitales_para_las_Comunicaciones/workspace2/micro_2/system_wrapper/microblaze_0/standalone_microblaze_0/bsp/system.mss|system||

TRACE::2022-02-12.19:33:10::SCWMssOS::Sw design exists and opened at  /home/pablo/Documentos/02_Maestria_en_Sistemas_Embebidos/21_Sistemas_Digitales_para_las_Comunicaciones/workspace2/micro_2/system_wrapper/microblaze_0/standalone_microblaze_0/bsp/system.mss
TRACE::2022-02-12.19:33:10::SCWPlatform::Trying to open the hw design at /home/pablo/Documentos/02_Maestria_en_Sistemas_Embebidos/21_Sistemas_Digitales_para_las_Comunicaciones/workspace2/micro_2/system_wrapper/hw/system_wrapper.xsa
TRACE::2022-02-12.19:33:10::SCWPlatform::DSA given /home/pablo/Documentos/02_Maestria_en_Sistemas_Embebidos/21_Sistemas_Digitales_para_las_Comunicaciones/workspace2/micro_2/system_wrapper/hw/system_wrapper.xsa
TRACE::2022-02-12.19:33:10::SCWPlatform::DSA absoulate path /home/pablo/Documentos/02_Maestria_en_Sistemas_Embebidos/21_Sistemas_Digitales_para_las_Comunicaciones/workspace2/micro_2/system_wrapper/hw/system_wrapper.xsa
TRACE::2022-02-12.19:33:10::SCWPlatform::DSA directory /home/pablo/Documentos/02_Maestria_en_Sistemas_Embebidos/21_Sistemas_Digitales_para_las_Comunicaciones/workspace2/micro_2/system_wrapper/hw
TRACE::2022-02-12.19:33:10::SCWPlatform:: Platform Path /home/pablo/Documentos/02_Maestria_en_Sistemas_Embebidos/21_Sistemas_Digitales_para_las_Comunicaciones/workspace2/micro_2/system_wrapper/hw/system_wrapper.xsa
TRACE::2022-02-12.19:33:10::SCWPlatform:: Unique name xilinx:arty-a7-35::0.0
TRACE::2022-02-12.19:33:10::SCWPlatform::Trying to set the existing hwdb with name system_wrapper_7
TRACE::2022-02-12.19:33:10::SCWPlatform::Opened existing hwdb system_wrapper_7
TRACE::2022-02-12.19:33:10::SCWPlatform::Found the Hw Db part of the input DSA
TRACE::2022-02-12.19:33:10::SCWMssOS::Checking the sw design at  /home/pablo/Documentos/02_Maestria_en_Sistemas_Embebidos/21_Sistemas_Digitales_para_las_Comunicaciones/workspace2/micro_2/system_wrapper/microblaze_0/standalone_microblaze_0/bsp/system.mss
TRACE::2022-02-12.19:33:10::SCWMssOS::DEBUG:  swdes dump  /home/pablo/Documentos/02_Maestria_en_Sistemas_Embebidos/21_Sistemas_Digitales_para_las_Comunicaciones/workspace2/micro_2/system_wrapper/microblaze_0/standalone_microblaze_0/bsp/system.mss|system||

TRACE::2022-02-12.19:33:10::SCWMssOS::Sw design exists and opened at  /home/pablo/Documentos/02_Maestria_en_Sistemas_Embebidos/21_Sistemas_Digitales_para_las_Comunicaciones/workspace2/micro_2/system_wrapper/microblaze_0/standalone_microblaze_0/bsp/system.mss
TRACE::2022-02-12.19:33:10::SCWWriter::formatted JSON is {
	"platformName":	"system_wrapper",
	"sprVersion":	"2.0",
	"mode":	"gui",
	"dsaType":	"Fixed",
	"platformDesc":	"system_wrapper",
	"platHandOff":	"<platformDir>.xsa",
	"platIntHandOff":	"<platformDir>/hw/system_wrapper.xsa",
	"deviceType":	"FPGA",
	"platIsPrebuiltAutogen":	"false",
	"platIsNoBootBsp":	"false",
	"hasFsblMakeHasChanges":	"false",
	"hasPmufwMakeHasChanges":	"false",
	"platPreBuiltFlag":	false,
	"platformSamplesDir":	"",
	"platActiveSys":	"system_wrapper",
	"systems":	[{
			"systemName":	"system_wrapper",
			"systemDesc":	"system_wrapper",
			"sysIsBootAutoGen":	"true",
			"systemDispName":	"system_wrapper",
			"sysActiveDom":	"standalone_microblaze_0",
			"sysDefaultDom":	"standalone_microblaze_0",
			"domains":	[{
					"domainName":	"standalone_microblaze_0",
					"domainDispName":	"standalone_microblaze_0",
					"domainDesc":	"standalone_microblaze_0",
					"processors":	"microblaze_0",
					"os":	"standalone",
					"sdxOs":	"standalone",
					"debugEnable":	"False",
					"domRuntimes":	["cpp"],
					"swRepo":	"",
					"mssOsVer":	"7.5",
					"mssFile":	"",
					"md5Digest":	"5415c844288b929e1b40c33c7f2ae25e",
					"compatibleApp":	"hello_world",
					"domType":	"mssDomain",
					"arch":	"32-bit",
					"appSettings":	{
						"appCompilerFlags":	"",
						"appLinkerFlags":	""
					},
					"addedLibs":	[],
					"libOptions":	{
						"libsContainingOptions":	[]
					},
					"prebuiltLibs":	{
						"prebuiltIncPath":	[],
						"prebuiltLibPath":	[]
					},
					"isolation":	{
					}
				}]
		}]
}
KEYINFO::2022-02-12.19:33:10::SCWPlatform::updated the xpfm file.
LOG::2022-02-12.19:35:12::SCWPlatform::Started generating the artifacts platform system_wrapper
TRACE::2022-02-12.19:35:12::SCWPlatform::Sanity checking of platform is completed
LOG::2022-02-12.19:35:12::SCWPlatform::Started generating the artifacts for system configuration system_wrapper
LOG::2022-02-12.19:35:12::SCWSystem::Checking the domain standalone_microblaze_0
LOG::2022-02-12.19:35:12::SCWSystem::Not a boot domain 
LOG::2022-02-12.19:35:12::SCWSystem::Started Processing the domain standalone_microblaze_0
TRACE::2022-02-12.19:35:12::SCWDomain::Generating domain artifcats
TRACE::2022-02-12.19:35:12::SCWMssOS::Generating standalone artifcats
TRACE::2022-02-12.19:35:12::SCWMssOS:: Copying the user libraries. 
TRACE::2022-02-12.19:35:12::SCWPlatform::Trying to open the hw design at /home/pablo/Documentos/02_Maestria_en_Sistemas_Embebidos/21_Sistemas_Digitales_para_las_Comunicaciones/workspace2/micro_2/system_wrapper/hw/system_wrapper.xsa
TRACE::2022-02-12.19:35:12::SCWPlatform::DSA given /home/pablo/Documentos/02_Maestria_en_Sistemas_Embebidos/21_Sistemas_Digitales_para_las_Comunicaciones/workspace2/micro_2/system_wrapper/hw/system_wrapper.xsa
TRACE::2022-02-12.19:35:12::SCWPlatform::DSA absoulate path /home/pablo/Documentos/02_Maestria_en_Sistemas_Embebidos/21_Sistemas_Digitales_para_las_Comunicaciones/workspace2/micro_2/system_wrapper/hw/system_wrapper.xsa
TRACE::2022-02-12.19:35:12::SCWPlatform::DSA directory /home/pablo/Documentos/02_Maestria_en_Sistemas_Embebidos/21_Sistemas_Digitales_para_las_Comunicaciones/workspace2/micro_2/system_wrapper/hw
TRACE::2022-02-12.19:35:12::SCWPlatform:: Platform Path /home/pablo/Documentos/02_Maestria_en_Sistemas_Embebidos/21_Sistemas_Digitales_para_las_Comunicaciones/workspace2/micro_2/system_wrapper/hw/system_wrapper.xsa
TRACE::2022-02-12.19:35:12::SCWPlatform:: Unique name xilinx:arty-a7-35::0.0
TRACE::2022-02-12.19:35:12::SCWPlatform::Trying to set the existing hwdb with name system_wrapper_7
TRACE::2022-02-12.19:35:12::SCWPlatform::Opened existing hwdb system_wrapper_7
TRACE::2022-02-12.19:35:12::SCWPlatform::Found the Hw Db part of the input DSA
TRACE::2022-02-12.19:35:12::SCWMssOS::Checking the sw design at  /home/pablo/Documentos/02_Maestria_en_Sistemas_Embebidos/21_Sistemas_Digitales_para_las_Comunicaciones/workspace2/micro_2/system_wrapper/microblaze_0/standalone_microblaze_0/bsp/system.mss
TRACE::2022-02-12.19:35:12::SCWMssOS::DEBUG:  swdes dump  /home/pablo/Documentos/02_Maestria_en_Sistemas_Embebidos/21_Sistemas_Digitales_para_las_Comunicaciones/workspace2/micro_2/system_wrapper/microblaze_0/standalone_microblaze_0/bsp/system.mss|system||

TRACE::2022-02-12.19:35:12::SCWMssOS::Sw design exists and opened at  /home/pablo/Documentos/02_Maestria_en_Sistemas_Embebidos/21_Sistemas_Digitales_para_las_Comunicaciones/workspace2/micro_2/system_wrapper/microblaze_0/standalone_microblaze_0/bsp/system.mss
TRACE::2022-02-12.19:35:12::SCWMssOS::Completed writing the mss file at /home/pablo/Documentos/02_Maestria_en_Sistemas_Embebidos/21_Sistemas_Digitales_para_las_Comunicaciones/workspace2/micro_2/system_wrapper/microblaze_0/standalone_microblaze_0/bsp
TRACE::2022-02-12.19:35:12::SCWMssOS::Mss edits present, copying mssfile into export location /home/pablo/Documentos/02_Maestria_en_Sistemas_Embebidos/21_Sistemas_Digitales_para_las_Comunicaciones/workspace2/micro_2/system_wrapper/microblaze_0/standalone_microblaze_0/bsp/system.mss
TRACE::2022-02-12.19:35:12::SCWMssOS::bsp generated is upto date with the mss file. Skipping bsp generation.
TRACE::2022-02-12.19:35:12::SCWMssOS::BSP is already built. skipping the bsp build ... 
TRACE::2022-02-12.19:35:12::SCWDomain::Building the domain as part of full build :  standalone_microblaze_0
TRACE::2022-02-12.19:35:12::SCWMssOS::doing bsp build ... 
TRACE::2022-02-12.19:35:12::SCWMssOS::System Command Ran  cd  /home/pablo/Documentos/02_Maestria_en_Sistemas_Embebidos/21_Sistemas_Digitales_para_las_Comunicaciones/workspace2/micro_2/system_wrapper/microblaze_0/standalone_microblaze_0/bsp ; bash -c "make  " 
TRACE::2022-02-12.19:35:12::SCWMssOS::make --no-print-directory seq_libs

TRACE::2022-02-12.19:35:12::SCWMssOS::Finished building libraries sequentially.

TRACE::2022-02-12.19:35:12::SCWMssOS::make -j 6 --no-print-directory par_libs

TRACE::2022-02-12.19:35:12::SCWMssOS::Running Make include in microblaze_0/libsrc/standalone_v7_5/src

TRACE::2022-02-12.19:35:12::SCWMssOS::make -C microblaze_0/libsrc/standalone_v7_5/src -s include  "SHELL=/bin/sh" "COMPILER=mb-gcc" "ASSEMBLER=mb-as" "ARCHIVER=mb-ar
TRACE::2022-02-12.19:35:12::SCWMssOS::" "COMPILER_FLAGS=  -O2 -c -mcpu=v11.0 -mlittle-endian -mxl-soft-mul" "EXTRA_COMPILER_FLAGS=-g -ffunction-sections -fdata-secti
TRACE::2022-02-12.19:35:12::SCWMssOS::ons -Wall -Wextra -fno-tree-loop-distribute-patterns"

TRACE::2022-02-12.19:35:12::SCWMssOS::Running Make include in microblaze_0/libsrc/cpu_v2_13/src

TRACE::2022-02-12.19:35:12::SCWMssOS::make -C microblaze_0/libsrc/cpu_v2_13/src -s include  "SHELL=/bin/sh" "COMPILER=mb-gcc" "ASSEMBLER=mb-as" "ARCHIVER=mb-ar" "COM
TRACE::2022-02-12.19:35:12::SCWMssOS::PILER_FLAGS=  -O2 -c -mcpu=v11.0 -mlittle-endian -mxl-soft-mul" "EXTRA_COMPILER_FLAGS=-g -ffunction-sections -fdata-sections -W
TRACE::2022-02-12.19:35:12::SCWMssOS::all -Wextra -fno-tree-loop-distribute-patterns"

TRACE::2022-02-12.19:35:12::SCWMssOS::Running Make include in microblaze_0/libsrc/gpio_v4_8/src

TRACE::2022-02-12.19:35:12::SCWMssOS::Running Make include in microblaze_0/libsrc/uartlite_v3_6/src

TRACE::2022-02-12.19:35:12::SCWMssOS::make -C microblaze_0/libsrc/gpio_v4_8/src -s include  "SHELL=/bin/sh" "COMPILER=mb-gcc" "ASSEMBLER=mb-as" "ARCHIVER=mb-ar" "COM
TRACE::2022-02-12.19:35:12::SCWMssOS::PILER_FLAGS=  -O2 -c -mcpu=v11.0 -mlittle-endian -mxl-soft-mul" "EXTRA_COMPILER_FLAGS=-g -ffunction-sections -fdata-sections -W
TRACE::2022-02-12.19:35:12::SCWMssOS::all -Wextra -fno-tree-loop-distribute-patterns"

TRACE::2022-02-12.19:35:12::SCWMssOS::make -C microblaze_0/libsrc/uartlite_v3_6/src -s include  "SHELL=/bin/sh" "COMPILER=mb-gcc" "ASSEMBLER=mb-as" "ARCHIVER=mb-ar" 
TRACE::2022-02-12.19:35:12::SCWMssOS::"COMPILER_FLAGS=  -O2 -c -mcpu=v11.0 -mlittle-endian -mxl-soft-mul" "EXTRA_COMPILER_FLAGS=-g -ffunction-sections -fdata-section
TRACE::2022-02-12.19:35:12::SCWMssOS::s -Wall -Wextra -fno-tree-loop-distribute-patterns"

TRACE::2022-02-12.19:35:12::SCWMssOS::Running Make include in microblaze_0/libsrc/bram_v4_6/src

TRACE::2022-02-12.19:35:12::SCWMssOS::make -C microblaze_0/libsrc/bram_v4_6/src -s include  "SHELL=/bin/sh" "COMPILER=mb-gcc" "ASSEMBLER=mb-as" "ARCHIVER=mb-ar" "COM
TRACE::2022-02-12.19:35:12::SCWMssOS::PILER_FLAGS=  -O2 -c -mcpu=v11.0 -mlittle-endian -mxl-soft-mul" "EXTRA_COMPILER_FLAGS=-g -ffunction-sections -fdata-sections -W
TRACE::2022-02-12.19:35:12::SCWMssOS::all -Wextra -fno-tree-loop-distribute-patterns"

TRACE::2022-02-12.19:35:12::SCWMssOS::Running Make libs in microblaze_0/libsrc/cpu_v2_13/src

TRACE::2022-02-12.19:35:12::SCWMssOS::Running Make libs in microblaze_0/libsrc/standalone_v7_5/src

TRACE::2022-02-12.19:35:12::SCWMssOS::make -C microblaze_0/libsrc/cpu_v2_13/src -s libs  "SHELL=/bin/sh" "COMPILER=mb-gcc" "ASSEMBLER=mb-as" "ARCHIVER=mb-ar" "COMPIL
TRACE::2022-02-12.19:35:12::SCWMssOS::ER_FLAGS=  -O2 -c -mcpu=v11.0 -mlittle-endian -mxl-soft-mul" "EXTRA_COMPILER_FLAGS=-g -ffunction-sections -fdata-sections -Wall
TRACE::2022-02-12.19:35:12::SCWMssOS:: -Wextra -fno-tree-loop-distribute-patterns"

TRACE::2022-02-12.19:35:12::SCWMssOS::make -C microblaze_0/libsrc/standalone_v7_5/src -s libs  "SHELL=/bin/sh" "COMPILER=mb-gcc" "ASSEMBLER=mb-as" "ARCHIVER=mb-ar" "
TRACE::2022-02-12.19:35:12::SCWMssOS::COMPILER_FLAGS=  -O2 -c -mcpu=v11.0 -mlittle-endian -mxl-soft-mul" "EXTRA_COMPILER_FLAGS=-g -ffunction-sections -fdata-sections
TRACE::2022-02-12.19:35:12::SCWMssOS:: -Wall -Wextra -fno-tree-loop-distribute-patterns"

TRACE::2022-02-12.19:35:12::SCWMssOS::Running Make libs in microblaze_0/libsrc/uartlite_v3_6/src

TRACE::2022-02-12.19:35:12::SCWMssOS::Running Make libs in microblaze_0/libsrc/bram_v4_6/src

TRACE::2022-02-12.19:35:12::SCWMssOS::make -C microblaze_0/libsrc/uartlite_v3_6/src -s libs  "SHELL=/bin/sh" "COMPILER=mb-gcc" "ASSEMBLER=mb-as" "ARCHIVER=mb-ar" "CO
TRACE::2022-02-12.19:35:12::SCWMssOS::MPILER_FLAGS=  -O2 -c -mcpu=v11.0 -mlittle-endian -mxl-soft-mul" "EXTRA_COMPILER_FLAGS=-g -ffunction-sections -fdata-sections -
TRACE::2022-02-12.19:35:12::SCWMssOS::Wall -Wextra -fno-tree-loop-distribute-patterns"

TRACE::2022-02-12.19:35:12::SCWMssOS::Running Make libs in microblaze_0/libsrc/gpio_v4_8/src

TRACE::2022-02-12.19:35:12::SCWMssOS::make -C microblaze_0/libsrc/bram_v4_6/src -s libs  "SHELL=/bin/sh" "COMPILER=mb-gcc" "ASSEMBLER=mb-as" "ARCHIVER=mb-ar" "COMPIL
TRACE::2022-02-12.19:35:12::SCWMssOS::ER_FLAGS=  -O2 -c -mcpu=v11.0 -mlittle-endian -mxl-soft-mul" "EXTRA_COMPILER_FLAGS=-g -ffunction-sections -fdata-sections -Wall
TRACE::2022-02-12.19:35:12::SCWMssOS:: -Wextra -fno-tree-loop-distribute-patterns"

TRACE::2022-02-12.19:35:12::SCWMssOS::make -C microblaze_0/libsrc/gpio_v4_8/src -s libs  "SHELL=/bin/sh" "COMPILER=mb-gcc" "ASSEMBLER=mb-as" "ARCHIVER=mb-ar" "COMPIL
TRACE::2022-02-12.19:35:12::SCWMssOS::ER_FLAGS=  -O2 -c -mcpu=v11.0 -mlittle-endian -mxl-soft-mul" "EXTRA_COMPILER_FLAGS=-g -ffunction-sections -fdata-sections -Wall
TRACE::2022-02-12.19:35:12::SCWMssOS:: -Wextra -fno-tree-loop-distribute-patterns"

TRACE::2022-02-12.19:35:13::SCWMssOS::DEBUG NON_LTO_OBJECTS is ../../../lib/microblaze_interrupt_handler.o

TRACE::2022-02-12.19:35:13::SCWMssOS::Finished building libraries parallelly.

TRACE::2022-02-12.19:35:13::SCWMssOS::make --no-print-directory archive

TRACE::2022-02-12.19:35:13::SCWMssOS::mb-ar -r  microblaze_0/lib/libxil.a microblaze_0/lib/xgpio_extra.o microblaze_0/lib/microblaze_enable_interrupts.o microblaze_0
TRACE::2022-02-12.19:35:13::SCWMssOS::/lib/xil_assert.o microblaze_0/lib/xgpio_sinit.o microblaze_0/lib/xil_clocking.o microblaze_0/lib/microblaze_flush_dcache.o mic
TRACE::2022-02-12.19:35:13::SCWMssOS::roblaze_0/lib/microblaze_update_icache.o microblaze_0/lib/xil_testmem.o microblaze_0/lib/xgpio.o microblaze_0/lib/xil_exception
TRACE::2022-02-12.19:35:13::SCWMssOS::.o microblaze_0/lib/microblaze_invalidate_cache_ext_range.o microblaze_0/lib/microblaze_disable_exceptions.o microblaze_0/lib/x
TRACE::2022-02-12.19:35:13::SCWMssOS::uartlite_stats.o microblaze_0/lib/xuartlite_l.o microblaze_0/lib/errno.o microblaze_0/lib/microblaze_init_dcache_range.o microb
TRACE::2022-02-12.19:35:13::SCWMssOS::laze_0/lib/xuartlite_intr.o microblaze_0/lib/xbram.o microblaze_0/lib/microblaze_enable_dcache.o microblaze_0/lib/xio.o microbl
TRACE::2022-02-12.19:35:13::SCWMssOS::aze_0/lib/microblaze_enable_exceptions.o microblaze_0/lib/microblaze_interrupts_g.o microblaze_0/lib/xbram_g.o microblaze_0/lib
TRACE::2022-02-12.19:35:13::SCWMssOS::/xil_testcache.o microblaze_0/lib/xil_util.o microblaze_0/lib/xuartlite_selftest.o microblaze_0/lib/microblaze_selftest.o micro
TRACE::2022-02-12.19:35:13::SCWMssOS::blaze_0/lib/hw_exception_handler.o microblaze_0/lib/xuartlite_sinit.o microblaze_0/lib/microblaze_sleep.o microblaze_0/lib/micr
TRACE::2022-02-12.19:35:13::SCWMssOS::oblaze_invalidate_cache_ext.o microblaze_0/lib/xuartlite_g.o microblaze_0/lib/microblaze_invalidate_dcache_range.o microblaze_0
TRACE::2022-02-12.19:35:13::SCWMssOS::/lib/xgpio_intr.o microblaze_0/lib/microblaze_invalidate_icache.o microblaze_0/lib/outbyte.o microblaze_0/lib/microblaze_flush_
TRACE::2022-02-12.19:35:13::SCWMssOS::dcache_range.o microblaze_0/lib/xil_sleepcommon.o microblaze_0/lib/xbram_intr.o microblaze_0/lib/microblaze_update_dcache.o mic
TRACE::2022-02-12.19:35:13::SCWMssOS::roblaze_0/lib/microblaze_flush_cache_ext_range.o microblaze_0/lib/xil_mem.o microblaze_0/lib/xgpio_g.o microblaze_0/lib/microbl
TRACE::2022-02-12.19:35:13::SCWMssOS::aze_disable_icache.o microblaze_0/lib/microblaze_interrupt_handler.o microblaze_0/lib/xbram_selftest.o microblaze_0/lib/microbl
TRACE::2022-02-12.19:35:13::SCWMssOS::aze_disable_interrupts.o microblaze_0/lib/microblaze_invalidate_dcache.o microblaze_0/lib/microblaze_scrub.o microblaze_0/lib/m
TRACE::2022-02-12.19:35:13::SCWMssOS::icroblaze_exception_handler.o microblaze_0/lib/inbyte.o microblaze_0/lib/xil_cache.o microblaze_0/lib/xil_misc_psreset_api.o mi
TRACE::2022-02-12.19:35:13::SCWMssOS::croblaze_0/lib/xbram_sinit.o microblaze_0/lib/microblaze_flush_cache_ext.o microblaze_0/lib/microblaze_disable_dcache.o microbl
TRACE::2022-02-12.19:35:13::SCWMssOS::aze_0/lib/xil_testio.o microblaze_0/lib/_exit.o microblaze_0/lib/print.o microblaze_0/lib/pvr.o microblaze_0/lib/xuartlite.o mi
TRACE::2022-02-12.19:35:13::SCWMssOS::croblaze_0/lib/xplatform_info.o microblaze_0/lib/microblaze_invalidate_icache_range.o microblaze_0/lib/xil_printf.o microblaze_
TRACE::2022-02-12.19:35:13::SCWMssOS::0/lib/xgpio_selftest.o microblaze_0/lib/fcntl.o microblaze_0/lib/microblaze_init_icache_range.o microblaze_0/lib/microblaze_ena
TRACE::2022-02-12.19:35:13::SCWMssOS::ble_icache.o

TRACE::2022-02-12.19:35:13::SCWMssOS::Finished building libraries

TRACE::2022-02-12.19:35:13::SCWMssOS::Copying to export directory.
TRACE::2022-02-12.19:35:13::SCWMssOS:: Checking if to create the Supporting Applications
TRACE::2022-02-12.19:35:13::SCWMssOS:: No Linux domain exists, trying to generate FSBL 
LOG::2022-02-12.19:35:13::SCWSystem::Completed Processing the domain standalone_microblaze_0
LOG::2022-02-12.19:35:13::SCWSystem::Completed Processing the sysconfig system_wrapper
LOG::2022-02-12.19:35:13::SCWPlatform::Completed generating the artifacts for system configuration system_wrapper
TRACE::2022-02-12.19:35:13::SCWPlatform::Started preparing the platform 
TRACE::2022-02-12.19:35:13::SCWSystem::Writing the bif file for system config system_wrapper
TRACE::2022-02-12.19:35:13::SCWSystem::dir created 
TRACE::2022-02-12.19:35:13::SCWSystem::Writing the bif 
TRACE::2022-02-12.19:35:13::SCWPlatform::Started writing the spfm file 
TRACE::2022-02-12.19:35:13::SCWPlatform::Started writing the xpfm file 
TRACE::2022-02-12.19:35:13::SCWPlatform::Completed generating the platform
TRACE::2022-02-12.19:35:13::SCWMssOS::Saving the mss changes /home/pablo/Documentos/02_Maestria_en_Sistemas_Embebidos/21_Sistemas_Digitales_para_las_Comunicaciones/workspace2/micro_2/system_wrapper/microblaze_0/standalone_microblaze_0/bsp/system.mss
TRACE::2022-02-12.19:35:13::SCWMssOS::Found a swdesign opened with the mssfile.
TRACE::2022-02-12.19:35:13::SCWMssOS::Completed writemss as part of save.
TRACE::2022-02-12.19:35:13::SCWMssOS::Commit changes completed.
TRACE::2022-02-12.19:35:13::SCWPlatform::Trying to open the hw design at /home/pablo/Documentos/02_Maestria_en_Sistemas_Embebidos/21_Sistemas_Digitales_para_las_Comunicaciones/workspace2/micro_2/system_wrapper/hw/system_wrapper.xsa
TRACE::2022-02-12.19:35:13::SCWPlatform::DSA given /home/pablo/Documentos/02_Maestria_en_Sistemas_Embebidos/21_Sistemas_Digitales_para_las_Comunicaciones/workspace2/micro_2/system_wrapper/hw/system_wrapper.xsa
TRACE::2022-02-12.19:35:13::SCWPlatform::DSA absoulate path /home/pablo/Documentos/02_Maestria_en_Sistemas_Embebidos/21_Sistemas_Digitales_para_las_Comunicaciones/workspace2/micro_2/system_wrapper/hw/system_wrapper.xsa
TRACE::2022-02-12.19:35:13::SCWPlatform::DSA directory /home/pablo/Documentos/02_Maestria_en_Sistemas_Embebidos/21_Sistemas_Digitales_para_las_Comunicaciones/workspace2/micro_2/system_wrapper/hw
TRACE::2022-02-12.19:35:13::SCWPlatform:: Platform Path /home/pablo/Documentos/02_Maestria_en_Sistemas_Embebidos/21_Sistemas_Digitales_para_las_Comunicaciones/workspace2/micro_2/system_wrapper/hw/system_wrapper.xsa
TRACE::2022-02-12.19:35:13::SCWPlatform:: Unique name xilinx:arty-a7-35::0.0
TRACE::2022-02-12.19:35:13::SCWPlatform::Trying to set the existing hwdb with name system_wrapper_7
TRACE::2022-02-12.19:35:13::SCWPlatform::Opened existing hwdb system_wrapper_7
TRACE::2022-02-12.19:35:13::SCWPlatform::Found the Hw Db part of the input DSA
TRACE::2022-02-12.19:35:13::SCWMssOS::Checking the sw design at  /home/pablo/Documentos/02_Maestria_en_Sistemas_Embebidos/21_Sistemas_Digitales_para_las_Comunicaciones/workspace2/micro_2/system_wrapper/microblaze_0/standalone_microblaze_0/bsp/system.mss
TRACE::2022-02-12.19:35:13::SCWMssOS::DEBUG:  swdes dump  /home/pablo/Documentos/02_Maestria_en_Sistemas_Embebidos/21_Sistemas_Digitales_para_las_Comunicaciones/workspace2/micro_2/system_wrapper/microblaze_0/standalone_microblaze_0/bsp/system.mss|system||

TRACE::2022-02-12.19:35:13::SCWMssOS::Sw design exists and opened at  /home/pablo/Documentos/02_Maestria_en_Sistemas_Embebidos/21_Sistemas_Digitales_para_las_Comunicaciones/workspace2/micro_2/system_wrapper/microblaze_0/standalone_microblaze_0/bsp/system.mss
TRACE::2022-02-12.19:35:13::SCWPlatform::Trying to open the hw design at /home/pablo/Documentos/02_Maestria_en_Sistemas_Embebidos/21_Sistemas_Digitales_para_las_Comunicaciones/workspace2/micro_2/system_wrapper/hw/system_wrapper.xsa
TRACE::2022-02-12.19:35:13::SCWPlatform::DSA given /home/pablo/Documentos/02_Maestria_en_Sistemas_Embebidos/21_Sistemas_Digitales_para_las_Comunicaciones/workspace2/micro_2/system_wrapper/hw/system_wrapper.xsa
TRACE::2022-02-12.19:35:13::SCWPlatform::DSA absoulate path /home/pablo/Documentos/02_Maestria_en_Sistemas_Embebidos/21_Sistemas_Digitales_para_las_Comunicaciones/workspace2/micro_2/system_wrapper/hw/system_wrapper.xsa
TRACE::2022-02-12.19:35:13::SCWPlatform::DSA directory /home/pablo/Documentos/02_Maestria_en_Sistemas_Embebidos/21_Sistemas_Digitales_para_las_Comunicaciones/workspace2/micro_2/system_wrapper/hw
TRACE::2022-02-12.19:35:13::SCWPlatform:: Platform Path /home/pablo/Documentos/02_Maestria_en_Sistemas_Embebidos/21_Sistemas_Digitales_para_las_Comunicaciones/workspace2/micro_2/system_wrapper/hw/system_wrapper.xsa
TRACE::2022-02-12.19:35:13::SCWPlatform:: Unique name xilinx:arty-a7-35::0.0
TRACE::2022-02-12.19:35:13::SCWPlatform::Trying to set the existing hwdb with name system_wrapper_7
TRACE::2022-02-12.19:35:13::SCWPlatform::Opened existing hwdb system_wrapper_7
TRACE::2022-02-12.19:35:13::SCWPlatform::Found the Hw Db part of the input DSA
TRACE::2022-02-12.19:35:13::SCWMssOS::Checking the sw design at  /home/pablo/Documentos/02_Maestria_en_Sistemas_Embebidos/21_Sistemas_Digitales_para_las_Comunicaciones/workspace2/micro_2/system_wrapper/microblaze_0/standalone_microblaze_0/bsp/system.mss
TRACE::2022-02-12.19:35:13::SCWMssOS::DEBUG:  swdes dump  /home/pablo/Documentos/02_Maestria_en_Sistemas_Embebidos/21_Sistemas_Digitales_para_las_Comunicaciones/workspace2/micro_2/system_wrapper/microblaze_0/standalone_microblaze_0/bsp/system.mss|system||

TRACE::2022-02-12.19:35:13::SCWMssOS::Sw design exists and opened at  /home/pablo/Documentos/02_Maestria_en_Sistemas_Embebidos/21_Sistemas_Digitales_para_las_Comunicaciones/workspace2/micro_2/system_wrapper/microblaze_0/standalone_microblaze_0/bsp/system.mss
TRACE::2022-02-12.19:35:13::SCWPlatform::Trying to open the hw design at /home/pablo/Documentos/02_Maestria_en_Sistemas_Embebidos/21_Sistemas_Digitales_para_las_Comunicaciones/workspace2/micro_2/system_wrapper/hw/system_wrapper.xsa
TRACE::2022-02-12.19:35:13::SCWPlatform::DSA given /home/pablo/Documentos/02_Maestria_en_Sistemas_Embebidos/21_Sistemas_Digitales_para_las_Comunicaciones/workspace2/micro_2/system_wrapper/hw/system_wrapper.xsa
TRACE::2022-02-12.19:35:13::SCWPlatform::DSA absoulate path /home/pablo/Documentos/02_Maestria_en_Sistemas_Embebidos/21_Sistemas_Digitales_para_las_Comunicaciones/workspace2/micro_2/system_wrapper/hw/system_wrapper.xsa
TRACE::2022-02-12.19:35:13::SCWPlatform::DSA directory /home/pablo/Documentos/02_Maestria_en_Sistemas_Embebidos/21_Sistemas_Digitales_para_las_Comunicaciones/workspace2/micro_2/system_wrapper/hw
TRACE::2022-02-12.19:35:13::SCWPlatform:: Platform Path /home/pablo/Documentos/02_Maestria_en_Sistemas_Embebidos/21_Sistemas_Digitales_para_las_Comunicaciones/workspace2/micro_2/system_wrapper/hw/system_wrapper.xsa
TRACE::2022-02-12.19:35:13::SCWPlatform:: Unique name xilinx:arty-a7-35::0.0
TRACE::2022-02-12.19:35:13::SCWPlatform::Trying to set the existing hwdb with name system_wrapper_7
TRACE::2022-02-12.19:35:13::SCWPlatform::Opened existing hwdb system_wrapper_7
TRACE::2022-02-12.19:35:13::SCWPlatform::Found the Hw Db part of the input DSA
TRACE::2022-02-12.19:35:13::SCWMssOS::Checking the sw design at  /home/pablo/Documentos/02_Maestria_en_Sistemas_Embebidos/21_Sistemas_Digitales_para_las_Comunicaciones/workspace2/micro_2/system_wrapper/microblaze_0/standalone_microblaze_0/bsp/system.mss
TRACE::2022-02-12.19:35:13::SCWMssOS::DEBUG:  swdes dump  /home/pablo/Documentos/02_Maestria_en_Sistemas_Embebidos/21_Sistemas_Digitales_para_las_Comunicaciones/workspace2/micro_2/system_wrapper/microblaze_0/standalone_microblaze_0/bsp/system.mss|system||

TRACE::2022-02-12.19:35:13::SCWMssOS::Sw design exists and opened at  /home/pablo/Documentos/02_Maestria_en_Sistemas_Embebidos/21_Sistemas_Digitales_para_las_Comunicaciones/workspace2/micro_2/system_wrapper/microblaze_0/standalone_microblaze_0/bsp/system.mss
TRACE::2022-02-12.19:35:13::SCWWriter::formatted JSON is {
	"platformName":	"system_wrapper",
	"sprVersion":	"2.0",
	"mode":	"gui",
	"dsaType":	"Fixed",
	"platformDesc":	"system_wrapper",
	"platHandOff":	"<platformDir>.xsa",
	"platIntHandOff":	"<platformDir>/hw/system_wrapper.xsa",
	"deviceType":	"FPGA",
	"platIsPrebuiltAutogen":	"false",
	"platIsNoBootBsp":	"false",
	"hasFsblMakeHasChanges":	"false",
	"hasPmufwMakeHasChanges":	"false",
	"platPreBuiltFlag":	false,
	"platformSamplesDir":	"",
	"platActiveSys":	"system_wrapper",
	"systems":	[{
			"systemName":	"system_wrapper",
			"systemDesc":	"system_wrapper",
			"sysIsBootAutoGen":	"true",
			"systemDispName":	"system_wrapper",
			"sysActiveDom":	"standalone_microblaze_0",
			"sysDefaultDom":	"standalone_microblaze_0",
			"domains":	[{
					"domainName":	"standalone_microblaze_0",
					"domainDispName":	"standalone_microblaze_0",
					"domainDesc":	"standalone_microblaze_0",
					"processors":	"microblaze_0",
					"os":	"standalone",
					"sdxOs":	"standalone",
					"debugEnable":	"False",
					"domRuntimes":	["cpp"],
					"swRepo":	"",
					"mssOsVer":	"7.5",
					"mssFile":	"",
					"md5Digest":	"5415c844288b929e1b40c33c7f2ae25e",
					"compatibleApp":	"hello_world",
					"domType":	"mssDomain",
					"arch":	"32-bit",
					"appSettings":	{
						"appCompilerFlags":	"",
						"appLinkerFlags":	""
					},
					"addedLibs":	[],
					"libOptions":	{
						"libsContainingOptions":	[]
					},
					"prebuiltLibs":	{
						"prebuiltIncPath":	[],
						"prebuiltLibPath":	[]
					},
					"isolation":	{
					}
				}]
		}]
}
KEYINFO::2022-02-12.19:35:13::SCWPlatform::updated the xpfm file.
TRACE::2022-02-12.19:35:14::SCWPlatform::Trying to open the hw design at /home/pablo/Documentos/02_Maestria_en_Sistemas_Embebidos/21_Sistemas_Digitales_para_las_Comunicaciones/workspace2/micro_2/system_wrapper/hw/system_wrapper.xsa
TRACE::2022-02-12.19:35:14::SCWPlatform::DSA given /home/pablo/Documentos/02_Maestria_en_Sistemas_Embebidos/21_Sistemas_Digitales_para_las_Comunicaciones/workspace2/micro_2/system_wrapper/hw/system_wrapper.xsa
TRACE::2022-02-12.19:35:14::SCWPlatform::DSA absoulate path /home/pablo/Documentos/02_Maestria_en_Sistemas_Embebidos/21_Sistemas_Digitales_para_las_Comunicaciones/workspace2/micro_2/system_wrapper/hw/system_wrapper.xsa
TRACE::2022-02-12.19:35:14::SCWPlatform::DSA directory /home/pablo/Documentos/02_Maestria_en_Sistemas_Embebidos/21_Sistemas_Digitales_para_las_Comunicaciones/workspace2/micro_2/system_wrapper/hw
TRACE::2022-02-12.19:35:14::SCWPlatform:: Platform Path /home/pablo/Documentos/02_Maestria_en_Sistemas_Embebidos/21_Sistemas_Digitales_para_las_Comunicaciones/workspace2/micro_2/system_wrapper/hw/system_wrapper.xsa
TRACE::2022-02-12.19:35:14::SCWPlatform:: Unique name xilinx:arty-a7-35::0.0
TRACE::2022-02-12.19:35:14::SCWPlatform::Trying to set the existing hwdb with name system_wrapper_7
TRACE::2022-02-12.19:35:14::SCWPlatform::Opened existing hwdb system_wrapper_7
TRACE::2022-02-12.19:35:14::SCWPlatform::Found the Hw Db part of the input DSA
TRACE::2022-02-12.19:35:14::SCWMssOS::Checking the sw design at  /home/pablo/Documentos/02_Maestria_en_Sistemas_Embebidos/21_Sistemas_Digitales_para_las_Comunicaciones/workspace2/micro_2/system_wrapper/microblaze_0/standalone_microblaze_0/bsp/system.mss
TRACE::2022-02-12.19:35:14::SCWMssOS::DEBUG:  swdes dump  /home/pablo/Documentos/02_Maestria_en_Sistemas_Embebidos/21_Sistemas_Digitales_para_las_Comunicaciones/workspace2/micro_2/system_wrapper/microblaze_0/standalone_microblaze_0/bsp/system.mss|system||

TRACE::2022-02-12.19:35:14::SCWMssOS::Sw design exists and opened at  /home/pablo/Documentos/02_Maestria_en_Sistemas_Embebidos/21_Sistemas_Digitales_para_las_Comunicaciones/workspace2/micro_2/system_wrapper/microblaze_0/standalone_microblaze_0/bsp/system.mss
